<?xml version="1.0" encoding="UTF-8"?>
<robot generator="Robot 7.2.2 (Python 3.13.3 on darwin)" generated="2026-01-28T11:11:35.274964" rpa="false" schemaversion="5">
<suite id="s1" name="Number4" source="/Users/pimphet/Documents/TTB test/TTB testapp/number4.robot">
<test id="s1-t1" name="1. Get user profile success" line="14">
<kw name="Create Session" owner="RequestsLibrary">
<msg time="2026-01-28T11:11:35.397221" level="INFO">Creating Session using : alias=Api, url=https://reqres.in/, headers={},                     cookies={}, auth=None, timeout=None, proxies=None, verify=False,                     debug=0 </msg>
<arg>Api</arg>
<arg>${BaseUrl}</arg>
<doc>Create Session: create a HTTP session to a server</doc>
<status status="PASS" start="2026-01-28T11:11:35.397126" elapsed="0.000178"/>
</kw>
<kw name="Get Request" owner="RequestsLibrary">
<msg time="2026-01-28T11:11:35.397402" level="WARN">Keyword 'RequestsLibrary.Get Request' is deprecated. Please use `GET On Session` instead.</msg>
<msg time="2026-01-28T11:11:35.520240" level="INFO">GET Request : url=https://reqres.in/api/users/12 
 path_url=/api/users/12 
 headers={'User-Agent': 'python-requests/2.32.5', 'Accept-Encoding': 'gzip, deflate', 'Accept': '*/*', 'Connection': 'keep-alive'} 
 body=None 
 </msg>
<msg time="2026-01-28T11:11:35.520344" level="INFO">GET Response : url=https://reqres.in/api/users/12 
 status=403, reason=Forbidden 
 headers={'Date': 'Wed, 28 Jan 2026 04:11:35 GMT', 'Content-Type': 'text/html; charset=UTF-8', 'Transfer-Encoding': 'chunked', 'Connection': 'close', 'accept-ch': 'Sec-CH-UA-Bitness, Sec-CH-UA-Arch, Sec-CH-UA-Full-Version, Sec-CH-UA-Mobile, Sec-CH-UA-Model, Sec-CH-UA-Platform-Version, Sec-CH-UA-Full-Version-List, Sec-CH-UA-Platform, Sec-CH-UA, UA-Bitness, UA-Arch, UA-Full-Version, UA-Mobile, UA-Model, UA-Platform-Version, UA-Platform, UA', 'cf-mitigated': 'challenge', 'critical-ch': 'Sec-CH-UA-Bitness, Sec-CH-UA-Arch, Sec-CH-UA-Full-Version, Sec-CH-UA-Mobile, Sec-CH-UA-Model, Sec-CH-UA-Platform-Version, Sec-CH-UA-Full-Version-List, Sec-CH-UA-Platform, Sec-CH-UA, UA-Bitness, UA-Arch, UA-Full-Version, UA-Mobile, UA-Model, UA-Platform-Version, UA-Platform, UA', 'cross-origin-embedder-policy': 'require-corp', 'cross-origin-opener-policy': 'same-origin', 'cross-origin-resource-policy': 'same-origin', 'origin-agent-cluster': '?1', 'permissions-policy': 'accelerometer=(),browsing-topics=(),camera=(),clipboard-read=(),clipboard-write=(),geolocation=(),gyroscope=(),hid=(),interest-cohort=(),magnetometer=(),microphone=(),payment=(),publickey-credentials-get=(),screen-wake-lock=(),serial=(),sync-xhr=(),usb=()', 'referrer-policy': 'same-origin', 'server-timing': 'chlray;desc="9c4da58c8a607b4a"', 'x-content-type-options': 'nosniff', 'x-frame-options': 'SAMEORIGIN', 'Cache-Control': 'private, max-age=0, no-store, no-cache, must-revalidate, post-check=0, pre-check=0', 'Expires': 'Thu, 01 Jan 1970 00:00:01 GMT', 'Report-To': '{"endpoints":[{"url":"https:\\/\\/a.nel.cloudflare.com\\/report\\/v4?s=xzBMs3Q8dDVq3Hg%2FcLMXpWBYbge9pRkKDUUpFPFG6VDiLDZ99YBM9gKbaa55XNVhAjIebDU2cPKWV%2FutWo5rqU1vDnTEKnb6HyWGgkFe3VTUKLBRqTJmHXhb2Ie%2BzMxVhyyWqVH93w%3D%3D"}],"group":"cf-nel","max_age":604800}', 'NEL': '{"success_fraction":0,"report_to":"cf-nel","max_age":604800}', 'Vary': 'Accept-Encoding', 'Server': 'cloudflare', 'CF-RAY': '9c4da58c8a607b4a-BKK', 'Content-Encoding': 'gzip'} 
 body=&lt;!DOCTYPE html&gt;&lt;html lang="en-US"&gt;&lt;head&gt;&lt;title&gt;Just a moment...&lt;/title&gt;&lt;meta http-equiv="Content-Type" content="text/html; charset=UTF-8"&gt;&lt;meta http-equiv="X-UA-Compatible" content="IE=Edge"&gt;&lt;meta name="robots" content="noindex,nofollow"&gt;&lt;meta name="viewport" content="width=device-width,initial-scale=1"&gt;&lt;style&gt;*{box-sizing:border-box;margin:0;padding:0}html{line-height:1.15;-webkit-text-size-adjust:100%;color:#313131;font-family:system-ui,-apple-system,BlinkMacSystemFont,"Segoe UI",Roboto,"Helvetica Neue",Arial,"Noto Sans",sans-serif,"Apple Color Emoji","Segoe UI Emoji","Segoe UI Symbol","Noto Color Emoji"}body{display:flex;flex-direction:column;height:100vh;min-height:100vh}.main-content{margin:8rem auto;padding-left:1.5rem;max-width:60rem}@media (width &lt;= 720px){.main-content{margin-top:4rem}}.h2{line-height:2.25rem;font-size:1.5rem;font-weight:500}@media (width &lt;= 720px){.h2{line-height:1.5rem;font-size:1.25rem}}#challenge-error-text{background-image:url("data:image/svg+xml;base64,PHN2ZyB4bWxucz0iaHR0cDovL3d3dy53My5vcmcvMjAwMC9zdmciIHdpZHRoPSIzMiIgaGVpZ2h0PSIzMiIgZmlsbD0ibm9uZSI+PHBhdGggZmlsbD0iI0IyMEYwMyIgZD0iTTE2IDNhMTMgMTMgMCAxIDAgMTMgMTNBMTMuMDE1IDEzLjAxNSAwIDAgMCAxNiAzbTAgMjRhMTEgMTEgMCAxIDEgMTEtMTEgMTEuMDEgMTEuMDEgMCAwIDEtMTEgMTEiLz48cGF0aCBmaWxsPSIjQjIwRjAzIiBkPSJNMTcuMDM4IDE4LjYxNUgxNC44N0wxNC41NjMgOS41aDIuNzgzem0tMS4wODQgMS40MjdxLjY2IDAgMS4wNTcuMzg4LjQwNy4zODkuNDA3Ljk5NCAwIC41OTYtLjQwNy45ODQtLjM5Ny4zOS0xLjA1Ny4zODktLjY1IDAtMS4wNTYtLjM4OS0uMzk4LS4zODktLjM5OC0uOTg0IDAtLjU5Ny4zOTgtLjk4NS40MDYtLjM5NyAxLjA1Ni0uMzk3Ii8+PC9zdmc+");background-repeat:no-repeat;background-size:contain;padding-left:34px}@media (prefers-color-scheme: dark){body{background-color:#222;color:#d9d9d9}}&lt;/style&gt;&lt;meta http-equiv="refresh" content="360"&gt;&lt;/head&gt;&lt;body&gt;&lt;div class="main-wrapper" role="main"&gt;&lt;div class="main-content"&gt;&lt;noscript&gt;&lt;div class="h2"&gt;&lt;span id="challenge-error-text"&gt;Enable JavaScript and cookies to continue&lt;/span&gt;&lt;/div&gt;&lt;/noscript&gt;&lt;/div&gt;&lt;/div&gt;&lt;script&gt;(function(){window._cf_chl_opt = {cvId: '3',cZone: 'reqres.in',cType: 'managed',cRay: '9c4da58c8a607b4a',cH: 'qTAn5YMjl9eDemNDp99c08iFo_BWCVFEdV7McGmRceA-1769573495-1.2.1.1-vYIh.FcRCDJiVqR3DhEbUmSd4fS6mBUxn5il3EFW_Hs7yRgwAcYlbZT6_3Y73JfC',cUPMDTk:"\/api\/users\/12?__cf_chl_tk=iiRFxehY68cW3pomBGk7w1WtSWAmnVG89QOLFxMV4TY-1769573495-1.0.1.1-aTX8rvJE5v70RJDotIcbpdKHcJjTh954fUXX0rnFGq4",cFPWv: 'b',cITimeS: '1769573495',cTplC:0,cTplV:5,cTplB: '0',fa:"\/api\/users\/12?__cf_chl_f_tk=iiRFxehY68cW3pomBGk7w1WtSWAmnVG89QOLFxMV4TY-1769573495-1.0.1.1-aTX8rvJE5v70RJDotIcbpdKHcJjTh954fUXX0rnFGq4",md: 'Gve4cEobddkYdkANdIeqDuWkk2O.csZnJNSeWhefpks-1769573495-1.2.1.1-Re1XQ5OvlX8mfOqZ8Y7WJaIWQTgnfYyc8OW4SBBNFeWM1WQbSYX9VM5pGyKe3FZBkKuzLAvj36CAEVoI_bVsS3eYaRPNxpgpJoRbZr7xhmM5Eg0sI4axXQIBMG6v082HGqUAr9YDBwJ6llgfFfjcX6NuOyM43.YvfS72s6dUoU6w4OmKHYVSF_xxqUZJsK0VTgnmkB211YQ1SQtkqcttiVlJQscf170pJAcCihWAStyk9FTqINTYkSVwRLB.uCAjimq.vwHRPH9JycWNK5LVGIbDSZihDi3KuhsNz33Na3admkDqVeMNSHybjvRnSkfZ2Lczpj7QRNUboKGK8XnJBrOVypzFHShe4_YOtkBeZSyqDHXYD08ToieQYBKSr.bNlLHii9gUKS5frTS0zsTLBXG.3dPPN2fNE3zfwcRVE4Sg3s9Z0Eu0qtIvXvGUOpa3FedfNQBDzoFXykZ40h05jVe_h5j4xfAacR6.W0kWwbtINf5DFxC.L2FYU1iPiNJaIYuf9wRcOCl3HewCbO.p4d9GfUncpRusOAFhoywxwQFgoqMJ8I1GqUyIDpz4zW5Zz3zOjue4fwGdqIVqn1Oe4kGZ44GCvh52l3g70bXxEz_xhDNZSQyDPxcusgQSWIvoQ1msNE8IQcjWEybbzSsKgIb8ChCbg.47Z9G2PjdgeEP76S260y28PRF1OHBOyMti2HWuAiZCbZEgBd6MkLLGYzZY4ipbCNvzw9Xhk1i0cO9EeL9zElGG5wwDVvctGRqAkSAtGG0DvCTdXmTfqpcPtJAfNUH5bmBGirZul1o0mWsMSqZAjSdpSTGzNaOT_tMKf5Nr2DQGpBAtZm0Y2mC_IkmEp9WwkxSjAmQ9tey3tB5wR0BKzQAhVFl_d2Q23VC05wZFu7kz1d9cT.aYuyAm2UYc.kq6CIqsyeiaMiWKcdgJFW2.NSYVyYEYsAb.82al1nUHY9O6_HC1LFrUsnojew',mdrd: 'P55PD48sWtb2S9N3PCIxQ3Jg.q5kn33ap1xJGrSHN5o-1769573495-1.2.1.1-VBTWhTF4t8qee9vla3LlXt4YVW5y7Zqryapt.nyM.Je48N.c7Z2o6yg3xv.ftjexDefPQwmWdNQX.bPmn8e6U92o0BOG0qXAzefKG7UIUaWN31UmFQSXAMWGZVYDNS2KzZRQjQORPDg3ciJMI3NSYWio6jvMjDTkQ4..gfOoFS6IuypsmqMn50DFKrXd5UQvG1sOUbxWOtkSg2PDY6UwREEKJXhvyzVJZ.EufjG3mHfOYCVWNwAdxM9ZxHHPBKR5wua7vXVilWJJiSw5PKug5zn.2eRB_xrXhOS88zUCnmJDUzMoRz7JpJ7oP.KMZMCA93kvKoC0ZTjgpPn77pMB1J72UMK73fBsFjK2NJ1QhVsHxtPLkYdgwNTojQl7T5yg.jyQxhXcZ27329iF1GhFqW1g5VFuH5xGLlHAUoQfrU2wuITmGsh9hg5iYU18j_8cxB2NPQmvVEgm1ZAW4daZKoIVMib4pEhWJ97iRYq8Y25RDgnh2nMXJU46hBgIob.D8jAXuk85ZSSJmmEXOCyWCbUfFZb3gH__mDgIAjfow1gqeXl0AmH1j37I9JC1VO5VH3n1p3dcAChLiH2rR4PQ9w.RMwKQU_SO78ep0FXC2x5L48NJtar1657RLjqmMcXcADE.1aA7f3t.OBSzwl1YIi7S3bM9C._wAgI6ke4x5yFjxvVKNzAaYzAmjhRQjydeFf2UnO.GIfXJ3BS.GgYqW1yWwnoCDUb4Iaa88yRlZ2G8n8MR7X4qnbp5j46Hj6pYle7R.USJWsriVOb9YByIDO.mshf3mHXE1auE.d4e4.Pt4g9_HCXHE2HO2wKe_O3HfC8s6Dl.XUQ81ZtmI2d7v0jsDsx057My3vrRSPPFByuNmUg2_purjfRYr0av9wFO5ikK0OTSe664LkXNh3t.K_KSqIO9OvedQ77FafwAObjsq8spu06BTDpLWWuz31gurOfwDx986umtTUfwfS7_bTptYunbqJWXkjKJIOcY2GA5jF3wFkA.Diwetot8xuDgN1OMM4xWAvhiwlaNfeLmvq7h03_.TKoIyUO2HDJNVPxTRc7jcWzTm.W4nFBaYmCHuFbOESrPO.eso7XmqIlRKqRq46_M0_MLD49244QXVHtRLQW.h_mSqdSg13BADKFFcSuV.8pIAMeXbGwX5wliT0IqOe7tWQtMHaXTMJgyfEslATcnZaaVZFYE7aYOxRLl7W3FMAiwvmWjS0aQKmnD4hMFVNM63gfCQoS9vq2Ze.LIeaCVtWU45tRgZE2IB4viLyMPf4MVTHdCym0pNR7Rnjbnn.ugD_A_Ct5_lJDO3.2V.0Uv3uOXNOSi70ml6slkvSj.spL6SGvPX8racuB2RPZFPR2Vd3XeY6Q9nF3xVJtVpnmEj_5Gm9ms.hWwnMwPmwPA.gQ52qll_QTvJl68cb3Rte77o6iYWNn4yYxv0C.dJ_CeJCqRmnNvFth0Cwwn7XT7dh0KrH.IF11lKnALJM62qcsL..j3MFtnZvimQKVR6nL7kHaVRpKsW80fT45s3k0FceibfVgvGopGpHppiFjxB2L359Yrn7IK63z9A6Lq1dW75gjT8oWPENOSgFBBLya2KUguZHPntJuNbQe8umoX8xbaEKHOf_Mopb71qkknPNfeqpJghODeTp_Xunv9ppHdbaYOES1q_8vXIIXDBvy757edV5eVbykHrQjHpEQSZeMdEBVgq5RLeVCJUgUTV.76cxmkaHXrxIM7cQxROR5YP6Y791YWeMn.3wj0hWE59rAI4WhfUBLHVWyLS_nSlTPt9LhPgwaqYCuChdT22bN_vdcGwbH_PVPsQqO7K7qXiqkzkWoFDjDBEdi_UPK8tXudogOLssWObst6PIHalappJkcmqszV9wdmpV6X_KMjtJ4RUb_6aH7_qIvapYiDj_2uNZi7ZhgUX36.0mPucznEF5IRg1N0bCZwDL9zrT8BmWogiPg7HfA9m0CBrjnzewcnsmd3fbt63ooak9ovo2VyC6tLMMRbAfILSQPJEYx4jllejf.U_p4fszzUCxpXOfATr1gRRi4p8IVgsMIWrpGSQIntxIPoWH4HAN6FoMg3e9adU1a2jwyZxmdWN0tEiQbbp9EcVo06r4oYUri7rIXpPV7zCItS7mNZRLWklaiQm8ywiJAEI.5ywfweo_yiSDJxC6s8DRhKWrNMOanFBFNFkbTP3RWFkodlIMGtDZUXGDGskbVYHU05y0dI1Dq_ggwp48iy8lGXpmJMyuG.EnBN5QxPwN8onNEIDMMno.OCcKx2_Y0PzNe3LGlmF.LE0Ic4.BveFgtHiMhA6MFBy5WcSra9ILJy97.u8qpOK0rEX6BVW.lA5lWxBJU9oqaV9FOXBnYKDEi_zORvXmVA5tV0.LEuiDbzUF0jLeDISuM',};var a = document.createElement('script');a.src = '/cdn-cgi/challenge-platform/h/b/orchestrate/chl_page/v1?ray=9c4da58c8a607b4a';window._cf_chl_opt.cOgUHash = location.hash === '' &amp;&amp; location.href.indexOf('#') !== -1 ? '#' : location.hash;window._cf_chl_opt.cOgUQuery = location.search === '' &amp;&amp; location.href.slice(0, location.href.length - window._cf_chl_opt.cOgUHash.length).indexOf('?') !== -1 ? '?' : location.search;if (window.history &amp;&amp; window.history.replaceState) {var ogU = location.pathname + window._cf_chl_opt.cOgUQuery + window._cf_chl_opt.cOgUHash;history.replaceState(null, null,"\/api\/users\/12?__cf_chl_rt_tk=iiRFxehY68cW3pomBGk7w1WtSWAmnVG89QOLFxMV4TY-1769573495-1.0.1.1-aTX8rvJE5v70RJDotIcbpdKHcJjTh954fUXX0rnFGq4"+ window._cf_chl_opt.cOgUHash);a.onload = function() {history.replaceState(null, null, ogU);}}document.getElementsByTagName('head')[0].appendChild(a);}());&lt;/script&gt;&lt;/body&gt;&lt;/html&gt; 
 </msg>
<msg time="2026-01-28T11:11:35.520512" level="INFO">/Library/Frameworks/Python.framework/Versions/3.13/lib/python3.13/site-packages/urllib3/connectionpool.py:1097: InsecureRequestWarning: Unverified HTTPS request is being made to host 'reqres.in'. Adding certificate verification is strongly advised. See: https://urllib3.readthedocs.io/en/latest/advanced-usage.html#tls-warnings
  warnings.warn(</msg>
<msg time="2026-01-28T11:11:35.520605" level="INFO">${resp} = &lt;Response [403]&gt;</msg>
<var>${resp}</var>
<arg>Api</arg>
<arg>${CorrectApipath}</arg>
<doc>*DEPRECATED* Please use `GET On Session` instead.</doc>
<status status="PASS" start="2026-01-28T11:11:35.397386" elapsed="0.123239"/>
</kw>
<kw name="Status Should Be" owner="RequestsLibrary">
<msg time="2026-01-28T11:11:35.520952" level="FAIL">Url: https://reqres.in/api/users/12 Expected status: 403 != 200</msg>
<arg>200</arg>
<arg>${resp}</arg>
<doc>Fails if response status code is different than the expected.</doc>
<status status="FAIL" start="2026-01-28T11:11:35.520764" elapsed="0.001184">Url: https://reqres.in/api/users/12 Expected status: 403 != 200</status>
</kw>
<kw name="Set Variable" owner="BuiltIn">
<var>${respJson}</var>
<arg>${resp.json()}</arg>
<doc>Returns the given values which can then be assigned to a variables.</doc>
<status status="NOT RUN" start="2026-01-28T11:11:35.522047" elapsed="0.000018"/>
</kw>
<kw name="Should Be Equal As Integers" owner="BuiltIn">
<arg>${respJson['data']['id']}</arg>
<arg>12</arg>
<doc>Fails if objects are unequal after converting them to integers.</doc>
<status status="NOT RUN" start="2026-01-28T11:11:35.522126" elapsed="0.000012"/>
</kw>
<kw name="Should Be Equal As Strings" owner="BuiltIn">
<arg>${respJson['data']['email']}</arg>
<arg>rachel.howell@reqres.in</arg>
<doc>Fails if objects are unequal after converting them to strings.</doc>
<status status="NOT RUN" start="2026-01-28T11:11:35.522189" elapsed="0.000010"/>
</kw>
<kw name="Should Be Equal As Strings" owner="BuiltIn">
<arg>${respJson['data']['first_name']}</arg>
<arg>Rachel</arg>
<doc>Fails if objects are unequal after converting them to strings.</doc>
<status status="NOT RUN" start="2026-01-28T11:11:35.522244" elapsed="0.000010"/>
</kw>
<kw name="Should Be Equal As Strings" owner="BuiltIn">
<arg>${respJson['data']['last_name']}</arg>
<arg>Howell</arg>
<doc>Fails if objects are unequal after converting them to strings.</doc>
<status status="NOT RUN" start="2026-01-28T11:11:35.522295" elapsed="0.000010"/>
</kw>
<kw name="Should Be Equal As Strings" owner="BuiltIn">
<arg>${respJson['data']['avatar']}</arg>
<arg>https://reqres.in/img/faces/12-image.jpg</arg>
<doc>Fails if objects are unequal after converting them to strings.</doc>
<status status="NOT RUN" start="2026-01-28T11:11:35.522350" elapsed="0.000008"/>
</kw>
<status status="FAIL" start="2026-01-28T11:11:35.396687" elapsed="0.125759">Url: https://reqres.in/api/users/12 Expected status: 403 != 200</status>
</test>
<test id="s1-t2" name="2. Get user profile but user not found" line="25">
<kw name="Create Session" owner="RequestsLibrary">
<msg time="2026-01-28T11:11:35.522790" level="INFO">Creating Session using : alias=Api, url=https://reqres.in/, headers={},                     cookies={}, auth=None, timeout=None, proxies=None, verify=False,                     debug=0 </msg>
<arg>Api</arg>
<arg>${BaseUrl}</arg>
<doc>Create Session: create a HTTP session to a server</doc>
<status status="PASS" start="2026-01-28T11:11:35.522717" elapsed="0.000423"/>
</kw>
<kw name="Get Request" owner="RequestsLibrary">
<msg time="2026-01-28T11:11:35.523222" level="WARN">Keyword 'RequestsLibrary.Get Request' is deprecated. Please use `GET On Session` instead.</msg>
<msg time="2026-01-28T11:11:35.606521" level="INFO">GET Request : url=https://reqres.in/api/users/1234 
 path_url=/api/users/1234 
 headers={'User-Agent': 'python-requests/2.32.5', 'Accept-Encoding': 'gzip, deflate', 'Accept': '*/*', 'Connection': 'keep-alive'} 
 body=None 
 </msg>
<msg time="2026-01-28T11:11:35.606598" level="INFO">GET Response : url=https://reqres.in/api/users/1234 
 status=403, reason=Forbidden 
 headers={'Date': 'Wed, 28 Jan 2026 04:11:35 GMT', 'Content-Type': 'text/html; charset=UTF-8', 'Transfer-Encoding': 'chunked', 'Connection': 'close', 'accept-ch': 'Sec-CH-UA-Bitness, Sec-CH-UA-Arch, Sec-CH-UA-Full-Version, Sec-CH-UA-Mobile, Sec-CH-UA-Model, Sec-CH-UA-Platform-Version, Sec-CH-UA-Full-Version-List, Sec-CH-UA-Platform, Sec-CH-UA, UA-Bitness, UA-Arch, UA-Full-Version, UA-Mobile, UA-Model, UA-Platform-Version, UA-Platform, UA', 'cf-mitigated': 'challenge', 'critical-ch': 'Sec-CH-UA-Bitness, Sec-CH-UA-Arch, Sec-CH-UA-Full-Version, Sec-CH-UA-Mobile, Sec-CH-UA-Model, Sec-CH-UA-Platform-Version, Sec-CH-UA-Full-Version-List, Sec-CH-UA-Platform, Sec-CH-UA, UA-Bitness, UA-Arch, UA-Full-Version, UA-Mobile, UA-Model, UA-Platform-Version, UA-Platform, UA', 'cross-origin-embedder-policy': 'require-corp', 'cross-origin-opener-policy': 'same-origin', 'cross-origin-resource-policy': 'same-origin', 'origin-agent-cluster': '?1', 'permissions-policy': 'accelerometer=(),browsing-topics=(),camera=(),clipboard-read=(),clipboard-write=(),geolocation=(),gyroscope=(),hid=(),interest-cohort=(),magnetometer=(),microphone=(),payment=(),publickey-credentials-get=(),screen-wake-lock=(),serial=(),sync-xhr=(),usb=()', 'referrer-policy': 'same-origin', 'server-timing': 'chlray;desc="9c4da58d1b137b4a"', 'x-content-type-options': 'nosniff', 'x-frame-options': 'SAMEORIGIN', 'Cache-Control': 'private, max-age=0, no-store, no-cache, must-revalidate, post-check=0, pre-check=0', 'Expires': 'Thu, 01 Jan 1970 00:00:01 GMT', 'Report-To': '{"endpoints":[{"url":"https:\\/\\/a.nel.cloudflare.com\\/report\\/v4?s=Lqa8yEEk4tIzlAmYAGoPYko%2B6M82RxGo1BzNMyqM4wYDj%2B64%2FMGqaO3tJ5DorqE5UhH22GVnkeDFj82sdVwnyaoEXo760d1yb1xfkFHgFmgYW%2BIHUrKa1oHXSQcZ2ZAhUnK8Gvhl5Q%3D%3D"}],"group":"cf-nel","max_age":604800}', 'NEL': '{"success_fraction":0,"report_to":"cf-nel","max_age":604800}', 'Vary': 'Accept-Encoding', 'Server': 'cloudflare', 'CF-RAY': '9c4da58d1b137b4a-BKK', 'Content-Encoding': 'gzip'} 
 body=&lt;!DOCTYPE html&gt;&lt;html lang="en-US"&gt;&lt;head&gt;&lt;title&gt;Just a moment...&lt;/title&gt;&lt;meta http-equiv="Content-Type" content="text/html; charset=UTF-8"&gt;&lt;meta http-equiv="X-UA-Compatible" content="IE=Edge"&gt;&lt;meta name="robots" content="noindex,nofollow"&gt;&lt;meta name="viewport" content="width=device-width,initial-scale=1"&gt;&lt;style&gt;*{box-sizing:border-box;margin:0;padding:0}html{line-height:1.15;-webkit-text-size-adjust:100%;color:#313131;font-family:system-ui,-apple-system,BlinkMacSystemFont,"Segoe UI",Roboto,"Helvetica Neue",Arial,"Noto Sans",sans-serif,"Apple Color Emoji","Segoe UI Emoji","Segoe UI Symbol","Noto Color Emoji"}body{display:flex;flex-direction:column;height:100vh;min-height:100vh}.main-content{margin:8rem auto;padding-left:1.5rem;max-width:60rem}@media (width &lt;= 720px){.main-content{margin-top:4rem}}.h2{line-height:2.25rem;font-size:1.5rem;font-weight:500}@media (width &lt;= 720px){.h2{line-height:1.5rem;font-size:1.25rem}}#challenge-error-text{background-image:url("data:image/svg+xml;base64,PHN2ZyB4bWxucz0iaHR0cDovL3d3dy53My5vcmcvMjAwMC9zdmciIHdpZHRoPSIzMiIgaGVpZ2h0PSIzMiIgZmlsbD0ibm9uZSI+PHBhdGggZmlsbD0iI0IyMEYwMyIgZD0iTTE2IDNhMTMgMTMgMCAxIDAgMTMgMTNBMTMuMDE1IDEzLjAxNSAwIDAgMCAxNiAzbTAgMjRhMTEgMTEgMCAxIDEgMTEtMTEgMTEuMDEgMTEuMDEgMCAwIDEtMTEgMTEiLz48cGF0aCBmaWxsPSIjQjIwRjAzIiBkPSJNMTcuMDM4IDE4LjYxNUgxNC44N0wxNC41NjMgOS41aDIuNzgzem0tMS4wODQgMS40MjdxLjY2IDAgMS4wNTcuMzg4LjQwNy4zODkuNDA3Ljk5NCAwIC41OTYtLjQwNy45ODQtLjM5Ny4zOS0xLjA1Ny4zODktLjY1IDAtMS4wNTYtLjM4OS0uMzk4LS4zODktLjM5OC0uOTg0IDAtLjU5Ny4zOTgtLjk4NS40MDYtLjM5NyAxLjA1Ni0uMzk3Ii8+PC9zdmc+");background-repeat:no-repeat;background-size:contain;padding-left:34px}@media (prefers-color-scheme: dark){body{background-color:#222;color:#d9d9d9}}&lt;/style&gt;&lt;meta http-equiv="refresh" content="360"&gt;&lt;/head&gt;&lt;body&gt;&lt;div class="main-wrapper" role="main"&gt;&lt;div class="main-content"&gt;&lt;noscript&gt;&lt;div class="h2"&gt;&lt;span id="challenge-error-text"&gt;Enable JavaScript and cookies to continue&lt;/span&gt;&lt;/div&gt;&lt;/noscript&gt;&lt;/div&gt;&lt;/div&gt;&lt;script&gt;(function(){window._cf_chl_opt = {cvId: '3',cZone: 'reqres.in',cType: 'managed',cRay: '9c4da58d1b137b4a',cH: 'v0IgzOWL_eMcFU5IEvMGs6qyC6LGbwTNsQpYPHoxayk-1769573495-1.2.1.1-QafwZYDCctztuZU5uU3hG9H6fb6.FjRSiXQvv_aOX1s6SlI6NHpb_Hfm3ItOSLco',cUPMDTk:"\/api\/users\/1234?__cf_chl_tk=j2ExDuUIMH.0il7__7M0zD_Qs62Jw1QAB0w6Xtt._.4-1769573495-1.0.1.1-Kgh_J5ZzIeTdKiFftRkjuwG5LGDlduWRMvqb8WBLdOE",cFPWv: 'b',cITimeS: '1769573495',cTplC:0,cTplV:5,cTplB: '0',fa:"\/api\/users\/1234?__cf_chl_f_tk=j2ExDuUIMH.0il7__7M0zD_Qs62Jw1QAB0w6Xtt._.4-1769573495-1.0.1.1-Kgh_J5ZzIeTdKiFftRkjuwG5LGDlduWRMvqb8WBLdOE",md: 'hdc1eYvIIxn3uEdsb.Kz4_XfDYVaSnotWnRQv7BYs7U-1769573495-1.2.1.1-E4Lf148ncCFbHal8ZwKmfrazhiL_JwNiI4Yw5.kmR8FCNU.4HbZBCIOZYNOJxMflOw2gxD7K.bKV_vhC9BuS_hEY6y_qXmbSNtVKzm3jqh5Cop5f.FaCJhc9zV7T9ZMqr1sy.Q.RTjvSLrJ4rI5HCcmAQH23yd_05VMfO70kDyhhfVE4GaIztGwkGr69A6wMcO3ydifH1iQ8ot3d7VLi7ZZLnipKTihngTxB2CbU8wi217dNua4XSFGCz59CEDNR1DEEHlrugrjVPehGHF_6hGth5vTJAeBAqMPg_8Sz2TTomnaLSIERZmRZDxmAYYbnbPhNODu0.TFwKAwDWixt9CNmFNYhyPzVHpBpoadfbAOtWEN_dyY94Od9PP8X5mhQNiEL0JWe__IrnMvBfPWu2F40JrYSOqAcatDJ09kW7Uabr4w2QuECRxx74Au8eiFUpb8oCt9Q0t2CV9QQMe84NmyHa32UGJ42a4Zdh9z6I4KAYbYOSfjE3dqj5yiQD0NgfKcYgBhwUASJ4W50u4LlQP6BiHzppq3ygWicW1M4PN4.y.U3wB1396LQKQ7IBaCo74FM58797B79ShzAoZEx4rKyefdt9Eq2jVGXlK5qQO9AQgP4fmbLpyA0Z_wWOQHbPfZiW03p9c8FEvUeNRgj1T.XJm5OL.qYrglIvsmPkqoBIOcrxeXHi48jKW_UfZvS_rSLZXI_FA3h3b4WagKDQTixatJtTFPC6nSF0MF0SU9UJbP2s0Z2jhVX9z8BsAr_6ZG6OwZwoCGkHpr.gnq8CmVdlvCjfH_vdrGNl7lcs0W87V.mk7YFOaAf8IQpGh0UE8QF4dS6vliLzqbelJIVnIIN7kS2wc4JKLs5U.HD6tT6A_xMwWwqGKn9eZgFEB6qIzZKBw_aOk1kom0Op0lepE96QQakEO1UKRAhMdV.5xvslE52EZcsRg_G1MRS8rBE0KmIpF6.5c759UWYP3Ejpg',mdrd: 'ubky8JY3FkV4SVEoHDMN2t3_Ucy076fMylBZPeob1EU-1769573495-1.2.1.1-3N2vBhP6JCi8PHR36zWGKAJ3TeifftSShWsS.2fpWuuY1CyBwb3C4pILflSjvmLn3B_cNhRlmtI475FhaCZWb_GGeI1fxtSVBgz.CvpC1pwEyQ9xvEAAAaoN4HsFi1MdwUn4MonLrrBu9LhfXi_Ji8J1xcOTrWS_5nvx5uqpNfFFMz0.roco22xeIoeDdx1VyWRW4Y3TWhu8z0yn6E3cFTk2T3atjP.QAWe28hKKfNhmq0xPO2Kz343VIKin5CUXRtKoRWMrn7ZkZS5rRjJfBcqdwHb.F_DqcemjT1yBRS2rKfUVwhNSTXc1fT1LnNhWXhX9BSdrCoANovsAE5AibdXE6LLsI.mAuKR2gAZgOavfm2wocVntO8BofFsiOCa9IXit3psSGiCvCmYpPjPnya8oT23t5lrjBfIAoIz_lcvzZ_Ne1jrK5QmUiSwAUcgilMxtESKGdXxvTHANRzrBaI_3dnBwDrZYRbH3Jjcwn8ZbLhXE74kGiX5H6.WDWF870.Amd0E5x3ot..c1RJFKkSIq.FtXjjsgcNaA6oC1jMbDlk1RGBp9Y.cWl.pMIaV9_PCsJFxU.r8G__CmPA6iJNfKH9UrQ8HU9lw_RXD2hm6YABmlnqd8rjgCTkFc6XAr6QVPG4QRpngVmoVCHZXeqqj_U2JlOU8YCMNfU3xKEKnDnyqmW3yPHw8c9RzqCEtHcCuRQkTJ5UmR5yMl0JHe_g3QeQ1tmeyavYR5ElHsmYxRjfAraQK82TgkdfGVx96MWZtHEGaeybVLGwkhPufhA7FcHp05_VyyVLMjrrxTgeUzZT_LmvDRE9Qr_9FffGximMBP87Sqp64xBqYsWVrteLR_pUUVMOQdXaiMQN9m3jPRCGHk0DyE2CAovWPYcR_xH9ZfvtE2puhnLB0Ky_xpaJHPUJxBQ4x6tj_vtn7Hj7k.bWu1sw0B.vh7.0bfL1uhQRNcJ1XL1o_twdkJwiUXcncnKpgPCCb0942jsjfoZD_7_ennCw9.KEJVxCXGHqNUk.dKFfG57xkrPNnqGt96tHLacrUzPFVN78sYhbvHmftNpbG7C4jhUGGBCtOah1zaI19_YwLeENpc.VrYHKY.9VTZ0.NrCtqeTilbkAXEeiq3ynVenS_74kZJcMp6hl1O4rwGzkZuh9oOoPvqar5mr4hx9Y5Q4KFO8gRR3Ip9lFXs8uy4FBapjqtpqyt3snTRGw.bHIlcdyuJpgcJOjbKAuC45EahmkgeRgAG_3A7vYTNZukbSN_CfCjMmENOQxs85rsSmoQX3p_xNSWpBdr9A6yBprMxmkFtvfVm8L3mRvPI71VSxxBU9s1RbUHMLRpdYJnmyyAo1F2kVX_pW6_maCG7ZsOBCjGJ80tpqIjqJaNirpi_shuFfH.377ZWlQAIPIiLD3Nx1o7Je80c0jWTiah2dBoaPCM0ji0H1ugi365O4Gfw_utbQLxKBjw15riW2yzjWsVhYUuSyGff8feO3fFbNEGlLC8LHRUnegWUHLozqF1QqNI37c4M_xmMIV8o_jyRmKiizcWTk290JOGDC6f8j0LmgGuzXzm6zzhri6psWVZqvUUatB3Q9T1aBKh9jUzYDlbA1P1zPec9oVbn.ETU8tcR6wFnAbT4MKg3hSAyZPgwEpWaRwBwjmmFlri_Q4oamakB0CgtZMuJLQUzMthIzzsI8KM1jf_RTDysad7J1ysZoAhh6nA4v3u09.zSDQRD5MYm0hW.mX3mBSODyOAL0zHCFinz.V5jQCihONGahMsO.HnE2M.H6N3lI9drLRJSCvlJyCUtkUmkceVdHZAoCLdyAF90fmKbbjCu2zVxeqIMAWPiXghRNt7jHCtpFSR.X5mSoYu7E7mV4oltrygASpFvu6SvB_Mr0lw83JZX6Dz6fcU6ZAVeKoUso.P5E0NkMgOOjBsIAtBwefqH60WqhJWD4jGKf2Nc3EfvZf_zn_pv6UBPLK0FObsktffbi6Oep9nv6Ic.LJqPUmgYjFakh7yMFDda52sTqMpHN0j5rV.OJRUC_sNJDxETvV5D4GLVHZY2_6HnSs4K5RMQ.Hb533txakNgnbO_Zn6kcvOC1kYYbSiDFDXWp2CZZbrN5cAYIqDAPBPZjubXCT0Yf4vLbJjInCoxhRIkEGdBpLtSA4p0rctSx3Pi8.QhGKmKVipBzhcHtJaoKEgFU.GeZPs99YdjNNXu77p30y734nPmL9N2MtUGL6km9yI96jlz6aKnef.J0zrgKi11QoFffQG3f5qjeyjGkPTMcLEu7_n.yBt.h6PG2ojsZd5hhdttQSZ9HpVTXUU5mH2b0kkTCeXgKyLdsGSxZsD_VGV3x5AIFNvaJreNqNe2IQ3Nf.OyyzvZa3v3Y9B1rTGxnETCO0Q7R6JrPv8j9lW1G5aGFpU',};var a = document.createElement('script');a.src = '/cdn-cgi/challenge-platform/h/b/orchestrate/chl_page/v1?ray=9c4da58d1b137b4a';window._cf_chl_opt.cOgUHash = location.hash === '' &amp;&amp; location.href.indexOf('#') !== -1 ? '#' : location.hash;window._cf_chl_opt.cOgUQuery = location.search === '' &amp;&amp; location.href.slice(0, location.href.length - window._cf_chl_opt.cOgUHash.length).indexOf('?') !== -1 ? '?' : location.search;if (window.history &amp;&amp; window.history.replaceState) {var ogU = location.pathname + window._cf_chl_opt.cOgUQuery + window._cf_chl_opt.cOgUHash;history.replaceState(null, null,"\/api\/users\/1234?__cf_chl_rt_tk=j2ExDuUIMH.0il7__7M0zD_Qs62Jw1QAB0w6Xtt._.4-1769573495-1.0.1.1-Kgh_J5ZzIeTdKiFftRkjuwG5LGDlduWRMvqb8WBLdOE"+ window._cf_chl_opt.cOgUHash);a.onload = function() {history.replaceState(null, null, ogU);}}document.getElementsByTagName('head')[0].appendChild(a);}());&lt;/script&gt;&lt;/body&gt;&lt;/html&gt; 
 </msg>
<msg time="2026-01-28T11:11:35.606768" level="INFO">/Library/Frameworks/Python.framework/Versions/3.13/lib/python3.13/site-packages/urllib3/connectionpool.py:1097: InsecureRequestWarning: Unverified HTTPS request is being made to host 'reqres.in'. Adding certificate verification is strongly advised. See: https://urllib3.readthedocs.io/en/latest/advanced-usage.html#tls-warnings
  warnings.warn(</msg>
<msg time="2026-01-28T11:11:35.606855" level="INFO">${resp} = &lt;Response [403]&gt;</msg>
<var>${resp}</var>
<arg>Api</arg>
<arg>${IncorrecyApipath}</arg>
<doc>*DEPRECATED* Please use `GET On Session` instead.</doc>
<status status="PASS" start="2026-01-28T11:11:35.523207" elapsed="0.083663"/>
</kw>
<kw name="Status Should Be" owner="RequestsLibrary">
<msg time="2026-01-28T11:11:35.607162" level="FAIL">Url: https://reqres.in/api/users/1234 Expected status: 403 != 404</msg>
<arg>404</arg>
<arg>${resp}</arg>
<doc>Fails if response status code is different than the expected.</doc>
<status status="FAIL" start="2026-01-28T11:11:35.606994" elapsed="0.000559">Url: https://reqres.in/api/users/1234 Expected status: 403 != 404</status>
</kw>
<kw name="Convert To String" owner="BuiltIn">
<var>${body}</var>
<arg>${resp.content}</arg>
<doc>Converts the given item to a Unicode string.</doc>
<status status="NOT RUN" start="2026-01-28T11:11:35.607644" elapsed="0.000023"/>
</kw>
<kw name="Should Be Equal" owner="BuiltIn">
<arg>${body}</arg>
<arg>{}</arg>
<doc>Fails if the given objects are unequal.</doc>
<status status="NOT RUN" start="2026-01-28T11:11:35.607731" elapsed="0.000012"/>
</kw>
<status status="FAIL" start="2026-01-28T11:11:35.522565" elapsed="0.085265">Url: https://reqres.in/api/users/1234 Expected status: 403 != 404</status>
</test>
<status status="FAIL" start="2026-01-28T11:11:35.275356" elapsed="0.332679"/>
</suite>
<statistics>
<total>
<stat pass="0" fail="2" skip="0">All Tests</stat>
</total>
<tag>
</tag>
<suite>
<stat name="Number4" id="s1" pass="0" fail="2" skip="0">Number4</stat>
</suite>
</statistics>
<errors>
<msg time="2026-01-28T11:11:35.397402" level="WARN">Keyword 'RequestsLibrary.Get Request' is deprecated. Please use `GET On Session` instead.</msg>
<msg time="2026-01-28T11:11:35.523222" level="WARN">Keyword 'RequestsLibrary.Get Request' is deprecated. Please use `GET On Session` instead.</msg>
</errors>
</robot>
