<?xml version="1.0" encoding="UTF-8"?>
<robot generator="Robot 7.2.2 (Python 3.13.3 on darwin)" generated="2026-01-22T22:24:39.799832" rpa="false" schemaversion="5">
<suite id="s1" name="Testapp" source="/Users/pimphet/Documents/TTB test/TTB testapp/testapp.robot">
<test id="s1-t1" name="Open Application and select languege" line="6">
<kw name="Open Test Application">
<kw name="Open Application" owner="AppiumLibrary">
<arg>remote_url=http://localhost:4723/wd/hub</arg>
<arg>deviceName=mobile_training</arg>
<arg>platformVersion=13.0</arg>
<arg>platformName=Android</arg>
<arg>app=/Users/pimphet/Downloads/app-uat-debug.apk</arg>
<arg>appPackage=com.scg.ssb.smartlivingplus</arg>
<doc>Opens a new application to given Appium server.
Capabilities of appium server, Android and iOS,
Please check https://appium.io/docs/en/2.1/cli/args/
| *Option*            | *Man.* | *Description*     |
| remote_url          | Yes    | Appium server url |
| alias               | no     | alias             |
| strict_ssl          | No     | allows you to send commands to an invalid certificate host like a self-signed one. |</doc>
<status status="PASS" start="2026-01-22T22:24:39.872604" elapsed="7.117977"/>
</kw>
<status status="PASS" start="2026-01-22T22:24:39.872373" elapsed="7.118532"/>
</kw>
<kw name="Select languege">
<kw name="Wait Until Page Contains Element" owner="AppiumLibrary">
<msg time="2026-01-22T22:24:50.954843" level="INFO">xpath criteria: //*[contains(@text,'ภาษาไทย')]
xpath criteria: //*[contains(@text,'ภาษาไทย')]
xpath criteria: //*[contains(@text,'ภาษาไทย')]
xpath criteria: //*[contains(@text,'ภาษาไทย')]
xpath criteria: //*[contains(@text,'ภาษาไทย')]
xpath criteria: //*[contains(@text,'ภาษาไทย')]
xpath criteria: //*[contains(@text,'ภาษาไทย')]
xpath criteria: //*[contains(@text,'ภาษาไทย')]
xpath criteria: //*[contains(@text,'ภาษาไทย')]
xpath criteria: //*[contains(@text,'ภาษาไทย')]
xpath criteria: //*[contains(@text,'ภาษาไทย')]</msg>
<arg>xpath=//*[contains(@text,'ภาษาไทย')]</arg>
<arg>5s</arg>
<doc>Waits until element specified with `locator` appears on current page.</doc>
<status status="PASS" start="2026-01-22T22:24:46.991701" elapsed="3.963228"/>
</kw>
<kw name="Click Element" owner="AppiumLibrary">
<msg time="2026-01-22T22:24:50.955784" level="INFO">Clicking element 'xpath=//*[contains(@text,'ภาษาไทย')]'.</msg>
<msg time="2026-01-22T22:24:51.070071" level="INFO">xpath criteria: //*[contains(@text,'ภาษาไทย')]</msg>
<arg>xpath=//*[contains(@text,'ภาษาไทย')]</arg>
<doc>Click element identified by `locator`.</doc>
<status status="PASS" start="2026-01-22T22:24:50.955058" elapsed="0.115092"/>
</kw>
<kw name="Sleep" owner="BuiltIn">
<msg time="2026-01-22T22:24:56.070991" level="INFO">Slept 5 seconds.</msg>
<arg>5s</arg>
<doc>Pauses the test executed for the given time.</doc>
<status status="PASS" start="2026-01-22T22:24:51.070281" elapsed="5.000820"/>
</kw>
<kw name="Click Element" owner="AppiumLibrary">
<msg time="2026-01-22T22:24:56.072326" level="INFO">Clicking element 'xpath=//*[contains(@text,'ยืนยัน')]'.</msg>
<msg time="2026-01-22T22:24:56.221128" level="INFO">xpath criteria: //*[contains(@text,'ยืนยัน')]</msg>
<arg>xpath=//*[contains(@text,'ยืนยัน')]</arg>
<doc>Click element identified by `locator`.</doc>
<status status="PASS" start="2026-01-22T22:24:56.071243" elapsed="0.149990"/>
</kw>
<kw name="Wait Until Page Contains Element" owner="AppiumLibrary">
<msg time="2026-01-22T22:24:56.693372" level="INFO">xpath criteria: //*[contains(@text,'เริ่มต้นใช้งาน')]</msg>
<arg>xpath=//*[contains(@text,'เริ่มต้นใช้งาน')]</arg>
<arg>5s</arg>
<doc>Waits until element specified with `locator` appears on current page.</doc>
<status status="PASS" start="2026-01-22T22:24:56.221385" elapsed="0.472123"/>
</kw>
<kw name="Click Element" owner="AppiumLibrary">
<msg time="2026-01-22T22:24:56.694377" level="INFO">Clicking element 'xpath=//*[contains(@text,'เริ่มต้นใช้งาน')]'.</msg>
<msg time="2026-01-22T22:24:57.769305" level="INFO">xpath criteria: //*[contains(@text,'เริ่มต้นใช้งาน')]</msg>
<arg>xpath=//*[contains(@text,'เริ่มต้นใช้งาน')]</arg>
<doc>Click element identified by `locator`.</doc>
<status status="PASS" start="2026-01-22T22:24:56.693637" elapsed="1.075911"/>
</kw>
<kw name="Wait Until Page Contains Element" owner="AppiumLibrary">
<msg time="2026-01-22T22:24:57.797899" level="INFO">xpath criteria: //android.widget.Button[@text='Allow']</msg>
<arg>xpath=//android.widget.Button[@text='Allow']</arg>
<arg>5s</arg>
<doc>Waits until element specified with `locator` appears on current page.</doc>
<status status="PASS" start="2026-01-22T22:24:57.769826" elapsed="0.028216"/>
</kw>
<kw name="Click Element" owner="AppiumLibrary">
<msg time="2026-01-22T22:24:57.799424" level="INFO">Clicking element 'xpath=//android.widget.Button[@text='Allow']'.</msg>
<msg time="2026-01-22T22:24:58.674239" level="INFO">xpath criteria: //android.widget.Button[@text='Allow']</msg>
<arg>xpath=//android.widget.Button[@text='Allow']</arg>
<doc>Click element identified by `locator`.</doc>
<status status="PASS" start="2026-01-22T22:24:57.798284" elapsed="0.876107"/>
</kw>
<status status="PASS" start="2026-01-22T22:24:46.991372" elapsed="11.683160"/>
</kw>
<status status="PASS" start="2026-01-22T22:24:39.872132" elapsed="18.802836"/>
</test>
<test id="s1-t2" name="Log in app with userpassword" line="9">
<kw name="Login with username">
<kw name="Click Element" owner="AppiumLibrary">
<msg time="2026-01-22T22:24:58.677121" level="INFO">Clicking element 'xpath=//*[contains(@text,'เข้าใช้งาน')]'.</msg>
<msg time="2026-01-22T22:24:58.755472" level="INFO">xpath criteria: //*[contains(@text,'เข้าใช้งาน')]</msg>
<arg>xpath=//*[contains(@text,'เข้าใช้งาน')]</arg>
<doc>Click element identified by `locator`.</doc>
<status status="PASS" start="2026-01-22T22:24:58.676213" elapsed="0.079337"/>
</kw>
<kw name="Wait Until Page Contains Element" owner="AppiumLibrary">
<msg time="2026-01-22T22:25:03.922641" level="INFO">&lt;?xml version='1.0' encoding='UTF-8' standalone='yes' ?&gt;
&lt;hierarchy index="0" class="hierarchy" rotation="0" width="1080" height="2205"&gt;
  &lt;android.widget.FrameLayout index="0" package="com.scg.ssb.smartlivingplus" class="android.widget.FrameLayout" text="" checkable="false" checked="false" clickable="false" enabled="true" focusable="false" focused="false" long-clickable="false" password="false" scrollable="false" selected="false" bounds="[0,0][1080,2205]" displayed="true"&gt;
    &lt;android.widget.LinearLayout index="0" package="com.scg.ssb.smartlivingplus" class="android.widget.LinearLayout" text="" checkable="false" checked="false" clickable="false" enabled="true" focusable="false" focused="false" long-clickable="false" password="false" scrollable="false" selected="false" bounds="[0,0][1080,2205]" displayed="true"&gt;
      &lt;android.widget.FrameLayout index="0" package="com.scg.ssb.smartlivingplus" class="android.widget.FrameLayout" text="" checkable="false" checked="false" clickable="false" enabled="true" focusable="false" focused="false" long-clickable="false" password="false" scrollable="false" selected="false" bounds="[0,132][1080,2205]" displayed="true"&gt;
        &lt;android.widget.LinearLayout index="0" package="com.scg.ssb.smartlivingplus" class="android.widget.LinearLayout" text="" resource-id="com.scg.ssb.smartlivingplus:id/action_bar_root" checkable="false" checked="false" clickable="false" enabled="true" focusable="false" focused="false" long-clickable="false" password="false" scrollable="false" selected="false" bounds="[0,132][1080,2205]" displayed="true"&gt;
          &lt;android.widget.FrameLayout index="0" package="com.scg.ssb.smartlivingplus" class="android.widget.FrameLayout" text="" resource-id="android:id/content" checkable="false" checked="false" clickable="false" enabled="true" focusable="false" focused="false" long-clickable="false" password="false" scrollable="false" selected="false" bounds="[0,132][1080,2205]" displayed="true"&gt;
            &lt;android.view.ViewGroup index="0" package="com.scg.ssb.smartlivingplus" class="android.view.ViewGroup" text="" checkable="false" checked="false" clickable="false" enabled="true" focusable="false" focused="false" long-clickable="false" password="false" scrollable="false" selected="false" bounds="[0,132][1080,2205]" displayed="true"&gt;
              &lt;android.widget.FrameLayout index="0" package="com.scg.ssb.smartlivingplus" class="android.widget.FrameLayout" text="" resource-id="com.scg.ssb.smartlivingplus:id/navHostFragment" checkable="false" checked="false" clickable="false" enabled="true" focusable="false" focused="false" long-clickable="false" password="false" scrollable="false" selected="false" bounds="[0,132][1080,1243]" displayed="true"&gt;
                &lt;android.widget.FrameLayout index="0" package="com.scg.ssb.smartlivingplus" class="android.widget.FrameLayout" text="" resource-id="com.scg.ssb.smartlivingplus:id/navHostFragment" checkable="false" checked="false" clickable="false" enabled="true" focusable="false" focused="false" long-clickable="false" password="false" scrollable="false" selected="false" bounds="[0,132][1080,1243]" displayed="true"&gt;
                  &lt;androidx.compose.ui.platform.ComposeView index="0" package="com.scg.ssb.smartlivingplus" class="androidx.compose.ui.platform.ComposeView" text="" checkable="false" checked="false" clickable="false" enabled="true" focusable="false" focused="false" long-clickable="false" password="false" scrollable="false" selected="false" bounds="[0,132][1080,1243]" displayed="true"&gt;
                    &lt;android.view.View index="0" package="com.scg.ssb.smartlivingplus" class="android.view.View" text="" checkable="false" checked="false" clickable="false" enabled="true" focusable="false" focused="false" long-clickable="false" password="false" scrollable="false" selected="false" bounds="[0,132][1080,1243]" displayed="true"&gt;
                      &lt;android.view.View index="0" package="com.scg.ssb.smartlivingplus" class="android.view.View" text="" checkable="false" checked="false" clickable="true" enabled="true" focusable="true" focused="false" long-clickable="false" password="false" scrollable="false" selected="false" bounds="[1,144][127,270]" displayed="true"&gt;
                        &lt;android.view.View index="0" package="com.scg.ssb.smartlivingplus" class="android.view.View" text="" content-desc="Back" checkable="false" checked="false" clickable="false" enabled="true" focusable="false" focused="false" long-clickable="false" password="false" scrollable="false" selected="false" bounds="[49,180][78,233]" displayed="true" /&gt;
                        &lt;android.widget.Button index="1" package="com.scg.ssb.smartlivingplus" class="android.widget.Button" text="" checkable="false" checked="false" clickable="false" enabled="true" focusable="false" focused="false" long-clickable="false" password="false" scrollable="false" selected="false" bounds="[49,180][78,233]" displayed="true" /&gt;
                      &lt;/android.view.View&gt;
                      &lt;android.widget.TextView index="1" package="com.scg.ssb.smartlivingplus" class="android.widget.TextView" text="เข้าใช้งาน" checkable="false" checked="false" clickable="false" enabled="true" focusable="false" focused="false" long-clickable="false" password="false" scrollable="false" selected="false" bounds="[424,279][656,375]" displayed="true" /&gt;
                      &lt;android.view.View index="2" package="com.scg.ssb.smartlivingplus" class="android.view.View" text="" checkable="false" checked="false" clickable="false" enabled="true" focusable="false" focused="false" long-clickable="false" password="false" scrollable="false" selected="false" bounds="[42,417][1038,543]" displayed="true"&gt;
                        &lt;android.view.View index="0" package="com.scg.ssb.smartlivingplus" class="android.view.View" text="" checkable="false" checked="false" clickable="false" enabled="true" focusable="true" focused="false" long-clickable="false" password="false" scrollable="false" selected="true" bounds="[63,417][519,543]" displayed="true"&gt;
                          &lt;android.widget.TextView index="0" package="com.scg.ssb.smartlivingplus" class="android.widget.TextView" text="ด้วย SMS" checkable="false" checked="false" clickable="false" enabled="true" focusable="false" focused="false" long-clickable="false" password="false" scrollable="false" selected="false" bounds="[206,452][377,508]" displayed="true" /&gt;
                          &lt;android.view.View index="1" package="com.scg.ssb.smartlivingplus" class="android.view.View" text="" checkable="false" checked="false" clickable="false" enabled="true" focusable="false" focused="false" long-clickable="false" password="false" scrollable="false" selected="false" bounds="[63,417][519,543]" displayed="true" /&gt;
                        &lt;/android.view.View&gt;
                        &lt;android.view.View index="1" package="com.scg.ssb.smartlivingplus" class="android.view.View" text="" checkable="false" checked="false" clickable="true" enabled="true" focusable="true" focused="false" long-clickable="false" password="false" scrollable="false" selected="false" bounds="[561,417][1017,543]" displayed="true"&gt;
                          &lt;android.widget.TextView index="0" package="com.scg.ssb.smartlivingplus" class="android.widget.TextView" text="ด้วย รหัสผ่าน" checkable="false" checked="false" clickable="false" enabled="true" focusable="false" focused="false" long-clickable="false" password="false" scrollable="false" selected="false" bounds="[672,452][906,508]" displayed="true" /&gt;
                          &lt;android.view.View index="1" package="com.scg.ssb.smartlivingplus" class="android.view.View" text="" checkable="false" checked="false" clickable="false" enabled="true" focusable="false" focused="false" long-clickable="false" password="false" scrollable="false" selected="false" bounds="[561,417][1017,543]" displayed="true" /&gt;
                        &lt;/android.view.View&gt;
                      &lt;/android.view.View&gt;
                      &lt;android.widget.TextView index="3" package="com.scg.ssb.smartlivingplus" class="android.widget.TextView" text="เบอร์โทรศัพท์" checkable="false" checked="false" clickable="false" enabled="true" focusable="false" focused="false" long-clickable="false" password="false" scrollable="false" selected="false" bounds="[84,648][225,704]" displayed="true" /&gt;
                      &lt;android.widget.TextView index="4" package="com.scg.ssb.smartlivingplus" class="android.widget.TextView" text="*" checkable="false" checked="false" clickable="true" enabled="true" focusable="true" focused="false" long-clickable="false" password="false" scrollable="false" selected="false" bounds="[225,613][351,715]" displayed="true" /&gt;
                      &lt;android.widget.EditText index="5" package="com.scg.ssb.smartlivingplus" class="android.widget.EditText" text="" checkable="false" checked="false" clickable="true" enabled="true" focusable="true" focused="false" long-clickable="true" password="false" scrollable="false" selected="false" bounds="[84,715][996,862]" displayed="true"&gt;
                        &lt;android.view.View index="0" package="com.scg.ssb.smartlivingplus" class="android.view.View" text="" checkable="false" checked="false" clickable="false" enabled="true" focusable="false" focused="false" long-clickable="false" password="false" scrollable="false" selected="false" bounds="[84,715][996,862]" displayed="true" /&gt;
                      &lt;/android.widget.EditText&gt;
                      &lt;android.view.View index="6" package="com.scg.ssb.smartlivingplus" class="android.view.View" text="" checkable="false" checked="false" clickable="true" enabled="true" focusable="true" focused="false" long-clickable="false" password="false" scrollable="false" selected="false" bounds="[84,904][996,1032]" displayed="true"&gt;
                        &lt;android.widget.TextView index="0" package="com.scg.ssb.smartlivingplus" class="android.widget.TextView" text="ถัดไป" checkable="false" checked="false" clickable="false" enabled="true" focusable="false" focused="false" long-clickable="false" password="false" scrollable="false" selected="false" bounds="[495,936][586,1000]" displayed="true" /&gt;
                      &lt;/android.view.View&gt;
                      &lt;android.widget.TextView index="7" package="com.scg.ssb.smartlivingplus" class="android.widget.TextView" text="ยังไม่มีบัญชีผู้ใช้งาน? " checkable="false" checked="false" clickable="false" enabled="true" focusable="false" focused="false" long-clickable="false" password="false" scrollable="false" selected="false" bounds="[253,1095][616,1159]" displayed="true" /&gt;
                      &lt;android.widget.TextView index="8" package="com.scg.ssb.smartlivingplus" class="android.widget.TextView" text="สมัครสมาชิก" checkable="false" checked="false" clickable="true" enabled="true" focusable="true" focused="false" long-clickable="false" password="false" scrollable="false" selected="false" bounds="[616,1064][828,1190]" displayed="true" /&gt;
                    &lt;/android.view.View&gt;
                  &lt;/androidx.compose.ui.platform.ComposeView&gt;
                &lt;/android.widget.FrameLayout&gt;
              &lt;/android.widget.FrameLayout&gt;
            &lt;/android.view.ViewGroup&gt;
          &lt;/android.widget.FrameLayout&gt;
        &lt;/android.widget.LinearLayout&gt;
      &lt;/android.widget.FrameLayout&gt;
    &lt;/android.widget.LinearLayout&gt;
    &lt;android.view.View index="2" package="com.scg.ssb.smartlivingplus" class="android.view.View" text="" resource-id="android:id/navigationBarBackground" checkable="false" checked="false" clickable="false" enabled="true" focusable="false" focused="false" long-clickable="false" password="false" scrollable="false" selected="false" bounds="[0,2337][1080,2400]" displayed="true" /&gt;
  &lt;/android.widget.FrameLayout&gt;
&lt;/hierarchy&gt;</msg>
<kw name="Capture Page Screenshot" owner="AppiumLibrary">
<msg time="2026-01-22T22:25:04.170211" level="INFO" html="true">&lt;/td&gt;&lt;/tr&gt;&lt;tr&gt;&lt;td colspan="3"&gt;&lt;img src="data:image/png;base64, iVBORw0KGgoAAAANSUhEUgAABDgAAAlgCAYAAABtGofVAAAAAXNSR0IArs4c6QAAAARzQklUCAgI
CHwIZIgAACAASURBVHic7N13fFRV/v/x90wSMqmQRkhCDR1CryogKEVAQd1dA6Jrb/vbXXWLu+rq
2vdr3VXXld3v11WwY6XYaHY6Si8JCUUIgSSkQsokM78/IpGQmWQm/WRez8djHw/mnnvPPdwBl/vO
OZ9jycg87hQAAAAAAIDBrC09AAAAAAAAgIYi4AAAAAAAAMYj4AAAAAAAAMYj4AAAAAAAAMYj4AAA
AAAAAMYj4AAAAAAAAMYj4AAAAAAAAMYj4AAAAAAAAMYj4AAAAAAAAMYj4AAAAAAAAMYj4AAAAAAA
AMYj4AAAAAAAAMYj4AAAAAAAAMYj4AAAAAAAAMYj4AAAAAAAAMYj4AAAAAAAAMYj4AAAAAAAAMYj
4AAAAAAAAMYj4AAAAAAAAMYj4AAAAAAAAMYj4AAAAAAAAMYj4AAAAAAAAMYj4AAAAAAAAMYj4AAA
AAAAAMYj4AAAAAAAAMYj4AAAAAAAAMYj4AAAAAAAAMYj4AAAAAAAAMYj4AAAAAAAAMYj4AAAAAAA
AMYj4AAAAAAAAMYj4AAAAAAAAMYj4AAAAAAAAMYj4AAAAAAAAMYj4AAAAAAAAMYj4AAAAAAAAMYj
4AAAAAAAAMYj4AAAAAAAAMYj4AAAAAAAAMYj4AAAAAAAAMYj4AAAAAAAAMYj4AAAAAAAAMYj4AAA
AAAAAMYj4AAAAAAAAMYj4AAAAAAAAMYj4AAAAAAAAMYj4AAAAAAAAMbzb+kBAL4uJWWvVq5YocM/
/KAKh0NOp9PleRaLRVarRQkJnXXhhZPVr39/WSyWZh4tAAAAALROlozM467fpgA0GafTqY8+WqZv
v/laDofTbajhzumwY+TI0frZz3/eRKMEAACALyouLtbRjAxlZGSouKRYGUcyVFx8qqo9KChY8Qnx
CrIFKT4+XnHx8QoKCmrBETfc3r171bdv3ya9R3pampYv/6zWc6ZOnabEnj2bdBxtGTM40Ko5nU6V
lJQoLy9Xdnu5CgsKqrUHBwcr0BaoiIhI2Ww2I2Y07NmzR6+8/JIcjvpni06nUxUVTq1fv06d4jrp
vPPGNeIIAQAA4Gtyc3O1c8cO7dixXenp6XWev3PnjmqfExMTlZQ0SAOTkhQREdFUw2wSK5Z/prS0
tCYPOCR59GxRfwQcaJXKy8uVnZWlzGOZysrK0rHMTNntdmVnZ1c7Lzw8XCEhIYrt1EmRkVGKj49T
TExH+fu3vj/aTqdTL774Lx3Yv79R+/181Sqde+55RoQ7AAAAaF3S09L09ddf1wgsvO4nPV3p6ela
smSxBg5M0vjx442YibBi+WdasWKFEhMTW3ooaASt7y0QPq28vFw5OTn64dAhpaTsVXp6ugrOmrVx
pqysrMpfbNumoKAg9enTR3379lOXrl0VFRXVaoIOu92uhx96UCUlJY3ed2FRkex2u9q1a6cP3n9P
F18ySwEBAY1+HwAAALQdp5dLNMWMgp07d2jnzh1KTExs1UsuTocbTX0Pbyxf/pl6nvG8evbs1Wqf
X2tEDQ60GiUlJdqfnq5t27Zq165dKi4urlc/QUFBGjBggIYOG67u3bsrMDCwkUfqHbvdrgf+er/s
dnuT9G+xWHTzLbeoZ89e2rx5s957Z5EefPhhBQS0a5L7AQAAwFzFxcVa9PbbDZ6x4Y2Ro0bpkktm
tao6HWeHG4mJibr1tl81Wv/paWmaP//FRulrypQpmjJ1WqP01da1jh9vNwO7vUxpaenq0aNHvV54
nU6nsrOzdejQIeXn56mstEw2m03R0dHq2q2bwsPDm2DUleM+cviIMo5m6OTJkyq3l8tmsykiMkKd
O3dRdHR0o92rqKhI2adnREiK7dSpWf4j5HQ6VVRUpN27dmnNmm+VkZHRoP6Ki4u1efNm5eTk6KKL
pqtrt24tNpPD4XDooQcfaLJwQ6p8ftu2blXPnr0UFRmp8ooKPfjAA3ro4UdktbITNAAAACplZBzR
v+fPr/cPEutr08aN2rljh2659VbFxyc0671daY6ZG3UVE/XGihUrCDg81KYDDqfTqYyMI9q+bbs2
blyvwsIi3X3PvV4HHMeOHdPyzz7V9u3bXbb7+Vk1btwETZw0SSEhIY0xdFVUVGjDhvVavWqV8vPz
3Z43ePBgTbtoumJiYhp0P6fTqcUffqCtW7dWHft/v/6NunXr1qB+PVFUVKTvNm/W1199qYLCwkbr
t7CwUPkF+aqoqGixgGP+i/9SaWlpk9/nhx9+qNyJ5cc6HGVlZXr+uWd1+x13Nvm9AQAA0Ppt2rhR
ixa93WL3Ly4u1j/+/nddcUWyRo4a1WLjaI5wQ6KYaEtpkwFHQUGBdu/epU0bN+rgwYMN6istbZ8W
LlhQa8pZUeHQl19+odTUFF1z7XUNrhpcVlamd99ZpC1bttR57rZt25Samqprr71OPRpQGGfbtq3V
wo3mUlJSot27dtUZblgsFoWEhCgwMFDt2lUuvSgrK1NpaalOnjxZY5vVyMhITTj/fPXt26/Flqjs
2bOnwX/+PJWXlyeLxaL8/LyqYxkZGdq2basGDx7SLGMAAABA67Ro0dvatHFjSw9DUuVYSkpKNG78
+Ga/d3OFG2g5bSbgsNvtSktL09Yt32vLlu9VUeFocJ/5+Xl6/bXXqsKN6OhoTZ027ce6DjYVFRVp
z+7dWr78M5WWliojI0OL3n5LN9x4U71nDDidTn380bJq4ca5556rIUOGVhbNDAhQYUGBdu/erRUr
lstut6u4uFivvrpQt99xh9q37+D1PQsLC7V0yZJ6jbchysvLtT89XWvWfOs23PD381N4+/bq0KGD
evRIVHR0tKKioiRJOTk5ys7O1v796crLy1N+fp4qKhyKiIjQ+RMnasiQoQoODm7O31IVp9OpV15+
qUbw0lTKysokSQcPHKg2hjdef02DBg1mhxUAAAAftWnjxlYTbpy2ZMli2Wy2Zp3JQbjhG9pMwPGf
f893+dPyzp076/Dhw/Xqc9XKlSoqKpIkxcbG6qabblZ4+/ZV7UFBQYqJiVHXbt30n3/P/ylk2bpV
I0aMqNc9K1/411R9Tp4zt0ZfwcHBiu3USV26dtG/58+XVLnM49tvvtWMmTO9vufyzz6rdaeSppKT
k6Nt27a6rLlhsVgUGBiorl27asTIkRo4MKlq5sZp3Xv0kFT5cr9z5w6tXbtWRYWFmnD++RoyZGiL
FjFatmypHI7mq9/r5+cnSTX+DjgcTr315huae+W8ZhsLAAAAWo+09LSWHoJLaelpzRZwEG74jjYT
cJxZ5yA2NlYjRozUwKQk+fv762+PPep1f6cLVZ42Y8bMauHGmbp166aJEydW/aXZtHFDvQOONWu+
rfr1yFGjau2nZ89emjhxkr744nNJ0vfff6eLpk/3qrDknj17tH79OklS3759tXfv3nqN21vl5eX6
4dAh7dq1y2W7zWbTgIEDNWXKVEVGRtbaV7t27TRs2HB169ZdWVlZ6tatm2w2W1MM2yNOp1Nrvv2m
xvHTsyiCgoIUERGhTnFxCgsNk5+fnwoLC3X0aIYKCgpUWFggp1Nezf4IDg6W0+nUsWPHarRt3bpF
c+ZeySwOAAAAH5ScPEcZR47o6NGjLT2UKnFxcUpOntMs9yLc8C1tJuAIDAzU+AkTNChpkLp261b1
kp+bm1uv/g7s31+180VYWKh69+lT6/mDBw+p+ouTlpam/Pw8r5eLlJaWavcZL/wjR4ys85qBSUlV
AUd+fr6KCgvdBjFnKy4u1tIliyVJAQEBmj5jRrMFHNlZWUpJ2euytklAQIB69+6tyy67vMasjdpE
RkbWGYY0h5SUlGqzNywWi+Lj4zXz4ovVrVt3+fn56dixTK1auVJr166R3V4mp1Oad9VVGjRosJxO
pwoLC7R61Spt2LDeo+VWMTExstvtLndrcTqlPbt3q/+AAY36+wQAAIAZbr3tV/rH35+p97tRY4qI
iGjU7VhrQ7jhe9pMwHHzLbcqICCg0fo7fvx41a/79OlbZ02NjrGxCg8Lq6olkZWV5TLg2L59m3bt
3KnIqChNmHB+tQKYeXl5speXV+uzLh06VA8zyrzYjnTVqpXK+nFb2OnTZygmpqPH1zaE0+lU5rFM
pafVnC5ntVaGATNmXuxVuNGarFyxXE6nUxaLReedd54umj5D7dq1U0VFhZYuWawN69ervKKi2jUW
i0UDBgyUxWKRxWJR+/YddNnlP9Oll12uPXv26I3XX6t1N5a+/frp+++/cznrw+l0avnyzwg4AAAA
fFRQUJCuufZazX/xRZWUlLTYOGw2m6659tpmWUpOuOGb2kzA0ZjhhlQ94IjpWPeLv8ViUVx8vAp+
nAGRnZ2tXr16Vzvn2LFjenXhwqrPAf4BmjhpUtXnkJAQXf3LX1Z99qRAZklJ9ZdeT/9jcWD/fn31
5ZeSpO7du2vsOec0W0HMkpISZWVluSwsGhoapsGDh7SKmRj14XQ6deTwYQUGBuqvDzwof39/OZ1O
LVu2VN9+87Xb2Rj+fn5VdTTOZLFY1L9/fz308CNas+ZbLV2yuEZtD4vFooEDB+rZf/zD7biOHq1Z
5wQAAAC+Iz4+QcnJc7RgwSstNobk5DmKj09o8vsQbviuNhNwNLbCwp+KboaEhHh0TYcOP20PW3yq
5tKLkz8WLD3tzC09JSk0NFSDBg32ZpjKzPxpLV3nzp09GmtZWZk+/PCDqs+XzJotf39/l8sbmkJu
7gkdy8x02RYREaGhw4bV2UdhLVvK1uZ08dLGDsROKysr02WX/0yjRo+WVLll8ZNPPF7r7AtJ6tmr
V601Mipng4zTmDFj9egjD+vkyZNVbf5+fiotLat27GzNlF0BAACgFRuYlKQpU6a0yMv/lClTNDAp
qcnvQ7jh2wg43Cg544XU06USAe1+eml2NfWrS9cu6t27t1JTUxUaGqrhHtTYqI3T6ay25dOIkZ71
99VXX1btXHLhhZPVpUuXBo3DW+XlFVXbmp4pICBAERERCgsLq/V6h8OhRx95qF67lAQHB2v2pZdq
2LDhXl/ricDAwKpwY396uv7zn/ke1dBITOzpUf/+/v667/6/6umnnqxaXpTYs6de+r//rfW65pqd
AwAAgNZtytRpOpGbq82bNjXbPUeMHKkpU6c1+X0IN0DA4UbJGcUvPd2VxN/vp8dZVlbzJ/YBAe10
w403KT8/X8HBwdXqb9THnt27q4qChoeFefTSnpFxRKtWVv6lj42NrbZEprkU5OcrJyenxvGgoCDF
xcU36b1PnTql0tLSqhoZTWX37t165eX/ehwsxHpQb+U0q9WqP/zxLj3z9FM6fvy4RowcqTffeKO+
QwUAAICPmTVrdrPtrBIXF6dZs2Y3+X0INyBJnu8n6mMqzioC6S13L7ZWq1URERENDjfy8/P0wQfv
V32+eNasOmt2lJeXa/GHi6tmFMyaPbvB42hMAQEBdc7eaAzZ2dkqLCio+8R6OrB/v1fhhiQFe7gM
6jSLxaI7f/d72Ww2vfXmG8zQAAAAgMeCgoJ07XXXy2azNel9bDabrr3u+iYvKkq4gdMIOAxkt5fp
nUWLlJdXWcNj+PDhGjJkaJ3XrVu3Vvv3p0uSxo4dq969a9/6Ft4rKCjQ/Pn/8jpwqO9sEofDUa+l
OgAAAPBtldu13tak97j1ttsUERFR94kNQLiBMxFwGMbhcGjJ4iVKSUmRVLm0YebFl9T5gpyVlaVP
Pv5YkhQeHt4sa+C8Zbfb61081Bsd2ndQkAc71NTHglderlfgUFuBUFecTqf++fxzdRYvBQAAANyJ
j0/QFVckN0nfV1yR3OQ7phBu4GwEHIZZsXy51q9fJ6lyatmV8+Z5VJRz6ZLFVbukXDJrVrMsBXEn
vH17RUVF1TheXFzcLNuZBrQLaLJdVIYOrXsHGFeOHzvm8bkOh0N/f+ZpHT58uF73AgAAAE4bOWqU
xo0f36h9jhs/XiNHjWrUPs9GuAFXKDLqhr//T4/G0+UGZ57n3wQv0N9++41WrVpZ9fnKeVd5VJTz
u82btWfPHknSoEGDNHjwkEYfmzf8/f1c7kxjt9uVm5urwsLCWgMYq9Wqe/9yf6332Llzhz5fvVq5
ubnVjgf4+8vP6le/gXtg5KhRWrZsqddLVNL3p+v8iRPrPK+iokKPPvKwis7acrguTVlQFQAAAGY7
XXQ0PT29wX0lJiY2eVFRwg24wwwON0LOKPpYbi/36Bq7/aetTwM93FrWU9u3b9PiDz+s+jxn7pXq
27dvndfl5+dp2bKlkiqL/HiynKWpRUREKrZTJ5dtubm52vL993X2ERYWVuv/jh8/7nL5RlR0tEKb
cPaKzWZTfR5v2r59tbY7nU599913uveeP3sdbkiq15gAAADgO6659jrFxcU1qI+4uDhdc+11jTQi
1wg3UBtmcLhx5o4kpS62fHWlpKSk6tft2jXe7iTpaWl664xtQGdfeqmGD697S1in06mPli3TqVOn
JFXOfHj7rbfcn6/qsw4+eP89BQZWVlYOCPDXjTfdXJ/h12Cz2RQTE6PwsDAVnFVzo6ioUNu2bdXA
pCRFRkbWq//Mo0e1Pz1dxWds9Xtax44dFR7etMtz4uLideTIEa+usdvtqqiokJ9f9dklTqdT+/al
6tWFC6v9+fJWbKzrQAkAAACQKpe/J8+Zo/kvvlivf3fabDYlz5nTpDumEG6gLgQcbkRE/PRyfeLE
CY+uOX78eNWvO0R0aJRxZGQc0cKFC2Qvr5xFMmXqVJ133jiPri0vL9eWLVuqPp86dapqFxXP7v1T
PYy6tqD1hsViUafYTkrs2bPa+CTJ4XAqIyNDH3+0TFckz3G5lKU2ZWVlWrt2jXJyclwuE4mLj1eH
Dk1XydlisWjSBRfo9dde82qZitPpVEpKivr16yepsh7JqlUrtW7t2qraKQ0Z0+QpUxrUBwAAANq+
+PgEJSfP0YIFr3h9bXLynCYtKkq4AU8QcLjR6YwlFD8cOlTn+SUlJdUKZEZFRTd4DCdOnNDCBQuq
ZmCMGz9ekyd7/qJqsVjUuXNnj893OBzVQo2YmBgFBlbORAkIaNwlN9ExMerTp6/27t1bY6aF3W5X
amqqPvzwA02ePMXjmRxlZWX69NNPtGPHdpfLUxISEtSlS5cm34d70KDBslotqqjwrg7Hglf+qw4d
IpSfnyeHw+l1HQ93LBYpKWlQo/QFAACAtm1gUpJmzZqtJUsWe3zNrFmzNTApqcnGRLgBTxFwuBEX
/9P6swMHDig3N7fWPZwPHDigigqHJCkwMFAxMTENun9hYaEWLnilavbIyFGjNHPmxV7Vz/D399dv
b7/D4/Ptdrvuvefuqs9XJM9Rt27dPB+0F/z9/dWla1cNGDBAmzdvrtFeUlKiHdu3q7CgQCNGjtSA
AQNrnc2xb1+qNm3cqJSUFJ08edJlODBgwADFxyc0eQ0Si8WigQOTtG3bNq+uczql0WPG6NNPPmnU
8fTt17/F664AAADAHOPGj9eRjCPavGlTneeOGDmy0XdhORPhBrxBwOFGXFy84uPjq2Y0rFu7VtNn
zHB5rsPh0LfffF31ediwYVUzH+qjtLRUb77xetW9k5IG6bLLLq9Rn8F0UVFRGjx4iI4ePVpt5ohU
uWSjpKRE6WlpysrK0rq1a5WYmKioqMoioYHt2iknJ0eFhYU6ejRDGRkZys3Nld1udxludOvWTYk9
ezbqUpvazLvqam3/011eL1NZt3atevRI9GopUW0sFouubeJCTwAAAGh7kpPnKOPIER09etTtOXFx
cUpOntNkYyDcgLcIONywWCwaN268Fi16W5L0+eer1bFjRw0fMaLaT8MdDodWrliuvXv3Vh0bMdL9
ns/bt2/Trp07FRkVpQkTzq8RhJSXl+vddxZp34+7avTq1UtXJCcroAm2nW1p/v7+6pGYqHHjxmvl
yhUua53Yy8t14sQJ5ebm6vjx4woMDJS/v7+sVqvKyspkt9tVXFys8vJyt2FCeFiYxowZq86du8hq
bZ6NgywWi+bMnau33nzTq5AjPz9fl8yapZMni6rVdKnvGH7xiyuYvQEAAIB6ufW2X+lvjz3qsuio
zWbTrbf9qsnuTbiB+iDgqMXwESO0Y+cO7dq5U5L09ttvafuO7RrQf4CCg4NVUFigLVu26MD+/VXX
TJp0gdtlHceOHdOrCxdWfQ7wD9DESZOqnbNq5Upt3bq16rPFYtHiDz/watyjR49Rj8REr65pKTab
Tf3691dJaYm++fprtwVdnU6nioqKvN4iNTwsTOMnnK++/fo1aFZNfQwbNlyfr16tzMxMj69xOp16
7dVX9eBDD+vFf71Qa2Jel5iYGI0c5T5sAwAAAGoTFBSkW2+7rcbOKpXhxm1NVtuOcAP1RcBRC6vV
quTkOXpn0SLt2LFdkrRr586qwONs4ydM0NRp09z2d/Ksl/P8/Lwa55z9MpyamurtsDVg4ECvr2lJ
ISEhGjp0mGyBNn3zzdc1lqvUV0REhMaNG68hQ4YoNDS0Ufr01h13/k733XtP1S44nnA6nXri8f/R
X+67X8uWLdW333zjdcFRfz8//e73f/B2uAAAAEA18fEJmjVrdtXMdqmyqGhT7ZhCuIGGaJ75+gYL
CgrSVVdfrXlXXaXu3bu7PKf/gAG6+ZZbdMkls2qtk9Glaxf17t1bkhQaGqrhI0Y2yZhNY7FYFBoa
qqRBgzRt2kUaMWJEg9LgAH9/9erVS9Mumq5hw4crLDy8xZZpWK1W3f/Ag/Lz8+6vWlFRkZ584nFd
csks/fGuP6ldu3Ye/x78/Crv2VzLcQAAANC2jRw1qqqQ6Ljx45tsljDhBhrKkpF5vHH2ovQR+fl5
ys8vkN1eJpvNpg4dIhQSEuLx9Q6HQ/n5+QoODm72JRMmKC8vV05Ojn44dEgpKXuVnpamgsJCj64N
CgpSly5d1LdvP3Xp2lXx8fG17rzSnEpLS/XQA3/1aiaHJMXGxurO3/1eFotFa9eu0dIli6t263El
wN9f9/31AQUGBlJ7AwAAAI1q08aNTRZu7N27V5+vXtUkfXsiPqFypkpjacywJjExsUnrnbQlBBxo
lcrLy5WdlaXMY5nKzs5WTna2Tp48qZycnGrnhYeHKyQkRFFR0erYsaOiY2IUGxvbKl/wHQ6Hnnn6
Ka+Lh9psNt19z71Vs1oOHDigJYs/1NGjGXI4nFXLV6KiovTHu/4kSfrn888pLi5egbbARv0PNQAA
AADPrFj+mdLS0hrUR8+ePTVlqvsyCKiOgAOt2untYgsKClRaWqqC/Pxq7SEhIQq0BSosrDLoMGFZ
xuZNm7Ro0dte1dWwWCyaPn1GtaK0TqdTxcXFOno0Q8WnipU0aFBV23fffSd/fz91795D4eHhjTp+
AAAAAGiNCDiAFvLyy//V3j275XTK47DDYrHo9jvuUKdOcUaEOQAAAADQXAg4gBbkdDq1c8cOrVy5
QpmZR2sNOywWiywWKTa2ky6cPFmDBw9p5tECAAAAQOtFwAG0Eg6HQ4WFBdq0aZO2bd2qnJwcOZ1O
RUVFadDgwRo9erTCwsJ/DDpaV30RAAAAAGhpBBwAAAAAAMB4LOIHAAAAAADGI+AAAAAAAADGI+AA
AAAAAADGI+AAAAAAAADGI+AAAAAAAADGI+AAAAAAAADGI+AAAAAAAADGI+AAAAAAAADGI+AAAAAA
AADGI+AAAAAAAADGI+AAAAAAAADGI+AAAAAAAADGI+AAAAAAAADGI+AAAAAAAADGI+AAAAAAAADG
I+AAAAAAAADGI+AAAAAAAADGI+AAAAAAAADGI+AAAAAAAADGI+AAAAAAAADGI+AAAAAAAADGI+AA
AAAAAADGI+AAAAAAAADGI+AAAAAAAADGI+AAAAAAAADGI+AAAAAAAADGI+AAAAAAAADGI+AAAAAA
AADGI+AAAAAAAADGI+AAAAAAAADGI+AAAAAAAADGI+AAAAAAAADGI+AAAAAAAADGI+AAAAAAAADG
I+AAAAAAAADGI+AAAAAAAADGI+AAAAAAAADGI+AAAAAAAADGI+AAAAAAAADGI+AAAAAAAADGI+AA
AAAAAADGI+AAAAAAAADGI+AAAAAAAADGI+AAAAAAAADGszidTmdLDwIAAAAAAKAhmMEBAAAAAACM
R8ABAAAAAACMR8ABAAAAAACMR8ABAAAAAACMR8ABAAAAAACMR8ABAAAAAACMR8ABAAAAAACMR8AB
AAAAAACMR8ABAAAAAACMR8ABAAAAAACMR8ABAAAAAACMR8ABAAAAAACMR8ABAAAAAACMR8ABAAAA
AACMR8ABAAAAAACMR8ABAAAAAACMR8ABAAAAAACMR8ABAAAAAACMR8ABAAAAAACMR8ABAAAAAACM
R8ABAAAAAACMR8ABAAAAAACMR8ABAAAAAACMR8ABAAAAAACMR8ABAAAAAACMR8ABAAAAAACMR8AB
AAAAAACMR8ABAAAAAACMR8ABAAAAAACMR8ABAAAAAACMR8ABAAAAAACMR8ABAAAAAACMR8ABAAAA
AACMR8ABAAAAAACMR8ABAAAAAACMR8ABAAAAAACMR8ABAAAAAACMR8ABAAAAAACMR8ABAAAAAACM
R8ABAAAAAACMR8ABAAAAAACMR8ABAAAAAACMR8ABAAAAAACMR8ABAAAAAACMR8ABAAAAAACMR8AB
AAAAAACMR8ABAAAAAACMR8ABAAAAAACM59/SAzBBaWmpPvroI6Wmpqpr166aMWOG2rdv39LDAgAA
AAAAP2IGRx1KS0v1xhtvKDU1VZJ06NAhrVq1qoVHBQAAAAAAzkTAUYvT4cbx48erHS8pKWmhEQEA
AAAAAFcIONxwF25IUteuXVtgRAAAAAAAwB0CDhdqCzeSkpI0bty4FhgVAAAAAABwh4DjLHWFGzNn
zmyBUQEAAAAAgNoQcJyBcAMAAAAAADMRcPyIcAMAAAAAAHMRcIhwAwAAAAAA0/l8wEG4AQAAJtvn
6gAAIABJREFUAACA+Xw64CDcAAAAAACgbfDZgINwAwAAAACAtsMnAw7CDQAAAAAA2hafCzgINwAA
AAAAaHt8KuAg3AAAAAAAoG3ymYCDcAMAAAAAgLbLJwIOwg0AAAAAANq2Nh9wEG4AAAAAAND2temA
g3ADAAAAAADf0GYDDsINAAAAAAB8R5sMOAg3AAAAAADwLW0u4CDcAAAAAADA97SpgINwAwAAAAAA
39RmAg7CDQAAAAAAfFebCThWrlxJuAEAAAAAgI9qMwFHfn5+jWOBgYGaPHlyC4wGAAAAAAA0pzYT
cPTp06fGsdPLVkpLS1tgRAAAAAAAoLm0mYBj5MiRSkpKqnH8+PHjhBwAAAAAALRxbSbgkKSZM2cS
cgAAAAAA4IPaVMAhEXIAAAAAAOCL2lzAIRFyAAAAAADga9pkwCERcgAAAAAA4EvabMAhEXIAAAAA
AOAr2nTAIRFyAAAAAADgC9p8wCERcgAAAAAA0Nb5RMAhEXIAAAAAANCW+UzAIRFyAAAAAADQVvlU
wCERcgAAAAAA0Bb5XMAhEXIAAAAAANDW+GTAIRFyAAAAAADQlvhswCERcgAAAAAA0Fb4dMAhEXIA
AAAAANAW+HzAIRFyAAAAAABgOgKOHxFyAAAAAABgLgKOMxByAAAAAABgJgKOsxByAAAAAABgHgIO
Fwg5AAAAAAAwCwGHG7WFHCtXrmyBEQEAAAAAAHcIOGpRW8gBAAAAAABaDwKOOrgKObp27dpCowEA
AAAAAK5YnE6ns6UHYYLt27dr+/bt6tq1q8aNG9fSwwEAAAAAAGcg4AAAAAAAAMZjiQoAAAAAADAe
AQcAAAAAADAeAQcAAAAAADAeAQcAAAAAADAeAQcAAAAAADAeAQcAAAAAADAeAQcAAAAAADAeAQcA
AAAAADAeAQcAAAAAADAeAQcAAAAAADAeAQcAAAAAADAeAQcAAAAAADAeAQcAAAAAADAeAQcAAAAA
ADAeAQcAAAAAADAeAQcAAAAAADAeAQcAAAAAADAeAQcAAAAAADAeAQcAAAAAADAeAQcAAAAAADAe
AQcAAAAAADAeAQcAAAAAADAeAQcAAAAAADAeAQcAAAAAADAeAQcAAAAAADAeAQcAAAAAADAeAQcA
AAAAADAeAQcAAAAAADAeAQcAAAAAADAeAQcAAAAAADAeAQcAAAAAADAeAQcAAAAAADAeAQcAAAAA
ADAeAQcAAAAAADAeAQcAAAAAADAeAQcAAAAAADAeAQcAAAAAADAeAQcAAAAAADAeAQcAAAAAADAe
AQcAAAAAADAeAQcAAAAAADAeAQcAAAAAADAeAQcAAAAAADAeAQcAAAAAADAeAQcAAAAAADAeAQcA
AAAAADAeAQcAAAAAADAeAQcAAAAAADAeAQcAAAAAADAeAQcAAAAAADAeAQcAAAAAADAeAQcAAAAA
ADAeAQcAAAAAADAeAQcAAAAAADAeAQcAAAAAADAeAQcAAAAAADAeAQcAAAAAADAeAQcAAAAAADAe
AQcAAAAAADCef0sPAACA1s7pdOrkyVNyyqmQ4GBZrfx8wFM8OwAA0FwIOAAAcOHEiRP6bMVKffHF
l9q6dasKi4okSR06tNfkCy/Udddeo+7durXwKD1TUlqqlJQU7duXpgMHD6qoqEgnT55Uu3btFBoa
qq5du6pP714aPGiQAgICGny/tvTsAACAOSxOp9PZ0oMAAKA12bhps357x50qKChwe05QUJBe/Ofz
GjVqZDOOzDs7d+3S24ve0ceffKri4uI6z4+MjNS8uXN01bx5Cg0Nqdc928qzAwAA5mGeKAAAZwkO
Cqr1BV2SiouL9bs/3qWiopPNNCrvvfTfl/Xe+x94FG5IlTMvnn/hX5p9+c+Uum9fve7ZVp4dAAAw
DwEHAABn6d+/n7p17VrneSdOnNC3a9Y0w4iaV2Zmpq657gYdO3bM62t9/dkBAICWQ8ABAMBZrFar
Zs26RNHR0bp45gxddulst7UpDhw82Myjax75+fl69vl/en0dzw4AALQUiowCAODCVVdeqRuuu7bq
5fyCSZP0m9vvqHFeUFBQcw+tXmJiojVm9GhFR0crKChIJ06c0Lp163Xw0CG313z08Sf6811/VHh4
uFf3amvPDgAAmIGAAwAAF84uspmUNNDleb169myO4dSLn5+/5l05V7NnXaL+/frV2KLV4XDovfc/
0AMPPezy+vLycu3Zs1ejR4/y6r5t4dkBAADzEHAAAOCBXbt21TjWp08fjRkzugVG45m/3veXWndD
sVqt+sXPf6Zt27fr/Q8+dHlOzokTDR6Hic8OAACYh4ADAIA67N2booceeazGcUdFhR5+5NE6r790
9mwNHTK4KYZWK0+3ej33nHPcBhwNZeqzAwAA5iHgAADABYfDob0pKVqydJnefOtt2e32GufsS0vT
vrS0OvsaM3q0sS/p0VFRXl/DswMAAC2BgAMAgLOs37BBd997X722STVRWnq627aEhASv+vK1ZwcA
AFoPtokFAOAsmZnHfOYFvbi4WG8vesdl2/BhwxQfH+dVf7707AAAQOtCwAEAgA974cX5OuGmkOjP
f355M48GAACg/ixOp9PZ0oMAAKA1OXHihI4ezWy0/uLi4xQZEdFo/TWWL7/6Wr/69W9ctvXt20eL
3nxD/v7erWb1lWcHAABaHwIOAAB8UHr6fs296ioVFZ2s0Wa1WvXqKy9r6NAhLTAyAACA+mGJCgAA
Pqao6KR+/8e7XIYbkvTbX/8/wg0AAGAcAg4AAHzM3x5/XCmpqS7bzhk7Rtdfd20zjwgAAKDh2CYW
AIBWwOl0qqioSKeKi1VcXCyn06n24eEKCwtTQEBAo91nxcqV+nDxEpdt0dHRevSRh+Xn59do9/M1
zfU9AgCAmgg4AABGKSwq0jvvvueybeCA/hozenSdfeTn52vjps3a/N13Sk1N1Q8/HFbRySLFxsaq
c0KCJk2cqAsmTVT79u3r7Ovw4cNavnKVy7Zx556jPn36uGyz2+3aum2bNm3arO07dmrbtm06kZvr
8tyuXbto4oQJGjNmtMaOGSObzVbnuFypcDj01DP/cNv+2CMPKbZjx1r7aMxnJ0k7d+3S+g0bXbZN
nTJZnRMSqh17/4MPlZefX+PcwHbtNO/KuTWOp6Sm6uuvv1Hqvn06fOSI8nLzFNCunaKjoxQZEaHE
xESNGD5MSQMH1uu5Nvf3WFJSojfeettlW6+ePTVh/Div+zztrUWLdOpUcY3jUZGRmj3rknr3CwBA
c6HIKADAKJmZmbpw6kUu226+8Ubd/ttf13r9O+++p8effErFxTVf5M4UGxurZ558os5aFOs3bND1
N97ssu3xvz2mi2fOqHasqOik/v2f/+j9Dz9UXl7NF/W6dIyJ0R9+/zvNmH6RLBaLV9du2bpN867+
pcu2qVOm6O9PP1nr9Y397CRp4auv6fEnn3LZ9vrCBTX6ePLpZ/TKgoUuz/9k2VJ17dql2rHFS5bq
nr/cV+c4bIGBuvrqqzR3TnKdIY/Uct9jXl6+zptwvsu2uclX6C/33uP1WE6bNn2mDh85UuP40KFD
9PrCBfXuFwCA5kINDgCAT7Hb7XW+oEvSsWPHdNOttykj42ij3j8rO0v/fWVBvV6KJel4Vpbu+vPd
euLJp+RwOLy6Ni0tzW3bzBnT67y+KZ5dbm6e27aQ0JAax8aPO8/t+WvWra1xbNTIkXWOQZJKSkv1
v//3kqZNn6m3F72jun7+05LfIwAAcI2AAwDgU84ZO8bjc0+dOqX/femlJhxN/S187XW99sabXl2T
62bphKQaMx9caYpndyL3hNu2qKioGseGDh2q4OBgl+evWv15jWPx8XHq29f1MiFX7Ha7HnrkUT3w
4MOy2+0eX1df9fkeAQCAawQcAACf0qNHDyUm9vD4/M+Wr1B5eXkTjqj+nn7m78rMzPT4/NKyMrdt
7kKDMzXFs9u4cZPL4506dVJkRESN47bAQE258EKX16xbt95l/YsLJk3yYLTVvfv++3rokUebZXaF
t98jAABwjSKjAACfc9G0aUpJTdXECRPUOSFBx44f1/P/fMFl/YH8/HxlZ2erU6dOTTKWPr17a+yY
0RowYIA6dGiv0JBQFZeU6NixY9q4cZOWffSRKty8ZJeXl+vDJUt16803eXSv2pZdeFoHojGf3fYd
O3Tw0CGXbePOO9ftGCZMGK/FS5fWOO5wOLR+/QZNv2hatePnjB2jL774Un1691ZQUJCyT+Roz569
Onz4cG2/Vb3/wYcaMniwfv6zy2s9T2re7xEAALhGwAEA8Dm33XKzrNbqkxgjIyJ00623uTy/oKCg
UQOOgIAAXTXvSl0yc2atyycuu3S2brj+Ov3q179xGSBI0sqVq5r1xbixnt3Jkyf1yGN/c3ufaVOm
uG0bM2a0rFary9kVX3z5ZY2AY8Tw4Xp30VvVjjkcDu3Zu1f//NeL+vLLr9ze62//87jOnzBBMTHR
NdpM/h4BAGiLWKICAPA5Z7+gS5XLL9yx2YIa7d7RUVH67JOP9Iff3elRbYiePRP12KMPu23fm5Ki
ktLSRhtfXRry7A4fOaItW7bqnXff09yrrtaOHTtdXjN+3DiNraXeR0SHDjpn7FiXbStXrlJJSYnb
a0+zWq0a0L+/XnjuWf3ujtvdnldSWqpXX3+9xnHTv0cAANoiAg4AAFS5nMKdDh3aN9p9wsLCPNqG
9Ewjhg9X/379XLY5HA5lZ2c3xtDqzdNn9+xz/9S8X16jBx56WGlp6S7PP/fcc/T43x51GaSc6cIL
XNfVKCkt1Xfffe/BqCtZLBbdcP11uvYa19vnStKiRe/o1KlT1Y61xe8RAADTEXAAACDpq2++dnl8
6NAhCg8Pb+bR1DRyxAi3bZ5s3dqUGuPZxcRE66knHtf8F/6p9u3rDpTczeCQpK++/saje57ptltu
UUJ8vMu2wqIibdi40es+XWnN3yMAAKYj4AAA+LyjRzP13/++4rJt1sUXN/NoXIuKinTb1pK7vDTW
s8vJOaHVqz9XWrrrmR1n69q1i9ulIZ8u/8xtQU93QkNDdM0vr3bbvnbdeq/6c6e1fo8AALQFBBwA
AJ9W4XDorw8+pMKiohptcXGdNHvWJS0wqpoCAwNbegg1ePvs+vbpraFDh8jfv2aNc4fDoY8//VTz
rr7GbW2Os011U4g0Kytbu3ft9qiPM02ZMtlt26bNm73uz5XW+D0CANBWEHAAAHzaa6+9rm/XrHHZ
du/df5bNZmvmEZnD22d34w3X6/WFC/T1F6t11bwrXV536tQpPfTIo7VuaXvauHPdbyX7zbff1nn9
2TrGxKhH9+4u21JSUj0qXgoAAFoOAQcAwGelpKTomX8867Jt+kXTNGnixGYekTlS9+1z++wumja1
1mcXHh6uP/3xDzrPTUCxc9cu7UtLq3MM/Qf0d7l9qyR9tnxFnde7MnToEJfHHQ6HsnNy6tUnAABo
HgQcAACf5HQ69djjT7isexAUFKTf33lnC4zKHP/z+JMun50tMNCjZ2e1WpV8xS/ctqemptbZh5/V
qmlTp7psS0lN1cFDh+rs42wx0TFu2/Lz3O8WAwAAWh4BBwDAJ61Zu1YbN25y2XbzTTcoLq5TM4/I
HBs3btK69a6Lbt54w/WKj4/zqJ+ePRPdtmVlebZl6oTx49y2rVmz1qM+zhQaFuq2rbSs1Ov+AABA
8yHgAAD4pHff+8Dl8YCAAM1NTm7m0ZjlwyVLXB73s1qVnHyFx/0EBQW5bSv2sN7FiOHDZXNTuHPV
6tUej+U0q8Xitq2iwrudWQAAQPMi4AAA+By73a6vvvrKZdvkCy9QWFhYM4/IHE6nU1999bXLtvPO
O1eREREe92WpJUyQB0VGJclms+mCSZNctq3fsFEnTpzweDySlF9Q4LYtiIKzAAC0agQcAACfczwr
SyWlrpcbDBgwoJlHY5bcvDydyM112da/X79mHk2lSZPOd3nc4XBo3YYNXvWVn+++zoYtiIADAIDW
jIADAOBz8vLy3LZFdOjQjCMxT0EtMxw6eDF7ozGNHTPGbdvnn3/pVV8HDh502xYd5XrHlraiwlHR
0kMAAKBBCDgAAD7HXmZ322ZjGUKt7Hb3z66llnBERkZqzOjRLttWr16t4uJij/qx2+3aunWby7bQ
0BC1bx9e7zGaII9dYgAAhiPgAAD4HKeH9R1Qk9PROgttXniB6zocJaWl+u777z3qY/+BAyp1s3Rp
+LBhtdcMMVxZWZnHQRAAAK0VAQcAADDeueeMddv2pZuiqGdbu3ad27bhw4Z5Pabm1pDc7vDhI403
EAAAWggBBwAAZ3CK2R311ZIzY3r06KGePRNdtn22fIUq6ph54nA49M6777ltHzvWfZ2P5uTn5/6f
bkUni+rd796UlHpfCwBAa0HAAQDwOe0C27ltKy1xvUTBnYoK9y/OVmvbW9IQWEudjZKSEq/6qm25
i8Xq/T9Rpk6Z4vJ4dna2du3aVeu1m7/7XvsPHHDZ1jkhQQNbye467dq5/7N7JCOj3v0uX7Gy3tcC
ANBaEHAAAHxO+3D3xSKPHj3qVV+FhYVu20JCQr3qywRhYWFu27x9wS4scj/jICzU+2c37rzz3LZ9
8823bttKSkv1P0884bZ93pVzZa1H4NIUAgMDFRwc7LJt29ZtOnXqlNd9ZmQc1cpVqxo6NAAAWlzr
+H9rAACaUfv27d22bdy82au+UmqZ2l/bfUwVHhYmPzcv+2vXua9h4UpaWrrbtg4dvH92g5IGKtLN
VrWffrbc7XX/99J/tWfPXpdtwcHBmj3rEq/H0pT69Ont8niFw6FVqz/3qi+n06knnnpajlZaPBYA
AG8QcAAAfE5YWJj69evrsm3Dho3avWePR/2UlpZq8dKlbtsT4uPrNb7WzN/fX6NHj3LZlpaWrvUb
Nnjc17KPPnLblpCQ4PXY/Pz8NG2q62Uq+9LSdODgwRrH33n3Pb04/99u+7zt1ltaXVA1OCnJbduz
zz+v3Lw8j/v678uvaMVKlqcAANoGAg4AgFFqq82QcyLH434mjBvvtu2uP9+t/Pz8Wq93Op167p8v
6OjRTJftSUkDFRMT7fF4moO1lm1O83I9fyk+79xz3bbdfe99Op6VVWcfH3/yiVZ//oXLttDQEA3o
39/j8Zxp/Hj33+uaNWurfn348GHd85f79MBDD7s9v0f37pqbfEW9xtGU3AVMknT0aKZ+/Zvfuv1z
eVphYaGeeOppPfOPZxt7eAAAtBgCDgCAUWyBgW7bVq5arWPHj1c7VlFR4fLc6RdNddtPevp+/SJ5
rlat/txl4cx9aWm6609365UFC932MXPGDLdtLSUoKMht29JlH1VbpuDuuUnS1KlT5O/v77Lt2LFj
umLOXH3y6WcqKjpZo/14Vpaef+Ff+uOf7nbb/4zp0xUQEOC2vTYjRwx3e+2rr7+ue++7X/N+eY2m
zbhYi5e4n33jZ7Xqb489UuszaynnjB3rdimOJG3Zuk0zZ83WE089rW/XrNHBQ4d0PCtL6en7tW79
ev392ed08ezLtGDhq9Wu6xgT09RDBwCgSbn+1wkAAK1UeHi4wkJDXRaozM/P16xLL9N5556roKAg
pabu09Qpk3XjDdfXOLdPnz6aPesSty+5RzIy9Ns77pQtMFD9B/RXTHSMSktLlJKaWudPxzvGxOhn
l11av99gE+rUqZPbtldff12bNm9W//79VFBYqE2bNmnFp5+4LGiZEB+vq+Zd6TbgycrK1h/u+pP8
/f01cMAAxXSMkaOiQocPH1FKamqtY/SzWnX9tdd49xs7Q0hIiCZNnKjlK1bUaDt06AcdOvSDR/08
9ugjGlTLUpCWZLPZdNNNN+rxJ550e05paakWLHy1RohRm3+/+ILm/fLaehUqBQCgNSDgAAAYxWKx
aOLE87V0mev6DUVFJ/XZ8p9ebnv17Om2rztvv12bv/tehw8fdntOSWmpvv9+i8fjs1qteuD++xQS
EuLxNc1lyODBtbbv3rOnWv2RH344rL59+7g895abbtS69evdFueUpPLycm3dts2rMd5xx+3q0qWL
V9ecbeLECS4DDk8EBwfrb488rMmTL2zQGJranCt+oY8//kTbd+xolP5++5tfq0+fPuqckFBnCAUA
QGvFEhUAgHHmJCd7fO6eFPcv4DEx0Zr/wvONWivjgfvv0/nnT2i0/hpTfHycZl1yscfn7z9wwG1b
eHi4XnjuWXXv1q0xhiZJunLuHF13zS8b3M85Y8fW67ohgwfr7Tdeb/XhhiS1a9dOz/796UZ5/lfN
u7JqllOnTrEN7g8AgJZCwAEAMM7QIYP1l3vc13A4077UfbLb7W7be/ToofffWeR29w1PdU5I0IKX
X9LPLr+sQf00tXvu/rMGDhzg0bnp6e63cZUql7y8/eYbSr7iFw0aU1BQkB59+CHd8+c/yVJLIVRP
dYyJ0fBhwzw+PylpoP71/HN6beErSkzs0eD7N5fY2Fi9uuBlXXjBpHpdbwsM1IMP3K8/3/XHqq1/
O3bs2JhDBACgWbFEBQBgpLlzkhUfF6fHn3xKBw8dcntely5dVFhUVGtRxsjISD395BP65VXb9N4H
H2jpso9qDUXONGTwYCUn/0JTLrzQZb2K1iYsNFT/O/9F/ef/XtLCV1+rVlj0TFarVVY/vzr7Cw0N
0f1/uVdzrviF3v9gsd774AOPazh0TkjQ3DnJmjljRqPvODNlymR99/33VZ+tVquCg4MUFhamzgkJ
6tatmwb0768RI4bXuoyptYuMjNRz//i71qxZq7cWLdLnX3zp9js9rWNMjC6/7FIlJ19Ro7BoDIVG
AQAGszidTmdLDwIAgPqqcDiUkpKinTt3KTsnRyUlJYro0EGRkZHq3auX+vTpLWstW8u6UlJaqrR9
adqbkqKs7GwVFhbq5MmTCmwXqNCwUHVo316JiYnq26e3oqKimuh31vTy8/O1ZctWHfzhB+WeyFVA
gL8ioyIVF9tJgwYlKTIy0us+7Xa79h84oL17U5SZmanCoiIVFRXJz89PYaGhCgsLU/fu3dS7d28l
xMc3yowN/KSwsFC7du/WwYOHlJ2drZKSEvn7+yskNFTxcXFK7NFDvXr3qpqxAQBAW0LAAQAAAAAA
jEd8DwAAAAAAjEfAAQAAAAAAjEfAAQAAAAAAjEfAAQAAAAAAjEfAAQAAAAAAjEfAAQAAAAAAjEfA
AQAAAAAAjEfAAQAAAAAAjEfAAQAAAAAAjEfAAQAAAAAAjEfAAQAAAAAAjEfAAQAAAAAAjEfAAQAA
AAAAjEfAAQAAAAAAjEfAAQAAAAAAjEfAAQAAAAAAjEfAAQAAAAAAjEfAAQAAAAAAjEfAAQAAAAAA
jEfAAQAAAAAAjEfAAQAAAAAAjEfAAQAAAAAAjEfAAQAAAAAAjEfAAQAAAAAAjEfAAQAAAAAAjEfA
AQAAAAAAjEfAAQAAAAAAjEfAAQAAAAAAjEfAAQAAAAAAjEfAAQAAAAAAjEfAAQAAAAAAjEfAAQAA
AAAAjEfAAQAAAAAAjEfAAQAAAAAAjEfAAQAAAAAAjEfAAQAAAAAAjEfAAQAAAAAAjEfAAQAAAAAA
jEfAAQAAAAAAjEfAAQAAAAAAjEfAAQAAAAAAjEfAAQAAAAAAjEfAAQAAAAAAjEfAAQAAAAAAjEfA
AQAAAAAAjEfAAQAAAAAAjEfAAQAAAAAAjEfAAQAAAAAAjEfAAQAAAAAAjEfAAQAAAAAAjEfAAQAA
AAAAjEfAAQAAAADA/2fvvsPbuu77j38AEOAAuDc1KJLakrWHZUmWZMsjnkm8E/8Sx9ltRt06iZO0
zWoSx2mz7CZO4qRt6hXHdr2nrC1Zy6Ika5Ga1OTeJAhi/f6QBRHE4BBI6Frv1/P4eXgP7r04F5QJ
3A/O+R4YHgEHAAAAAAAwPAIOAAAAAABgeAQcAAAAAADA8Ag4AAAAAACA4RFwAAAAAAAAwyPgAAAA
AAAAhkfAAQAAAAAADI+AAwAAAAAAGB4BBwAAAAAAMDwCDgAAAAAAYHgEHAAAAAAAwPAIOAAAAAAA
gOERcAAAAAAAAMMj4AAAAAAAAIZHwAEAAAAAAAyPgAMAAAAAABgeAQcAAAAAADA8Ag4AAAAAAGB4
BBwAAAAAAMDwCDgAAAAAAIDhEXAAAAAAAADDI+AAAAAAAACGR8ABAAAAAAAMj4ADAAAAAAAYHgEH
AAAAAAAwPAIOAAAAAABgeAQcAAAAAADA8Ag4AAAAAACA4RFwAAAAAAAAwyPgAAAAAAAAhkfAAQAA
AAAADI+AAwAAAAAAGB4BBwAAAAAAMDwCDgAAAAAAYHgEHAAAAAAAwPAIOAAAAAAAgOERcAAAAAAA
AMMj4AAAAAAAAIZHwAEAAAAAAAyPgAMAAAAAABgeAQcAAAAAADA8Ag4AAAAAAGB4BBwAAAAAAMDw
CDgAAAAAAIDhEXAAAAAAAADDI+AAAAAAAACGR8ABAAAAAAAMj4ADAAAAAAAYHgEHAAAAAAAwPAIO
AAAAAABgeAQcAAAAAADA8Ag4AAAAAACA4RFwAAAAAAAAwyPgAAAAAAAAhkfAAQAAAAAADI+AAwAA
AAAAGB4BBwAAAAAAMDwCDgAAAAAAYHgEHAAAAAAAwPAS4t0B4GLg8/tV3dolZ7dX+WlJciTyvx4A
AP3l9/vV1tYmt8cjh8OhRJst3l3CRa67263T1dVBbQkJFo0oKopTjwBIBBzAkHK6vfrFiv169f2T
and5Au1XTSrQD26cRtABAEAUbrdbG97dpEOHj8jtdgfaxxSP1rIllysxMTGOvcPFrLW1Va+/+VZQ
m8Ph0N133RGnHgGQmKICDCm/X3pu+7GgcEOS3t5XrX9/e1+cegUAgDH4/VLlgYNB4YYkHa06pg3v
bopTr9AXv98vj8fT944AEGN8fQwMoRSbRbNGZ2lbVaN8fn/QY1uONsSpVwAAGIPNZlXYhwXpAAAg
AElEQVRebq5qamvl7/U+evp0dYSjEG8HDx3WO6tWKzk5WampDuXl5mrRZQvi3S0AFwECDmCI/dvN
05XjSNT/vHtYv15ZEWhPsVni2CsAAIzhymVLZbenaHv5Dm3bXh5oT7DyMfZCdfjIEUmS0+mU0+mU
SaY49wjAxYJ3BmCIFaQlSZIyU4ILoplk0uObj4Ts/8n5JXwMiOJUi1Nbjzaovt2lho5umSSlJiVo
VKZdEwvSVJrrGNDrd7ShQ83O7rCPWS1mTSlMH1D/2l0eHaxri/j4mGy7MpIHVhwv1tcMAEaSmuqQ
JCUnJwe1m2RS+Y6dIfvPnDF9WPqFyNra24O2a+vqtHrtOqWkpEQ9bt6c2UPZLQAXAQIOYIj5/H69
tfe0fvnO/qD2ippWPfRWa8j+d80dI4uZ29XeVlfW6LdrDmh/dehr1lNuapKumJCvG6eN0LQRGX2e
9zcrK7Rif/hhziZJK+67UrmO/hexe778eNT6Kv9+y0xdPbmwX+caqmsGACPx+/06cPCQtmzdFtTe
2NSkzb3aJGn6tEtkNlNmLp5SHQ7V15+biuv3+7W/orLP4wg4AJwvAg5giF3961WqbeuKdzcMy+Pz
64H/26G39p7u1/51bV3667Yq/XVble67cqI+c1npoJ/bL2lNZY1unTW638f0t5/RxPOaAeBC879P
Pq3Ozs54dwMDMH3aJao6dlw+ny/eXQFwkSHeBoYY4cb5+f4r7w8qNDBJunJiwXk//6qKmn7vW93a
pV0nm8/7OeN9zQBwISHcMJ6C/HzddMN1GjVyhBIS+D4VwPDhLw4wxFb8wxUD2p/pKedsPFSnl3ae
GNSxC8pyNTor+lzf/th0pEEd3R7ZbX3/uXwnwlSXgbgQrhkALiR333XHgPZnesqFoSA/X9d/5FpJ
ksfjkdfrjXOPYis7O0uf+dTdQW0mE5/hgHgj4ACGWF5qUry7YFjP7wh/o3/z9JG6e/4YjcxMUbfH
p+oWp94/1aJ1B2q18XC93F6f7ppTHJM+uL0+bTxUr6sm9T0yIhbTUy6EawaAC4nD4Yh3F3CeEhIS
hnUkx569+9TlcgW2TSaTZsW4+KzJZFJiYv9rdAEYHgQcwBBqd3m051SLKmtb1dTZrQ6XRxazWalJ
CRqRnqwpRRkqyx34B7emzm7tPNGkow0damh3yeXxKclqUW5qosbmpmrW6EwlJgx+GVqXx6sdx5tV
29al1i637LYEZdptGpebqqKMM1Xsu70+1baGTr/JTU08r+fuqfxYY0jb5ePy9KObpgW27bYzK9RM
KkzX7bNHq7XLrRX7qrV4XO6gntNmMSs92aq69nMfjFZV1PQZcNS1dWnH8aagtqKMZJ1qdg7o+eNx
zQBwoXK5XKqprVNDQ4OcXV1yu90ym82y2WxKS01VXl6usrOyBnxep9Op09XVampqltPZJa/PK4vF
IntKirKysjSiqPC8bsg9Ho9Ona5WR0eHXC6XbDabkpOTlJWVpfS0NEmS1+tVe6/VRiTJbrcPWRjQ
1NSs09XVav+gX36fX5YEi1KSk5Wenq78/DzZ+1jp5Cy/36/W1tAi2CkpKbJarSHtbrc77HQji8XS
7xCrrb1d9fUNamxqksvlktvtlsViUVJSknKys1VUWKDu7m5teHdTUP2P5OTkfgUcTc3Nqq6uUWdn
p2w2m1JTHSosLFSiLfzqZy0trTpTseuc1NTUqKOIOjs7VV1To8bGJnW5XPJ6vWeey+FQUVGhsjIz
+/VanOXq7laXM/SzRlpaWsQRJZ2dnXK73UFtZrMlsGIRYGQEHMAQqGro0KPrDujtvdXq9kYvsFWS
49DnFpbpxmkj+jxvc2e3/vHZ7dpWFXoT3FOS1aJbZo7SFy8fO6AlSZ1urx5eVannth+T0x1+KOkf
756v+SXZqqxp1Sf+tDHk8d9/cp4WlOb0+zmjaegIXb51fkl21GPSkqz6+MxRg35Oj8+v5ZMK9NTW
qkDbmgO18vj8SogyfWhlRU3QR5zMFJvmFGfrpeaBTTeJxzUDwIWmqalZ27Zv19GqY31ObUhPS9PM
GdM1ccL4Ps/rdDr15tvvqLomen2lhASLxo8bp7lzZis5qf8jMd1utzZt2aqKykp5POH7fd2112j0
qJGqq6/XCy+9EvL4R665WsWjY/c33e/3a9/+Cu3YuUutbZGXMT8rJydbSy9frJzs6O89TqdTTz3z
bEj7lcuWatzYsqA2n8+nV157QzW1tSH7X75ooSZPmhjxeVpbW7Vvf4WOHK1Sc0tLn/0PZ9TI6J+x
PB6PVqxcraNVVSGPpael6a47bgt73NN/e1Z+f3DAccettygzM3RFs+bmZq1YtTpodZlwCvLztWjh
gj5f/7MqKg9o47ubQto//f8+GfHf7roNG3XkaPC1pqen6a7bw18nYCRMUgRi7PXdp3T7H9fr1fdP
9RluSNKR+nZ998Wd+sZz5fL4/FH3bXG6+ww3JKnL7dUTW47q44+u097T/fsw4PL49Nm/bNbjm49E
DDckaUJ+ar/OFwtJ1tA/Uccah7bYnM/v16UlwQFNW5db28OMrOjprb3B9TeumlSgbs/Aq8fH45oB
4EJSUXlAz73wgg4dPtKvug0tra1avXad3nx7RZ+rdnR1ufoMNyTJ4/Fq7779eubZ58PelIfj9Xr1
4iuvas/efRHDDUnKzenfjWsseL1evbXiHa1dv6Ff4YYk1dc3qKGh788aA7F6zbqwr+OcWTOjhhuS
tHrtepXv3DXocMNqtWrO7FlR91m/4d2w4YYkZQ5wREUkZ0ef9KW6pkYvv/KaGhub+twXQCgCDiCG
tlU16jsv7owaEETy5t7TemRV32vED0R9u0uff3yLTrX0PU3iiS1HtPtU9BVAirPtykjp/4iQ81WU
ETpM9vny41p3sG5In3dKUbocicED3KKtptLQ4dJ7vQKQ5ZMK1DWIfwfxumYAuBCcOHlSa9atjxoQ
RHLkaJXe3bwlpv1xOp169fU3wk7F6K18564+b2DTUlOVnJwcq+71adOWrSHf1A+38h07VXnwYEj7
5EkT+wwezpfVatX1116jtNTIX8643W4dPHwo4uPDGUid5eru1uq164b9eYEPAwIOIEZ8fr++9/Iu
eSOMwkhNsmp8fqpGZUae2/r45iNq63JHfLwns8mkUZkpmliQpvy0yMNn27rc+vFru/s832u7T4Vt
H5mZohsuGaHlkwp07eTCfvUtVpaOzwtpc3t9+spTW/WDV98fsiV4PT6/Fo0NrmexMkrAsbKiRr4e
Q1Qzks9MT3EN4gN6vK4ZAOLN7/drzdr1EUdh2GxWZWZmKDVKvYa9+/bL1aO4ZDQmk0mpDoeyMjOj
1p3o7nZr7foNfZ7v0OHDYdtTHQ6VlZaoePRolZaM6VffYsHn82nf/oqIfSoZU6xxY8s0ckSRsjIz
h2QFkKNVx7Rl23sh7SVjirV44WWDOmdiYqKKCgtUWjJG48aWqaiwQBZL+NpfRYUFKijIj3q+1ra2
sIFaTk62ykpLNGJE0aD6GY3dnqK83FxlpKdHrNdRW1enlkGOWgEuZtTgAGLknf01Ot4UOpUgPdmq
H944TUvG58n8wYeHU81O3f/cdu0+FfzG1e316e191RHrKZhMJl09uVAfmzFSs0dnKcl67g39ZHOn
fr2yQm/sCV3JY93BOh2ub1dpTuQPhSebQkd5TC5M1/9+ZoGslvhkoXfNKdZTW6rU0e0JavdLem77
cb2886Rumz1an7msNKar1Ti7vVo2Pj/otTzd4tT+6lZNLEgL2X/FvuDpKVdMzFeC2TSoERzxumYA
iLeDhw6rLUzRzUSbTZcvXqTSkjGBm/CW1la9vWKl6huCR0x4vV4dOHRIUydPDvscJpM0prhYEyeM
14iiwqBimC0trdq0ZUvYEQ8nTp5SY2OTsrIiT1doawvte3Z2lm756M1xWbq2qalZHo8npH3ypIm6
fNHCkHa3263qmhodrToWk9VBGhub9M6q1SE1KgoK8rX8imUDClTs9hSNHztWY8vKlJ0dWlS2s7NT
r7z2hhqbgqd1HD9xUi6XK+r1dHWFBmIWi0Ufu+nGiMHJYFitVk2ZPElTJ08OqtHR3t6uN95aEfJv
WZLqGxqVnp4esz4AFwNGcAAxEmkExEMfn6llE/ID4YZ0ZnWNH900XeHe2itrIs+RHZ2Von+/ZaYW
luUGhRuSNCIjRT/7+ExdE2GURV9THFISQ/POy0pz4hZuSFJuapK+d8MlYV8n6Uwg9MSWo7ru4dX6
xYr9anaGFugcjC6PV4vG5srSq6jo6srQURzNzm5tPhL8oeTqD1ZcGUwNjnhdMwDE28FD4acJXLFs
qcpKS4JuiNPT0rRs6eVh929siFy7ICMjQ9devVxjikeHrPSRnp6ma65arpIx4ZfcjlSj4SybLXTl
kBFFRXEJNyTJ6wsfskcKaaxWq0aNHKnFCy/TmOLR5/Xczq4uvf7mWyErdWRmZOgj11w9oOBg9qwZ
+uSdd2j+vLlhww3pzMotixYuCGn3+Xx911zxh468tdlsMQ03pDPFQxcvvCykAKnD4dDcOeGn6vR3
NBKAcwg4gBjpXYNBkqYWZURcUaQs16HcMN/A15zHFASTpH+6alJQmHLWugPRi6QtLAvt566TzYpe
9nToXTulUD/+6HTZogQt3V6f/vvdw7rpt2vDjmAZqG6PT6lJVs0pDv4g9c7+0A9Jqypqg6anpCVZ
NXfMmfm63jAfmvojHtcMAPFWXRP6PpWTkx1xRZHsrCylhJla0tHZcV79uOzSS8OOLjh2PPqqWCOK
Qqcy1NbGr36Swx5+1OamzVv13vZydXUNzZRHn8+nN99aEXY0TlNzs157401VHgityRFJf0OivNzw
S6V3dg5sufZwGhobdfzEiUEXOu1LpEKmfRXNBRCKgAOIgRanW82dA1/eszA9tNCYszt0OOlAFKQl
aWpR6HDGIw3RP/D9/ZLxynEED+HccrRBn/vLZj3z3jGtqazVscbz+9A4WDdcMkJ//fwizR4d/pub
s5o7u/XN58v1m5UV5xXMnK2jcsWEgqD2iprWkIKtb+8LDheumJgfGPXiG2TAIQ3/NQNAPHV1dYX9
trqooCDM3ufY7aEBh9t9fu+jqamOsEt0trZFLzQ6b+6ckAKi1TU1euGlV7Rr9x4dPnJUTc3Ri3nH
UkpKsnJzQ7+88Hg82vredv3liaf06htvqvLgwX6tVtNfW7e9F3XURE1NrVauXqO3Vqw8r+ft6Oj4
YEpNlfZXVOr9PXvD7tfdfX4jHV0ul156+VW9+vqbeuW1N2L6Wp2VEOPRIsDFjBocQAzUt4cfQliU
Eb1SeuzLeZ0xNi9Vu04Gf4hq6og+zDE/LUlPfnahHlldqVd2nQzcnG+tatDWqjNTMO69rEz/cOWE
oel0H8pyHfqvT1+qdQfr9MjqSu2LsvztYxsOKSc1UZ+YO7hibmevfcn4PP30jT1Bj62prNVdc88M
X27rcmvT4fqgx6+adG6K0HnkG5KG95oBIJ46OsMvh50aZfULSTIN0TtpZmaG6uqD/76Hq9XQU6rD
oY/ffJM2b92mQ4cPB2pPVNfUBG74L5k6RQsXXDokfQ7n0nlz9errb4YdCeDz+XT8+AkdP35C6ze8
q/Fjx2rmzOlRC672R3tH/74MOXzkiBz2FF3Wz9ejsalJFZUHdPp0tRoaG4ckaAhn2/ZyuT4ISdrb
27Xr/d2aOWO6pDO10XrXGAEQX4zgAGIg0rKwqWHqWgyH9OTQecAen1/trujfauWnJenysbkqzrYP
VdfO2+Kxufrr5xbqt3fN1ZTCyIW3fvH2fjX0Eer0pSg9WePzgz9cv7P/XEHR1ZW18vRYNceRmNDn
qJ3BGM5rBoB46F2r4axYFLscjHDP6/P5+qyJkJrqUPHoUVGXJR1OI4qKtPyKpSH1Rnrr7u7W7r17
9dRfn9Gu3Xui7htL7+/ZG3YqS0+dnZ1646239cyzz2vnrvdVW1c35OGG5YMpMa1tbdq7b3/QY+U7
dwXCrqFYeWY4kMngw4yAA4iBSO9v8XoD8XjDP3G42hxn+fx+3f/sdt3/XLmO1Ef/sHEhWDQ2V09+
bqF+eOM0JVtDh3Z2e316PULh14G4stc0lW1VjWpxnvkg/lav6SnLJuRHrZtxvobrmgFguEUaiRGv
b8cj1T4wmSL/jff7/Xrjrbf1zqrVammNPp1lOJWWlOj2Wz6u8ePG9lnLwuPxauO7m8Iu7ToYSy9f
rC99/rO6/iPXKC0tdBUyv9+vgwfDF5eVzqxM8/yLL+to1bGY9Ke/Ej4IhDZv2RoSpnR3d+u98vIz
+yUYczC8xxM+UAQ+DIz5fyVwgUlLCv/NSPt51tMYrMbO0G+YzCaTUmyR53g+X35cb/da7lSSlo7P
1x1zRqswPVnZ9vh8kxaJSdJHZ4zUmBy77vnvTSE1L/ZEmdLRX0vG5+l3aw8Etn1+v9YfrNOS8Xna
eCh4+PLVk8KvYBNLw3HNADDcEpPCv7+cb/2EwQpXgNNkMoVdKeWsPXv3hb0RHzVqpKZMmqS01FSl
pESfujpUUlMdumLpEs2fO1f79u9X5YGDam2LvGrb9vIdGltaGnVZ3L7MnTNbEyeMlySNGjlS1yy/
Un97/v9C9mtqilyXZNWaNWqPMMLDbDbLbrfLbk+RPSVFKSkpej9Go08SE22qb2jQocNHwj6+d99+
zZg+TTabzZArnbR3hJ8SBnwYEHAAMZCaFP5/peON8XkD2Xc69Juj/LTQFVt6emnnyZC2sXmp+tXt
s6KO/LgQzBiZqbljskKWa61rO/8PHZMK05WXmqTaHqvbrKyolskkub3nvuGz2xJ0aYQVc4bCUF4z
AAy3SFNR4jUSor6hIaStr3Ai3MogGRkZuu6aqy+YqQx2e4rmzJ6lObNn6XR1tfbu269Dh4+EHbFS
ceCAFsyfN6jnmTJ5kmbPnBHUlp2dpVSHI2RKSqcz/Gel2ro6nTod+sVLqsOhBZfO0+hRo0JGUOzd
tz8m01eSEpO0vXxHYNtsNuvKZUv19jsrJUler1c7du5SclKS2qIERcMh0r8st9ut5KTQz36u7m61
XkAjjIBYY4oKEAPpyTZlpNhC2rdVhX5AGmoVNa06HGaKyZQwK6v0dKQh9JhJBWkRww13hGkwSWGm
TgxGXbtrQPUkLGGG3VpjMF3EJOmKCflBbRsO1emlXcGB0NIJeUpMOL/nu1CuGQCGW3JSUtiQo7o6
8mocQ6Wuvl4tLaE3gDnZ0UPsljBLiGZnZUUMNyLdiCckDM+KGoUFBbpy2VLdfMP1soRZxSPc9fRH
yZhiLV54WdjHkpJDb7h9vvCfJ06eCr8E+rVXX6XSkpIhnR7i6nbpyNGqwPbkiRNVVlqistLSQNv+
isqhqxY/AJHCwYYwIZ0kVVQeYPlZfKjxSRiIAZOkWaNCh3HuPtWi9441xvS5PBE+CEhnajA8+Eb4
ZdLmFEdfbjTcaStrIn8rsftU+CGlGWEKnA7G3lMtWv6rlfqHZ97TmsrawNKt4RysbdOWI/Uh7aU5
jpj0ZWmvgKOz26uNh+qC2q6KwfSUC+maAWC45eflhbTVNzToxMnY1haKdnPn9Xq1fuO7YR8rLIy+
ZK0/zGLdTU1NEfevra0L2957qdnzcep0tfZXVEa95vz8PKWlhRZFHexNcGlJScTHBrLqjdPpDGlL
SEhQdnb0zzOxUF1dE6j/YrNZNWf2TEnS/HlzAmGQ2+2O+DscTslhQiNJ2rHz/ZDivfUNDdr23vbh
6BYQN0xRAWLksrJcrawI/abp/mfL9cC1kzV7dJZMpjMjHOy2wf+v98x7VXrt/VO6bfZoXVqSo/y0
JPn8fu093aJfrqgIG6jYLGZdN7Uo6nlHZqaELENaUdOq36ys0JeWjAsqnrn9WKMeXRs6FNeRmKDR
WbFbgcXr82tlRY1WVtQoI8WmS0tyNKc4S/lpSUpPtqrD5dH2Y016csvRsMHPkvGhH5YHY05xluy2
BHVEqKmSbLVoYVlspqdcKNcMAMNt5MgROnb8eEj7OytXacGC+RpRVCSTztzk2myhoyb7a9fuPTp0
6LAmTZygUaNGKtXhkN/vV01trTZt3qqamtqQYywWiyaMHxf1vKmOVDU0Br8HNzY1aeOmzZo/d07Q
KImTJ0+pfOfOkHNYrVZlpEcfcTkQe/ft08FDh7V56zaVjClWaUmJCvLzAqMffD6fKg8eVHNz6GgN
hyO+gXm4lV88Ho9q6+qUl5s7bP2YPm2akj6Y6pGWmqrJkybGrNZHLORkZ4ddrramtlbPPPd/Ki0Z
o5TkZDU2NengocPDtrwuEC8EHECM3Dx9hH635kDIFIOGDpe+8Vx5YPvBj83oM2yI5sWdJ7XvdIt2
nTwzgsJqMcvn90f9tv8T88YoIzn6h8ErJuSHBByS9NiGQ3p6W5XG5aUqMcGiUy2dOhahtsiyCfmy
mIdmvGZzZ7fe2HNKb+zp3zd5M0dlat6Y2CzZarOYtWhsrt7cG3647JLx+UocgiHF8bxmABhukydO
UHn5Djl7Ffh0dnVp5ao1ge1lSy7vM2yI5sCBg2pobFTd+jOj4M6uLBJtxMKkiRPC1jPoqXj0qJCA
Q5J2vb9b+/ZXKDMzQxaLRe3t7WprC184s3j0qD5XOukvj8cTKHrqdDq1d99+7d23XyaTSUlJSTKb
zerq6op4wzumuDgm/Ris3Jzw72evvfGmJk2cqPS0NLV3dGjc2DKlh1mhJRbs9hRNv2RqUNvsmTNV
UXkgbgVwe0tOTlZeXm7YYK6trU07d70f0m6xWAg68KHFFBUgRhITLPrqsvF97neqJXTIZX8dqmsP
CSHcXl/UcKMs16G/X9r3B8HbZ4+OGIK0uzwqP96kTUfqI4YbKTaL/m7J4D9wxlK2PVE//eiMvncc
gGW9pqn0dPWk6MOWh8NQXDMADKeEhATNmT2rz/2irf7Rl4bGxpAQwufzRQ03MtLTdem8uX2e+5Kp
UyLWQzg7neH06eqI4UZCQoLmzp7d5/P01+GjR+XxhI489Pv9cjqd6ujoiHiTm52VpVEjR8SsL4Mx
etQopYYZRdLV5VL5jp1avXadtr23XfX1odM1Y2XOrFkhtT6SkhI1Y/q0IXvOwZgzc+aA9r980UJl
ZmQMUW+A+CLgAGLo4zNH6StLo4ccp5sHH3C8FWEEQSRTi9L1509d2q/RBZkpNj1y1xxl2Qc+7Dc1
yarf3DFHIzJSBnxsJCmJlkGt3jK1KF3/+5kFKsqI7VJ8i8bmhh2dkmS1aNHY2AyVvdCuGQCG25TJ
kzRrZvSwNtKyof1x8OChAe2fk52tm2+8vl8FLZOTk3Xt1csD0xkGwmaz6pqrrlR6euxGIjQ0DK4G
WFpqqq65enncV34xm826YumSPouuNocpCBsLWZmZgWVue5t+yVQ57LGbknu+Ro0aqRnTLunXvpMm
TtCE8eOGpZYJEA9MUQFi7AuLx6okx6E/rDuoiprQN93a9q4wR/XPvQvLlJ+WpJd2nVT5scYw5czO
KExP1j0LSnXrrFEDWlVj2ogMvfDly/WXTUf04o4TqmuPvqJHlt2m66aO0L2XlSrHEf5bq8GaW5yt
t76+TC/vOqm1B2q193SLXJ7w37Cl2Cy6rDRX104p1PJJBUOyrG1aklVzikOXZV08NjdmK8dcaNcM
APEwb85sZWZkqHzHTjWGKdLZ2Tn4LwrmzJ4lh8OhygMHVVMbOqT/LLs9RdOmTtUlU6cMaMpIYUGB
7rjtFpXv2KkDBw+FLZTZU1JSkspKSzRr5gzZU2L3JYEkLZg/T+PGlqnywEEdP3FCTU3hi4OflZiY
qEkTxmvWzJmy2WJTMPx8FRYW6OMfvVnvbt6iEydOhtSZkCSXa2iWR58/b07EkMdisWjOnFlavWbd
kDz3YFw6f56ysrJUvmOnmppDf9d2e4pmzZihKZMnSTozSufgocPD3U1gyJn84f5SAIiJ0y1OHalv
V2uXW1aLWflpSZpUkB6TOhUtTrcqalp1oqlTHd0eJZjNyki2anx+mspyz78wmM/v17HGTh2ub1dd
W5ecbq9MJpNSbBZlpthUluNQcbZ92G6sPT6/jta3q7GzW61Ot/ySMlKsyky2aXS2PagI6ofFxXjN
ANBTW1ubGpua5HJ1y2Ixy263Ky83NyZ1Krq6ulRXX6/W1jZ1d3fLbDYrKSlJOdnZMfl22+/3q6m5
WU1Nzero6JDb45FJZ4pnJicnKysrU5kZGcM2UsLlcqmxsUktba3qdnXL7XbLYrEoOTlZmZkZysnO
jln9j6HgcrlUV18vp/PMF0WJiYnKzsqU/QIaSXGhaGpuVltbm7q6XEpIsCg9PV3ZWYzYwMWBgAMA
AAAAABjehRvTAgAAAAAA9BMBBwAAAAAAMDwCDgAAAAAAYHgEHAAAAAAAwPAIOAAAAAAAgOERcAAA
AAAAAMMj4AAAAAAAAIZHwAEAAAAAAAyPgAMAAAAAABgeAQcAAAAAADA8Ag4AAAAAAGB4BBwAAAAA
AMDwCDgAAAAAAIDhEXAAAAAAAADDI+AAAAAAAACGR8ABAAAAAAAMj4ADAAAAAAAYHgEHAAAAAAAw
PAIOAAAAAABgeAQcAAAAAADA8Ag4AAAAAACA4RFwAAAAAAAAwyPgAAAAAAAAhkfAAQAAAAAADI+A
AwAAAAAAGB4BBwAAAAAAMDwCDgAAAAAAYHgEHAAAAAAAwPAIOAAAAAAAgOERcAAAAAAAAMMj4AAA
AAAAAIZHwAEAAAAAAAyPgAMAAAAAABgeAQcAAAAAADA8Ag4AAAAAAGB4BBwAAAAAAMDwCDgAAAAA
AIDhEXAAAAAAAADDI+AAAAAAAACGlxDvDsTTtB+9Fu8uAABwwdn1L9fFuwsAAAADxggOAAAAAABg
eAQcAAAAAADA8Ag4AAAAAACA4RFwAAAAAAAAwyPgAAAAAAAAhkfAAQAAAAAADCl6YdUAACAASURB
VI+AAwAAAAAAGF5CvDvQX1VVVfHuAgAAFwXecwEAQE/FxcXx7kK/MIIDAAAAAAAYHgEHAAAAAAAw
PJPf7/fHuxMAAAAAAADngxEcAAAAAADA8Ag4AAAAAACA4RFwAAAAAAAAwyPgAAAAAAAAhkfAAQAA
AAAADI+AAwAAAAAAGB4BBwAAAAAAMDwCDgAAAAAAYHgEHAAAAAAAwPAIOAAAAAAAgOERcAAAAAAA
AMMj4AAAAAAAAIZHwAEAAAAAAAyPgAMAAAAAABgeAQcAAAAAADA8Ag4AAAAAAGB4BBwAAAAAAMDw
CDgAAAAAAIDhEXAAAAAAAADDI+AAAAAAAACGR8ABAAAAAAAMj4ADAAAAAAAYHgEHAAAAAAAwPAIO
AAAAAABgeAQcAAAAAADA8Ag4AAAAAACA4RFwAAAAAAAAwyPgAAAAAAAAhkfAAQAAAAAADI+AAwAA
AAAAGB4BBwAAAAAAMDwCDgAAAAAAYHgEHAAAAAAAwPAIOAAAAAAAgOERcAAAAAAAAMMj4AAAAAAA
AIZHwAEAAAAAAAyPgAMAAAAAABgeAQcAAAAAADA8Ag4AAAAAAGB4BBwAAAAAAMDwCDgAAAAAAIDh
EXAAAAAAAADDI+AAAAAAAACGR8ABAAAAAAAMj4ADAAAAAAAYHgEHAAAAAAAwPAIOAAAAAABgeAQc
AAAAAADA8Ag4AAAAAACA4RFwAAAAAAAAwyPgAAAAAAAAhkfAAQAAAAAADI+AAwAAAAAAGB4BBwAA
AAAAMDwCDgAAAAAAYHgEHAAAAAAAwPAIOAAAAAAAgOERcAAAAAAAAMMj4AAAAAAAAIZHwAEAAAAA
AAyPgAMAAAAAABgeAQcAAAAAADA8Ag4AAAAAAGB4BBwAAAAAAMDwCDgAAAAAAIDhEXAAAAAAAADD
I+AAAAAAAACGR8ABAAAAAAAMj4ADAAAAAAAYHgEHAAAAAAAwPAIOAAAAAABgeAQcAAAAAADA8Ag4
AAAAAACA4RFwAAAAAAAAwyPgAAAAAAAAhkfAAQAAAAAADI+AAwAAAAAAGB4BBwAAAAAAMDwCDgAA
AAAAYHgEHAAAAAAAwPAIOAAAAAAAgOERcAAAAAAAAMMj4AAAAAAAAIZHwAEAAAAAAAyPgAMAAAAA
ABgeAQcAAAAAADA8Ag4AAAAAAGB4BBwAAAAAAMDwCDgAAAAAAIDhEXAAAAAAAADDI+AAAAAAAACG
R8ABAAAAAAAMj4ADAAAAAAAYHgEHAAAAAAAwPAIOAAAAAABgeAQcAAAAAADA8Ag4AAAAAACA4RFw
AAAAAAAAwyPgAAAAAAAAhkfAAQAAAAAADI+AAwAAAAAAGB4BBwAAAAAAMDwCDgAAAAAAYHgEHAAA
AAAAwPAIOAAAAAAAgOERcAAAAAAAAMMj4AAAAAAAAIZHwAEAAAAAAAyPgAMAAAAAABgeAQcAAAAA
ADA8Ag4AAAAAAGB4CfHuAC5eXV1d2rJ1m7q6nH3uu2zpUlmt1mHoFQAAAADAiAg4MOwaGhr0wosv
6S+PP6H6+vp+HbNpwzoCDgAAAABARAQcGHaPP/GU/vDYY/HuxrD76c8ekj0lRcVjirVwwQLl5OTE
u0sAAAAA8KFBwIGY8vl8evW11/Xa66+rquqY2trbQ/b59re+qSVLLte6devl8/kC7ffe82klJiWF
Pa/VZhuyPg+Ho1VVevyJJwPbz//tGcMGHP35Hb/+ystyOOwRz7Hnlo/JXVMjSUrIyNDUV14bsv4C
AAAAuDgQcCCmHvvzn/Xr3zwSdZ/Fixbquo9cq7379unvv/I11dbVSZKOnzipX/z7QzKbP3y1b2tr
aoO239+zW6WlJTJbLFGPM5tMMplMQ9m1AevP79jv90V93GK3y9nSIkmyFY2IWd8AAAAAXLwIOBBT
Tz71dNB2QkKC0tLSgtpMpjMBxuRJk3T/P/2jvvnAtyVJb69YoTVr12rZ0qXD09lhVFBQELT9ve//
UN/7/g/7PO6X//FzXX3VVUPVrUEZyO84ElthkVRe/sHPhbHtIAAAAICLEgEHYsbn86mxoTGwvXz5
lfrZT3+ipMTEiMfMmT0raPudlas+lAHH6NGj9LnP3qvH/vTneHflvAzmdxyOrUfgY8vPj1n/AAAA
AFy8CDgQM2azWSUlJTp46JAkqXjUqD5vfNMzMoK2jxw5MmT9i7f7vv41XbbgUq1evUanq2vkdPa9
PG5mRuYw9Kz/BvM7DoeAAwAAAECsEXAgpu699x5VVh5QyZgxmjBhfJ/7W3rV22hsahqqrl0Q5s+b
p/nz5sW7G+elv79jT1OTDvz9l5WxZKnSFixQypSpMn1Qc8SalxfYr+fP8vnUWVmpts2b1LxurUZ+
7euyT5s+ZNcCAAAA4MODgAMxdfONN57X8T5v9OKUH1bd3d168aWXA9tlZaWaNXNmHHsUWX9/x13H
qtTx/vvqeP99nXzkYVnS0pSxZKnSFy2WOencqA+TxaKmt95Uy8aNalmzWu76+nPnOHqUgAMAAABA
vxBwDLG2tjZ1dHQEtjMyMpQUZilUr9erug9WE5Ekm82mrKysqOfu7u5WY+O5egjJyclKT0+PuL/H
49HRqiodP35cLS2tam1tlclsUlpqmopHj9akSROVOIjpBidOnFBF5QE1Nzerra1NZotFDrtdBfn5
KikpUWFhQcRj/X5/8LlOnoz6XDU1NfL7/bJarcrOzg7px5GjR1VXVy+z2azMzExNnDhB+T1HCAzx
9fTmdrt1+PARHTpyWC0trepyOpWSkqLs7GxNnDhBI0ecWUGkfMcOff+HPwoc9+1vfTMQcLS2tqqz
szPwWKR/Q23t7er4YMnW9PR0JScnh+zT0dGhtra2wHZqaqrs9nPLucby9XUdrQra9ra2quHll9Tw
8ktB7Ye/9c2wx0tSV1VVxMcAAAAAoCcCjiH2P//7uH736O8D24/+9hEtXrQoZL+6ujpdefW1ge1L
58/Xn/74+5D9etq3f78+cfenAtt33XG7/vm73wnax+Px6O0V7+j1N97Qxnc3Ra37kOpw6M4779A9
n/qUMjIiByXSmRv3115/Q3/442M62sdN6Phx4/SP93097HW73e6ox/Z29Ueul8fjUU5OjtasXCFJ
2rFzlx79/R+0bv36sMcsXrRID3zrGxpTXBzxvLG6nrPa2zv0+BNP6Iknn4o67WbG9GmaPWuWXnrl
lUBbYmKirli2LLD98iuv6icP/iyw/eBPfqwbb7g+5Fz/9uOf6JVXX5Mkfe2rX9EXP/+5kH0ef/Ip
/ebhc0u8/vaRh7Xk8sWB7Vi+vn6PW8njx8tdVy9Pc5PUK8yKJiE9XdacHJkS+BMFAAAAoH+4e/iQ
O3XqtO7/5rf6tW9be7v++Nif9Nprr+uR3/xK48eHr6/gdDr1T9/8ltasWduv81YeOKA1a9ZGDQQG
qr6+XjW1tdq1a5f+8f5vyueLPLVl3fr12vbee/qvP/1Rl0ydGvJ4rK+nurpaX/77r6rywIE+z7Vj
5y7t2LkrsJ2QkKCf/vjfVFR0bunUsrLSoGPCFWJ1u91avWZNYHvlqlVhA46DBw8FbZeMGRO2X7F4
fXNuuVU5t9wqSfL7vPI2t8jT0qLmle/oxK9+GXSOgns/q+ybblZCeroSMjMDtToAAAAAoL8IOC4y
SYmJGjturPLz8pSYmKSamhpVVlaq7YOpDZJ08tQpffbzX9QzTz8VdjrG7x79fUgYUFpaokumTlVa
apo6OjtUX1+visoDqqmpGbJrWb9+g37y0wcDN99ms1kjR46QxWxR1bFjQTflTqdT33zg23r+b8+E
TN2I5fV4PB7d/60HQsKN9PR0zZgxXRlp6WpsalL5jnK1t3eEHP/sM09r3NixQW29Q4hDhw+HHLd7
956g8+3evUc1tbUh00cqKisCPycmJmrEiKKI1xKr11eSTGaLErKyJItFtX99WpJksdvlc7nk93hU
/9yzyrvzLllzciL2BwAAAACiIeC4CFitVt15++1avvwKTZ06NWRZT6fTqbdXvKMf/fgngVoPjU1N
evDnP9evf/EfQft2dnbqL48/Edi2mM166GcP6tprrg773KdOndb28vKgOiQ9Wc7jm/of/tuP5fF4
lJiYqG9+4590w3XXy+E4U0+itbVVTz71tB7+z98G9j927Lg2bNio5cuvHLLrWblqlcrLdwS2ExIS
9M/f+bY+evNNslqtgfauri49+fRf9R+/ODeSofeKMmfl5eUpPT1dLS0tkqR9+/aH7LN5y5aQtm3b
3tP1133k3HO6XDpy5Ghge8rkyVFf/1i8vkH8flV9/1/Vffr0mev6xCfl7ehQ7ZNPyNPSosPf+oYm
/Pm/mZYCAAAAYFDC31HhQyM7O0tvv/G6HvjWNzRn9uyQcEM6U5z0phtv0H899keZe9xkr1jxTshI
hNOnq4PqZiy7YlnEMECSiooKdcP11+mO228L+3jvG+yzRTf7w+PxSJIe/c9HdOfttwduviUpLS1N
X/riF3T3Jz8RdMzqtcEjNWJ9Pa++9nrQ9re+cb9uu/WWoHBDkpKSknTvPZ8Omkbi9fn0wovBBTgl
yWQyBU39OHnqVMjoj5WrV4cct37DhqDtUydPBY26mDRpYthrOCsWr29PtU8/paYVZ+p6yGxW7m23
q+CezwQCjfbycp18+DdR+wQAAAAAkRBwfMjZ7Xbl5vZv2P/UqVN0x223BrVt2hw8MsBkMgVt19fV
Ra3PMNRuu/UWzZs3N+Ljt3zso0HbvVdpieX1+Hw+bXx3U2DbarXqYx+9Oeoxd9xxe9B2pEKeEydO
CNo+ceJE4Oea2lrt2bNXkjRhwvjAtKKVq1YFhTfHjh8LOkfvqTDhnO/re1bnvr06/tC5QqlZ135E
tsJC2QoLlXvbubCo+s9/UsvaNeFOAQAAAABREXAgyDVXB49eWNvrG/nCwoKgUSA7du7SD370b2po
aBiW/vV2/Uc+EvXxkSNHBm33rqERy+vp6OgIWs51ypTJYetR9JSfl6e83NzA9rFjx0OWzpVCw4ie
YcV7770X+HnG9OmaMP5MGNLe3qHdu/cEHquqCg44SktLovZNOv/XV5K87e06/I375f9gRIgk5X/y
7nM/3/OZoKKih7/9QGAaCwAAAAD0FwEHgkzsNW1he496EtKZ6Sx33/3JoLZnn3teV117nb7/wx9p
23vvyTuMIzp697e3xKSkoG2XqztoO5bX09lrCd70tLR+HZeZlRn42e12q6urK2SfkpLgQqM9l7Jd
v2Fj4Ocpkydr8uRJge1NmzcHfj58OHj1lWjL5p51vq+vJFlSUjTia/+gpDFnAhXHjBmyT5t27hxF
I5Rz65lRHAlZWRrx1a9RbBQAAADAgFHN70Puuef/T1U9boZ7++jNNwd9k5/qcMjhsAdqPLhcLnV2
diolJSWwz5e/+AXt318RVOPB5XLpb88+p789+5xGFBXptltv0Q3XXx92FZZYsVqtctjtfe/Yh1hd
j793ENJr+ovP51Nnp1Mej0cZGek9dgvdr7feYcTRI2d+px6PR6tWn5vSccklU5WXd25EyOq1a/Xl
L31RklRRWRloz8rKUnZ2dsRrkWL3+spsVubVVyvjyivV8MrLsuXkhuxScO+9subkKP/u/yeLw3H+
zwkAAADgokPA8SH3/AsvaMeOnREfv3T+/JCpCllZWUFFLFtbW4MCjqSkJD3ym1/pL48/od/+9nfq
crmCjj956pR+9ZuH9fAj/6k777xDX/riF5SVmalYS05ODgkHBmMor8fv9+uVV1/TM397Vjt27gyE
F7t2bI+4ako4drtdpaUlgVEYVcfOBBx79+1Ta2urJCk/P19jy8qUl3tuadjdu/eosbFRGRkZQQVj
p11ySZ/PGavX9yyTxaKcmz8a9rHEohEq+tKXY/ZcAAAAAC4+TFH5kGtsbBzwMUmJwdMOfL7QmhBW
q1Wf/cw9evvN13Xf178WdmSD1+fTE08+pY/fepv27N074H4Mp6G6nj889ic98J3vant5+XkXY71k
yrmVVI4cPRNwbN9eHmi75qrlMpvNyshI19y5cwLtO3buUnNzs1w9gpveRUsBAAAAwOgYwfEh1+U8
V88hISFBf3v6yaDHi4pCl2XtWShTklJTI08ZyMrK0uc+e68+c8+ntX17uV557TW9/MqrQTfTdXX1
+tLffUUvPv+ssrKyBnspwyKW11NevkNr1oQum5qQkKDBjIsYP35c4OeWlhZ1dHRoy9atgbZFixYG
fr7yimXaunWbJGnLlq0aNSq4GOjYsrJB9AAAAAAALlyM4LhAmHpNVwi3kkZvvXcx91iJ4qyeq3h4
PB6VlZVp/Pjxgf8cjuAaCz6fT9U9VsIwm82y96MOg8Vi0dy5c/SD7/2rVrz5ur7wuc8FPd7Y2Kj/
e+HFPs9zoYjF9ZydOrJ0yRL94dHfat2aVdpV/p52bt8m8wCmp5xVWloatH26ulqbP1jGNzExUbNm
zgw8tuDSSwM/b3h3o5qbmoOOLRkTXLQUAAAAAIyOgOMCYU8JDhFaWlv6PKajoz1oOzU1NWSfnit0
SFJ7e3vIPj2dPHlSnh7LeY4fP27AN+NZWVn6+te+on/55+8EtfdekcUozud6br/tVj38619q4WWX
KSszU5YwIVR/lYwJLjS6YcPGQL2QZUuXBIVZZaWlGj16lKQzq6f0nlJTXDx60P0AAAAAgAsRAccF
IiUlWenp51bWOFB5IKjQZzj791cEbRfk54fsM37cuKDtI0eORj3n5i1bg7YXL1oUdf9orl6+PGi7
oaFh0Oe6EAzmer7yd18e1GiNcIpGjAgKMV58+eXAz0suvzxoX5PJpKt69PelV14J/Dy2rCzoPAAA
AADwYUDAcYEwm81acOn8wLbX59MLL0aeAtHW1qan/vrXoLYpUyaH7DdjxvSg7TfefCviOTs6OvS7
3/8hqG3enDkh+zU2Nsrbj4KZp09XB22PGFHU5zHxMFTXM3HihD6XYh0Ii9msqVOnBLYrKs4t+zp/
/ryQ/RcvXBh233D/TgAAAADA6Ag4hliizRa0ffz4iYj73njD9UHbD/383/W/TzwRNJLD7/dr7759
+ruvfC3ohnvSxImaOCF0ZYwrli4N+rb+iaee0osvvRxyQ3/i5El99ev3qbr63DlLS0vC3jh/7wc/
1A033axH//BHbS8vV1dXV9DjHo9HG9/dpAe++92g9kU9brjPslgsQcul1tTWqq2PaTSxFsvr6Skv
NzfmfZ00cWJI24wZ05WflxfSPm3aJUHL+57Ve1QPAAAAAHwYsIrKECsoCF5u9MGfPaT1Gzeqs7NT
9993X9A38osXL9aCS+fr3U2bJZ0ZxfHgz36un//8PzSmZIySkpJ0+tRpNTY1hTzP/f90X9ipEKmp
qbrv61/TTx78maQzRUS/88//ol8//IguuWSqbFabjh8/rvd37w46zmI26wff+9eQmhF1dfVavWat
fD6fHn7kPwPtebm5KioqlMvVreMnjodMrykZMyZoysRZZrNZY0rG6NChw5Ikt9utW2+/U5MmTpQ1
IUE/f+jB0Bc1hmJ9PT31LhwbC+HCieVXXBF238TERF115ZVBU1kkqaysNOz+AAAAAGBkBBxDbOHC
y5TqcARGJXh9vsDSoVXHjgUFHBazWT/98Y/11a//Q1Dg4PX5AgFAb2azWd/7l3/WpfPnh31cku66
8w6drq7Wf/33/wTaampqVNNjtZSekhIT9dDPHgxaleOs9Rs2yBdmOkdtXZ1q6+rCnm9EUZF+/ctf
hKzYctatt9yinz3088D2iRMndOLECSUnJ8vn88WshkU4Q3E9Q6mkpCSk7bIFCyLuv3jxopCAY0xx
cYS9AQAAAMC4mKIyxLIyM/Xob/8zsKJFT01hRmLk5ubov//8mL777Qei3oharVbdeMP1+utTT+jW
Wz4etQ9ms1n3/+N9+uOjvwuq89Gbw2HXnbffrheef1ZXXrEs7D4333Sj/ue//qR7Pv0pFY+OvhJH
Rka6vvSFz+v5Z/8WddTAJz9xlz5772dCggyTyRT2NYqlobieodR7JZWCggKNGzc24v7z580N2k5K
TFTRiBFD0jcAAAAAiCeT3+/3x7sTFwOv16sDBw6qtq5OiYk2jR41WoWFBX0eV1Nbq2PHjqu9vU0e
j0cpKSnKzspWSckYJSYmDqovra2tOnz4iFpaWuTqdiklJUV5eXkaU1wsW6+aIX1paWnRiRMn1dzS
rM7OTplkUordrsKCfI0uLg6qr9GX5uYWHThwQJ1Op9LT0zVxwnglJSUN9PLOSyyvBwAAAAAwfAg4
AAAAAACA4fF1NAAAAAAAMDwCDgAAAAAAYHgEHAAAAAAAwPAIOAAAAAAAgOERcAAAAAAAAMMj4AAA
AAAAAIZHwAEAAAAAAAyPgAMAAAAAABgeAQcAAAAAADA8Ag4AAAAAAGB4BBwAAAAAAMDwCDgAAAAA
AIDhEXAAAAAAAADDI+AAAAAAAACGR8ABAAAAAAAMj4ADAAAAAAAYHgEHAAAAAAAwPAIOAAAAAABg
eAQcAAAAAADA8Ag4AAAAAACA4RFwAAAAAAAAwyPgAAAAAAAAhkfAAQAAAAAADI+AAwAAAAAAGB4B
BwAAAAAAMDwCDgAAAAAAYHgJ8e4ABsblcqm7u1vd3d3yeDzyeDzy+Xzy+Xzx7hoAAAAAGJLZbJbZ
bFZCQoISEhJks9lks9mUmJgY765hAEx+v98f704gMr/fr46ODjmdTjmdTvHrAgAAAIDhYTKZlJyc
rOTkZNntdplMpnh3CVEQcFygXC6X2tvb1d7eHu+uAAAAAAAkORwOORwORnZcoAg4LjAul0stLS1y
Op1hH09ISFBiYqJsNpusVqsSEhJksVhkMplIEwEAAABggPx+v/x+v7xerzwej9xut7q7u+VyueTx
eMIek5ycrPT0dIKOCwwBxwXC6/Wqubk57IgNm80mu92u5ORkWa3WOPQOAAAAAC4+brdbTqdTHR0d
6u7uDnnc4XAoIyNDFoslDr1DbwQcF4D29nY1NTWFFAq12+1KTU0lFQQAAACAOHO5XGpra1NHR0dQ
u9lsVmZmphwOR5x6hrMIOOKsoaEhZNSG3W5XWlqabDZbnHoFAAAAAAinu7tbra2tIUGHw+FQdnZ2
nHoFiYAjbrxer+rq6uRyuQJtVqtVmZmZSk5OjmPPAAAAAAB9cTqdampqktvtDrQlJiYqNzeXKStx
QsARB263W7W1tUEFaxwOh7KysigUCgAAAAAG4ff71djYGDQqPyEhQXl5edRPjAMCjmHmdrtVU1Mj
r9cbaMvKylJqamocewUAAAAAGKy2tjY1NjYGti0Wi/Lz8wk5hpk53h24mHi9XtXW1gaFG7m5uYQb
AAAAAGBgqampys3NDWyHu/fD0CPgGEZ1dXVB01Ly8vKUkpISxx4BAAAAAGIhJSVFeXl5gW3P/2fv
vuPkOut78X9nZ3e2SquVrC5LsuXe5YIxuAOBBAjFENolBAIJCQncJL+E1BtIIDfhklwILRAgNNNL
AHfAxtiAe8VylyzZVltpV9LW2ZnZ+f2hq9XOzjZJM5o9q/f79fLrteeZc+Y8M2dGnudznpLPR2dn
Zw1rdOQRcBwmO3fuLJlQdOHChSYTBQAAmEWam5tLenJks9nYuXNnDWt0ZBFwHAa9vb0lk87Mnz9f
zw0AAIBZqKWlJebPnz+yPbY9SPUIOKqsUChEd3f3yHZbW5s5NwAAAGaxOXPmRFtb28h2d3e3+TgO
AwFHle3atSuGh4cjIqKhoaEkyQMAAGB2mj9//sgqKsPDw7Fr164a12j2E3BUUTabLemK1NHREalU
qoY1AgAA4HBIpVLR0dExst3b21syLyOVJ+Coot27d4/83draalJRAACAI0hzc3O0traObI9uI1J5
Ao4qyWazMTAwMLI9d+7cGtYGAACAWhjdFhwYGNCLo4oEHFUyemhKa2trZDKZGtYGAACAWshkMiW9
OKyoUj0CjiooFoslH1qrpgAAABy5RrcJe3t7o1gs1rA2s5eAowr6+vpG/s5kMtHY2FjD2gAAAFBL
jY2NJb36R7cZqRwBRxWMnntjdFckAAAAjkyj24aj24xUjoCjCkZ/WK2cAgAAwOi2oYCjOgQcFZbN
ZkfGU9XX10dDQ0ONawQAAECtNTQ0RH19fUTsnbfRaiqVJ+CosKGhoZG/zb0BAADAPqPbiKPbjlSG
gKPCRn9ILQ0LAADAPqPbiAKOyhNwVFg+nx/52/AUAAAA9hndRhzddqQyBBwVNvpDum98FQAAAIxu
Iwo4Kk/AUWHDw8Mjf6fT6RrWBAAAgJlkdBtxdNuRyhBwVNjoD2kqlaphTQAAAJhJRrcRBRyVJ+Co
IgEHAAAA+2gjVpeAAwAAAEg8AQcAAACQeAIOAAAAIPEEHAAAAEDiCTgAAACAxBNwAAAAAIkn4AAA
AAAST8ABAAAAJJ6AAwAAAEg8AQcAAACQeAIOAAAAIPEEHAAAAEDiCTgAAACAxBNwAAAAAIkn4AAA
AAAST8ABAAAAJJ6AAwAAAEg8AQcAAACQeAIOAAAAIPEEHAAAAEDiCTgAAACAxBNwAAAAAIkn4AAA
AAAST8ABAAAAJJ6AAwAAAEg8AQcAAACQeAIOAAAAIPEEHAAAAEDiCTgAAACAxBNwAAAAAIkn4AAA
AAAST8ABAAAAJJ6AAwAAAEg8AQcAAACQeAIOAAAAIPEEHAAAAEDiCTgAAACAxBNwAAAAAIkn4AAA
AAAST8ABAAAAJJ6AAwAAAEg8AQcAAACQeAIOAAAAIPEEHAAAAEDiCTgAAACAxBNwAAAAAIkn4AAA
AAAST8ABAAAAJJ6AAwAAAEg8AQcAAACQeAIOAAAAIPEEHAAAAEDiCTgAAACAxBNwAAAAAIkn4AAA
AAAST8ABAAAAJJ6AAwAAAEg8AQcAAACQeAIOAAAAIPEEHAAAAEDiCTgAkkbbeQAAIABJREFUAACA
xBNwAAAAAIkn4AAAAAAST8ABAAAAJJ6AAwAAAEg8AQcAAACQeAIOAAAAIPEEHAAAAEDiCTgAAACA
xBNwAAAAAIkn4AAAAAAST8ABAAAAJJ6AAwAAAEg8AQcAAACQeAIOAAAAIPEEHAAAAEDiCTgAAACA
xBNwAAAAAIkn4AAAAAAST8ABAAAAJJ6AAwAAAEg8AQcAAACQeAIOAAAAIPEEHAAAAEDiCTiqqFgs
1roKAAAAzBDaiNUl4Kiwurr9b6kPLwAAAPuMbiOObjtSGd7RChv9IS0UCjWsCQAAADPJ6DaigKPy
vKMVVl9fP/J3Pp+vYU0AAACYSUa3EUe3HakMAUeFjf6Q5nK5GtYEAACAmWR0G1HAUXkCjgrLZDIj
fw8NDdWwJgAAAMwko9uIo9uOVIaAo8JGf0iz2WwNawIAAMBMMrqNKOCoPAFHhTU2NkYqlYqIveOr
DFMBAAAgl8uNzMGRSqWisbGxxjWafQQcVdDc3Dzy98DAQA1rAgAAwEwwum04us1I5Qg4qmD0h7Wv
r6+GNQEAAGAmGN02FHBUh4CjClpbW0f+HhoaMhcHAADAESybzZZMMDq6zUjlCDiqIJVKRVtb28h2
T09PDWsDAABALY1uE7a1tY3M20hlCTiqZHTA0dfXZ8lYAACAI9DQ0FDJ8JTRbUUqS8BRJY2NjSXj
qvbs2VPD2gAAAFALo9uCzc3NVk+pIgFHFbW3t4/83dfXZ0UVAACAI8jAwEBJ743RbUQqT8BRRY2N
jSXdj7q7u6NYLNawRgAAABwOxWIxuru7R7bb2tr03qgyAUeVzZs3L+rq9r7NuVwuurq6alwjAAAA
qq2rqytyuVxERNTV1cW8efNqXKPZT8BRZel0Ojo6Oka2e3t7raoCAAAwi/X09ERvb+/IdkdHR6TT
6RrW6Mgg4DgM2traSoaqdHV1RX9/fw1rBAAAQDX09/eX9Nwf2x6kegQch8mCBQtKxlt1dnaadBQA
AGAWGRgYiM7OzpHtxsbGWLBgQQ1rdGQRcBxGCxcujPr6+pHt7du368kBAAAwC/T398f27dtHtuvr
62PhwoU1rNGRR8BxGKXT6Vi0aFHJ2KvOzk5zcgAAACRYT09PSc+N8dp+VF+qaN3Swy6Xy8X27dsj
n8+PlLW1tcX8+fMjlUrVsGYAAABMV7FYjK6urpIJRevr62PRokXR0NBQw5odmQQcNVIoFKKzszOy
2exIWUNDQ3R0dERzc3MNawYAAMBUBgYGoru7e2Qp2Ii9c24sXLhQz40aEXDU2M6dO0vSvoiI1tbW
mDt3bmQymRrVCgAAgPEMDQ3Fnj17oq+vr6S8ra3NhKI1JuCYAXp7e6O7uzuGh4dLyltbW2POnDkl
q68AAABw+GWz2ejp6SkLNurq6qKjo8NSsDOAgGOGKBQKsWvXrrLeHBERmUwmWltbo7m52TguAACA
wySXy8XAwED09fXF0NBQ2eNtbW0xb948Q1JmCAHHDJPNZmP37t0xMDAw7uP19fXR2NgYmUwmGhoa
or6+PtLpdKRSKROUAgAAHKBisRjFYjEKhULk8/nI5XIxNDQU2Wy2ZGGI0Zqbm6O9vV1v+xlGwDFD
ZbPZ6O3tHbdHBwAAAIdfW1tbtLW1CTZmKAHHDFcsFqOvry8GBgZiYGAgXC4AAIDDI5VKRXNzczQ3
N0dra6te8zOcgCNhstlsDA0NxdDQUOTz+cjn8zE8PFw2QSkAAADTU1dXF3V1dVFfXx/19fWRyWQi
k8noqZEwAg4AAAAg8epqXQEAAACAQyXgAAAAABJPwAEAAAAknoADAAAASDwBBwAAAJB4Ag4AAAAg
8QQcAAAAQOIJOAAAAIDEE3AAAAAAiSfgAAAAABJPwAEAAAAknoADAAAASDwBBwAAAJB4Ag4AAAAg
8QQcAAAAQOIJOAAAAIDEE3AAAAAAiSfgAAAAABJPwAEAAAAknoADAAAASDwBBwAAAJB4Ag4AAAAg
8QQcAAAAQOIJOAAAAIDEE3AAAAAAiSfgAAAAABJPwAEAAAAknoADAAAASDwBBwAAAJB4Ag4AAAAg
8QQcAAAAQOIJOAAAAIDEE3AAAAAAiSfgAAAAABJPwAEAAAAknoADAAAASDwBBwAAAJB4Ag4AAAAg
8QQcAAAAQOIJOAAAAIDEE3AAAAAAiVdf6wqwXy6Xi3w+H4VCIYaHh2N4eDiKxWKtqwUAAEBEpFKp
qKuri7q6ukin01FfXx8NDQ21rhb/T6qoBV1T+Xw+hoaGYmhoSJgBAACQMKlUKjKZTGQymaiv14eg
lgQcNZLP52NwcDByuVytqwIAAEAFNDQ0RFNTk6CjRgQcNdDf3x/ZbLbW1QAAAKAKGhsbo6WlpdbV
OOIIOA6jQqEQfX19USgUal0VAAAAqiidTkdra2uk0+laV+WIIeA4THK5XPT19ZlnAwAA4AiRSqWi
tbXVRKSHiYDjMMjlctHb21vragAAAFADbW1tQo7DoK7WFZjt9g1LAQAA4MhkqoLDQ8BRZYalAAAA
HNmKxaIb34eBgKOK+vv7pXQAAABEoVCI/v7+WldjVhNwVEk+n7cULAAAACOy2Wzk8/laV2PWEnBU
yeDgYK2rAAAAwAyjrVg9Ao4qyOfzkcvlal0NAAAAZphcLqcXR5UIOKpgaGio1lUAAABghtJmrA4B
RxX4sAIAADARbcbqEHBUWC6XsywsAAAAEyoWi6Y1qAIBR4UZSwUAAMBUtB0rT8BRYYVCodZVAAAA
YIbTdqw8AUeFDQ8P17oKAAAAzHDajpUn4KgwH1IAAACmou1YeQKOCjPBKAAAAFPRdqw8AQcAAACQ
eAIOAAAAIPEEHAAAAEDiCTgAAACAxBNwAAAAAIkn4AAAAAAST8ABAAAAJJ6AAwAAAEg8AQcAAACQ
eAIOAAAAIPEEHAAAAEDiCTgAAACAxBNwAAAAAIkn4AAAAAAST8ABAAAAJJ6AAwAAAEg8AQcAAACQ
eAIOAAAAIPEEHAAAAEDiCTgAAACAxBNwAAAAAIlXX+sKAABs79wRO3Z0TXv/unRdnHTCcVWsEQCQ
NAIOAKDmduzoip7e3mnvn06nq1gbACCJBBwAMMttevrZ6OntjabGxmhqaowlixfNqICgUChEb19f
rasBACScgAMAZrnOHTsjn89Hb29fpFKpWL5saa2rVGJgcDDa584d97FcLhd9/f0lZfX16Whra6vY
+Xd2dZdstzQ3R3NzU8WeHwA4PAQcADCL5fP5yOfzJWVDQ7nIZBpqVKNyba2tceIJa8rKh4Zy8fAj
j5WULV2yOFasWBZ1qVRFzj08PBxPPLmhpGz5siWxYvmyijw/AHD4CDgAYBarq6uLVCoVxWIxIiKK
xWI8+NC6aGpqilRMHRLMmzc3li1dUu1qjmv9UxtjMJsd2e7omBcrj15ek7oAADOfgAMAZrG6urro
6JgXXaOGYeTzhejtnd6cF42NmWpVbVLZ7FDs3r2npOyoBfNrUhcAIBnqal0BAKC6jl29Mjrmtde6
GgdkvElHW5qba1ATACAp9OAAgFkunU7HCcevicFsNnr29EYunxsZsjKVlpaWKtdufLlcrqwsnXZf
BgCYmIADAI4QTY2N0bSwsdbVmJbi8PQCGACAfdwKAQBmHPEGAHCg9OAAgFmqp7c3stmhyOXyUSgU
or4+HQ319dHc3BwtLZWbzyKXy0VPb18MDQ1FoVCIYnHvcJJMJhMtzc3R3Nx0EM964BHH2GE3qQot
JQsAJIOAAwBmkd7evti6bXvs3tMT+Xx+wv0ymYaY194ey5ctjUym4YDPMzw8HNu2d0Zn584YGByc
dN9MQ0MsWDA/li1dHPX10/vpsb1zZ1lZLpePhobx6/rwI4/Fnp7eke3W1pY47ZSTpnUuAGB2EHAA
wCwwXCzGU09tis4d5cHAeIaGcrG9c0fs2NkVy5ctiWVLl0z7XP39A/H4k+tjcDA7vXPlcrFl67bo
3LEz1hy7Kua1J2tFFwAgGczBAQAJVywW49HHnph2uDHa8PBwPP3M5nh285Zp7T84mI11jzw27XBj
tHw+H48/vj729PQc8LEAAFPRgwMAEu6ZZ7fEnj3locGctrbomNceTc1NUVeXiny+EL29fbGzq7ts
GdZnnt0Sra0tU/auePzJ9VEoFErKUqlUzJ07J+a1z43GTCZSdXWRz+Wip68vurq6I5/fv/9wsRgb
NmyKM8849RBeMQBAOQEHACTYvrkwRkulUnHsMaviqAXzy/ZfML8jjl6xLNZv2Bg7u7pLHtu8eduk
AceOnV3R3z9QUpbJNMSJxx837qSlRx21IFYsWxoPP/p4DAzsn6djMJuNrq7umD+/Y8Jzze+YF1u2
bispm+78HQDAkckQFQBIsD09PWU9KhYtPGrccGOfurq6OG7NMWWhRE9vb9lzjbZtW3mQcvyaYydd
kaWhoSGOPWZVWXn37t0THhMxfphhURQAYDICDgBIsKGhXFlZa0vLtI49asGCsrKxPTT2yeVy0dvX
V1I2r31utLW1TnmettbWaGpsLCkbHDjwOTwAACYj4ACABKtPpyM1pmvD+qc2xiOPPTHuvByjtTQ3
lZVNtLRsz6glWPeZ3zHxEJOxGptKA478JD1FAAAOhsGsAJBg8+d3xNo5bdG5oyt2du2fI2P37j2x
e/eeaGtrjRXLlkZ7+9yyY9PpdFnZcLE47nkGBgfLyqbTe2PkXHWl91SKE5wHAOBg6cEBAAnX0NAQ
y5YujtNPPTlOOemEaGhoGHmst7cvurp3HfI5crnSnh2pVCoaGzOH/LwAAJWiBwcAzALFYjE2Pf1s
bO/cEcPDwyWPNY0ZHnIwxg5dSafryobGAADUkoADAGaBxx5/Mnbt3jOyva9XR8e89mhsPPSAY+yQ
EuEGADDTCDgAIOG6uneVhBsRESedcNyky7ceqLp06ajW4WFzaAAAM4s5OAAg4XaPCTeamhorGm5E
RNSnS++JjB0GAwBQawIOAEi47NBQyXZDfeU7aI5dcaVYLEY2OzTB3jVwkENmxuuHYvgNACSTgAMA
Eq5YNlyk8g30luamsrK+/v6Kn+dgjQ1gCoXCtI4bO3nqeM8FACSDgAMAEq/682HMmdNWVtZdgeVn
K2Vsr5Vsdmhaw2j6+8pDmtHL7AIAySHgAACm1NDQEI2NmZKy7u5dMTSUq1GNSrW1tZZsF4vF6Nyx
c8rjxttnvDAHAJj5BBwAkHilQ1KGi9WZAHR+x7yS7cLwcDz+5PqqTDg63iCbwiTnmdc+t2zujGee
3RJ94/TQ2Gfrtu3RvWt3SVlLS3Nk9OAAgESyTCwAJFx9femcEf39A9G9a3fMaWuLoaGhiq2osmTJ
4ti2fUdJoNHb2xf3P7gujlowf+88HalUZLPZWLxo4SHNZVHfUP4TZfPmrbF0yaLI5wuRyWRKepQ0
NDTE/I55sbOre6Qsn8/HuocfjY6OeTF37pzINDREsViMwWw2urt3R09vb/lrXLzooOsMANSWgAMA
Eq6lpTm6Rs2HUSwW47HHnxzZPuO0U6J5nElCD1SmoSFWHr08ntr4dEn50NBQbN6ytaRs7pw5ZcNG
DkRrS0tZWeeOnSNDSo5esTyWLV1c8viqlStiT09v5HL7h80MF4uxs6u7JPiYyLz2ubHwqAUHXWcA
oLYMUQGAhFu0cGHUT7I0bCVXO1m8aGEsX7Zkyv2y2ewhnaelpTna586Z8PGBgYGysoaGhjjxhDVl
c4VMx7z2uXHcmmMO+DgAYOYQcABAwjU01MdJJxw3YS+N0T0aKmHF8mVx4gnHRVvrxD00hipwzuPW
HBvz5rWP+1h+gmVgW1ta4rRTTo7ly5ZGJjN10NHa2hJrjlkVJ55wnOVhASDhUsVisfpryx1Burun
7gILANXS19cfff39MTw8HPX19TF3Ttu0GvoHa2goF719fZHL5aJYLEZ9uj5aW1sqMiRmn8FsNnp7
eiOXL0R9fTpampujtbV8CMt4stls9Pb1Ry6Xi0KhEKlUKtLpdGQymZjT1lY2fwkAHE4dHR21rsKs
IuCoMAEHAAAA0yHgqCxDVAAAAIDEE3AAAAAAiSfgAAAAABJPwAEAAAAknoADAAAASDwBBwAAAJB4
Ag4AAAAg8QQcAAAAQOIJOAAAAIDEE3AAAAAAiSfgAAAAABJPwAEAAAAknoADAAAASDwBBwAAAJB4
Ag4AAAAg8QQcAAAAQOIJOAAAAIDEE3AAAAAAiSfgAAAAABJPwAEAAAAknoADAAAASDwBBwAAAJB4
Ag4AAAAg8QQcAAAAQOIJOAAAAIDEE3AAAAAAiSfgAAAAABJPwAEAAAAknoADAAAASDwBR4WlUqla
VwEAAIAZTtux8gQcFVZX5y0FAABgctqOlecdrTAfUgAAAKai7Vh53tEKS6fTta4CAAAAM5y2Y+UJ
OCqsvr6+1lUAAABghtN2rDwBR4U1NDSYLAYAAIAJpVKpaGhoqHU1Zh0BRxVkMplaVwEAAIAZSpux
OgQcVeDDCgAAwES0GatDwFEF9fX1uhsBAABQpqGhwfwbVSLgqJKmpqZaVwEAAIAZRluxegQcVVJf
Xx+NjY21rgYAAAAzRGNjo94bVSTgqKKWlhZrGwMAABDpdDpaWlpqXY1ZTcBRZa2trZaNBQAAOIKl
UqlobW2tdTVmPQFHlaXTaR9kAACAI1hra6ve/YdBqlgsFmtdiSNBLpeLvr6+8HYDAAAcGfb13LDK
5uEh4DiMCoVC9PX1RaFQqHVVAAAAqKJ9vfn13Dh8BBw10N/fH9lsttbVAAAAoAoaGxtNKFoDAo4a
yefzMTg4GLlcrtZVAQAAoAIaGhqiqanJUrA1IuCosXw+H0NDQzE0NGR+DgAAgIRJpVKRyWQik8kI
NmpMwDGD5HK5yOfzUSgUYnh4OIaHh4UeAAAAM0QqlYq6urqoq6uLdDod9fX1JhCdQQQcAAAAQOLV
1boCAAAAAIdKwAEAAAAknoADAAAASDwBBwAAAJB4Ag4AAAAg8QQcAAAAQOIJOAAAAIDEE3AAAAAA
iSfgAAAAABJPwAEAAAAknoADAAAASDwBBwAAAJB4Ag4AAAAg8QQcAAAAQOIJOAAAAIDEE3AAAAAA
iSfgAAAAABJPwAEAAAAknoADAAAASDwBBwAAAJB4Ag4AAAAg8QQcAAAAQOIJOAAAAIDEE3AAAAAA
iSfgAAAAABJPwAEAAAAknoADAAAASDwBBwAAAJB4Ag4AAAAg8QQcAAAAQOIJOAAAAIDEE3AAAAAA
iSfgAAAAABJPwAEAAAAknoADAAAASDwBBwAAAJB4Ag4AAAAg8QQcAAAAQOIJOAAAAIDEE3AAAAAA
iSfgAAAAABJPwAEAAAAknoADAAAASDwBBwAAAJB4Ag4AAAAg8QQcAAAAQOIJOAAAAIDEE3AAAAAA
iSfgAAAAABJPwAEAAAAknoADAAAASDwBBwAAAJB4Ag4AAAAg8QQcAAAAQOIJOAAAAIDEE3AAAAAA
iSfgAAAAABJPwAEAAAAknoADAAAASDwBBwAAAJB4Ag4AAAAg8QQcAAAAQOIJOAAAAIDEE3AAAAAA
iSfgAAAAABJPwAEAAAAknoADAAAASDwBBwAAAJB4Ag4AAAAg8QQcAAAAQOIJOAAAAIDEq691BQCS
pFgsxje++e2SsssvuzQWLVpYoxoxkwwPD8emp5+O7ds7o6GhIVYsXxYLFx7cZ6O3ry+yg4ORTqej
ta0tGuoP7n/ZlawTAMBMJuAAEufOu+6OW265ddr7NzY1xrv+4J0VOXexWIyrrr6mpGzt2rMEHMR9
990fn/uvL0R3966RslQqFb/+khfHG9/wuimPLxSG44477ozb77gzHnnkkejt6xt5LJ2ui2OOOSYu
uvD5cfHFF0077DjUOgEAJImAA0icm392S9x33/3T3r+ttbWKtame7u5d0d/fP7LdPq89sa9lJqr0
+9vV3V0SJETsDcSuufa6WLPm2Dj/OedNevyOnTviE5/6j3EfKxSG44knnownnngybrrp5viLP//T
mDt3btXrBACQJAIOYEpXX3NdPLRuXSxftjSWLFkSF134/MhkMjWpSzabjV/96qGanPtw+95/fz9u
vOmnI9tve+tb4vLLLj2o55pJ13CmqOT7GxFxztlr48qvfj1Wrjw6tmzeUtIDY926hysWJjy1cWN8
4Ytfjnf/8btmTJ2Y/X7xZGfc/Pj2OG7RnDhp8dw4ffm8WlcJAMoIOIApXX/DDdHV1R0PPPBgZDKZ
Q2oEHqqdO3fGc89/zriPdXV1x7qHHy4pa29vj9NPP+1wVG1Gm0nXcLZqb2+PT33i3yOTycSzz26O
9/7V34w8ViwWp/08p5x8cpx22qkxf35HDA4OxkPrHo4777yrZJ8777o7du/eHe3t7YelTvCNuzfF
TY9ui4iI56xeEJ998/k1rhEAlBNwAJMaHByMrq7uke1CoRC9vX0xZ05bTeqzbNmyeOfvv6OsvKen
N/73v3yopOwNr39dvOTFL4p0On24qjcjzbRrOJtN1Ctm7dqzpjy2rbU1PvTPH4xly5aVlL/wBZfH
lV/9Wlx73Q0jZcViMbZu2z5lwHGodWJ8uXw+Nm/eHD17eqKvvz+iWIzmlpZYtPCoWLx4caRSqVpX
seLW7+gd+Vs2BsBMJeAAJlVfXx/pdDoKhUJE7G0c/+Vf/22sXrUq0umpV5peu/asuOzSS6pdzfjS
l78SmzY9PbJ92aWXxEt/4yVVP+907enpiZtvviV+cuON0dvbN/UBsTeYGO1nt9x6UD0vknIND0Ut
39+xNm/eHJ/69GdKyq659rq45trryvY995yz48W/9qKIiGhtbY3WCeYAWbv2rJKA43DVif127NgZ
d919d9x5513x5PoNkc/nx92vra0tLr/sknjxr71oWgFUUrRl9v9kvHPjzvjz79wbK+dPb86aZe3N
ccXZR1eratTAg8/uiu/f/0z0Zsf/HkzlHRceF2sWCtmByhNwAJOqr6+Pyy69OH78k5tGynbv3h33
P/DAtI5fvHhxtao2Yvfu3XHb7XeUlD3vgudW/bzT9Y1vfiuuu+6GyE3QIJqulUcfXAMhCdfwUNT6
/d3n3vvuj2uvvT4efuSRsuEfDz/8yCGds6+vv6xswfz5Na3TkeKZZ56N7/339+OOO++a1rCe3t7e
+MEPr44bb7o53vWHvx+nnzY7hsi9/rxV8Xc/2P9vxvXrtkz72HNWzhdwzBJ3btwZH/3Jo/HAs7um
3nkSr157tIADqIqpb90BR7w3vuH1ccnFF9W6GhPauOnpsobHTGqU33nX3Yfc+I6IOOmkEw/62Jl+
DQ/FTHh/IyLuv/+BWPfww1WZ2+KmUZOhRkSsXr0qjjpqQU3rdKTYtWtX3H7HnQf8Hvb29sa//dtH
44knnqxSzQ6vV5y5Iv7m10+Nec1H9uTER7ofrdt6yOEGQDXpwQFMKZPJxDve/rZ4zRWvjvUbNkRP
T8+E3bPHOvow3A3u7e0tK2tsrM6P8FQqFb/zljeXlC1auHDSY171ylfEwMDAIZ979epVB33sTL+G
h2ImvL8REWevPSsWLjzqgI5ZuXLq9/bGm34aDzz4q5KyV7z8ZTWt05Hk1FNPiWOPPSbWr98wUrZ6
9ao4+aQTY9HCRdHS2hKFfCG2btsav7ztjujs7BzZL5fPx+f/64vxgX98X9TVJf+e0uvOXRWvOXtl
PLZtT3T1D8VgrjCt4zpahCKzxRVnHx3nHzN1uDqV4xfNqUBtAMqlim7rAAn3s5/dGp/57OdKyj79
qY9POJ8BJMVjjz8eH/ynf45CYXik7Jyz18b/fM8fz8qJLGequ+6+Oz7/X1+KSy+5KC6+6MJYsmTJ
uPvl8/m48mtfjx/96Ccl5X/zV++Nk08+6XBUFQCOaHpwAIlXDDkts8+ePXvi3z/2yZJwY8H8+fH2
332bcOMwO3vt2jjzzDOjoX7yn0319fXxP974hnjggQdj27btI+UPP/JozQKOp7v747/ve2Zk+4Un
LY6Tl86eyU+TwDUAOHwEHECJnV1d0d3VHT29vdHQ0BBtra2xaNGiaGlpLtmvWCyWjUkf3QV7eHi4
5LFUKlXWKOvt64uunV2Ry+WiuaU55rW3R0tLywHX+UA7ok1V90odm4TzTOc6TSafz8fGjZti1+7d
sWfPnigWizGnrS3mdcyL1atXT9kgnMjBvKbu7l2xY8eOyOfz0d4+N5YuXTrpaznY921nV1ds3Lgp
+vr6oqW5ORYvXhzLly+r+Lm+9OUrY9eu/WPdU6lU/NG7/mDC5X0r/foPx3e4WCxGZ+eO2Lx5c+zp
6YnsYDYaMg0xZ86cWLVy5bTmGZnOa5nMdF5nXV3dtJ8vnU7H6aedFtu23ThSNvo6VkIxIjbv6o8N
O/qiZzAXvUP5qK+rizlN9XHMgrY45qjWqPt/r+HaX22O/7z1iZFjz1tdPjltMSKGh/e/f3V1qZju
vwKHcuw+PYO5eGTbntjZOxS92VzUpVIxt6khFs5pjJOWzI3G+kNb6nt7z2Cs39EbnT3ZGMgVoi4V
0ZKpj4VzGmPV/NZYNKfpgJ8zidegGBHPdvfHkzt6Y3f/UAzmh2NuU30c1dYUpy9vP6D3eUdvNjbv
HohURCyb1xwLWhsn3X+4WCxZXjhdN/1PSTEi1nf2xraewejqy0Y2NxzzWhpiQVtjnFyBzwcwuwg4
gIiI+PkvfhnX3/CjknHmo73+da+Nl730N0a2b/rpzfH5//piyT6f/+ynI5PZO9b6Ax/853js8cdH
Hjt77Vnxp3/ynpHtK7/6tbJlL1OpVBxzzOp4/gUXxCWXXBxNTZP/YNrnhht+XFbW29c34RCVX952
e3zyU58uKfvExz4yrSUdv/Wd78YPfnDVyHZba2v8x6c+XtPzfPTfPxF33X33yPZpp54Sf/neP5/y
HLl8Pt76tneUlP32m98Uv/aiF0557FNPbYzrrr8h7rn33ujvH39dke5bAAAgAElEQVT+i8bGxjjj
jNPjN1/20jjmmNVTPudo3/3e9+N7//39ke3JXv/PfnZr/OCqq2Pr1q0l5QsXLozffetb4rTTTh33
uE//5+fi1lt/PrK9auXK+OAH3j9hnfb09MTnPv+FuPvue8oe+723/25cfPGFEx772ONPxD9+4J9K
yv7z05+M5ubmcfffuXNn2cpAL3rhC+L4448r27dar7+a3+EdO3bGDT/6cdx++x2xs6tr3H0i9q7o
8luvvSLOOuvMCfeJOPjvQETEH77r3dHbt39p4Ve98hVxxatfOa1jJ9LQ0HBIx49nIFeIHz+8NW56
dFvctmHHpMtzzmvJxJvPXx3NDen41M/2X8PFc5vi3FXlodGdT+2Mt3/59pHtP33hSfE7Fxw7rXpd
96vN8d7v3Tey/Q8vPyNeedaKKY/LFYbjqgc3x9fv2hiPbNk9YT+8dF0qzlu1IN70nNVxyQmLplWn
iIjebD6+ftfG+P79z8TGnZMvHb1sXnO84MQl8abzV8ey9vG/kxHJvQbrd/TG1+7cGD95ZGvs6M2O
+xyZdF286JQl8Z7LT4olcycOfK5+cHN84ubH4pnu/Ss7pSLi4hMWxftfdkbMbx1/vpV3Xnln3LZh
R0RE1KVSce/f/vqUAc7m3QPx5ds2xI8f2Rrb9gyOu08mXRfnrpofv3Xuqrj8xJkzuThQOwIOOMIV
i8X49Gc+G7f+/BeT7jd37twDet5zzz27pHF0/wMPxsDAwEiD7thjyn+4FYvFWL9+Q6xfvyF+cNXV
8Z53vytOOP74Azov1TU0NBRXfvXrceNNP52y50w2m40777wr7rzzrrjs0kvid97y5kinK3+nbcPG
p8oa9xERnZ2d8X/+9f/GBz/w/lixfHnZ4z17ekq2J+oZsc9HP/qxePSxx8d9bPGSyv6wfvrpZ8rK
Lr5o/AClWq+/mt/h++6/P6659rpxX89om55+Oj78bx+J11zxqnjlK35zyv1nis2bS5dQnTdv3iE9
X2dvNl7xyZsnbVCPtqt/KD5202MlZa2Z+vg/V6yN+gO4c14t2/YMxp99+55prcZRGC7GbRt2xG0b
dsRLTl0a73/5GdHcMPm/Iw88uyv+5Jt3R+cEjfmxNu8aiC/fviHqUhF/9qKTx90nydfgW3dvim/c
tXHSfYYKw3H1g5vjZ493xpVve16sXjD+DYLO3sGScCNibw+Lmx/bHn/+nXvjc799/rjH7RoYGvl7
blPDpOFGMSL+85Yn4jO3PBFDheFJ9txb71+s3xG/WL8jzlg+Lz50xdpJQypg9kv+lN7AIbnu+h9N
GW5ERBy3Znp3kvY568wzSrYLhUKsW/fwyPYpp0w+Hn337t3xwX/653j4kUcP6LxUTy6fj49/4lPx
kxtvOuBhQTf99Ob49Gc+WzYcoBLWnjnx3f1CoRA3/fTmcR/bvKW0ETrRxJEREU888eSE4UZExIrl
y6ao5YEZGCy/W9nePn7IWK3XP5O+w9/+zvfigQcePOTnORy2bt0av3qodNWbkw9xCeJsrlDWsG5q
SMdZKzrishMXx8vPWB4vOnlJnLh47siwiNHOP2ZBfPP3LoyzVnQcUj0qYTBXiD/82p1l4UYmXRdn
ruiIy09cHBcfvyiOWzSnrBF83UNb4u9+8MCkz791z2C888o7ysKNY45qi8tHvVfnrJwfKzqmP5xq
tlyDtsb6OHvl/JH3edm80jCgZzAXf/bt8l5q+1x2wt4wd1l7c5y2rL3ktd65cWes31G+qllhuFgS
ikwUnkTsDTc+eM2v4uM/fawk3KhLpeL4RXPikuMXxQtOWhJnruiIpjFB1wPP7orf/dLtsXn3oa+q
BSSXHhxwBCsUCnHV1VeXlV/w3PPjgueeH3Pnzo3+/v7YsmVrLF269ICee9myZbFkyeLYunXbSNk9
994X55xzdkREtLe3x+t+6zXR3NwShXw+Nj39dNx+xx0xOLj/R2mhMBwf+9gn4gP/+P6YP7/2P8yP
dN///g/innvvKylLp+viueefH+edd07M75gf6fp07NixM+6559742S23lgQhv/jlbXHCCcfHC19w
eUXrddJJJ8YrX/Gbcfppp0Y6nY4vfPHL8dTG/XcrN216uuyYRx99rGQ5z4jJG6HPPPtsWdnv/97b
4/jjjou+SYZDHazxAqSJ5oCo1uuv9nc4lUrFGaefHmvXnhlHH310tLa2RD6Xj02bno6rrr6mLIC5
9rob4owzTh/3PZgp+vsH4uOf+I+SiWFXrFgeJ5xwQkWef35rJl52+vJ4yalL4+Ql7ePOY7Bl90D8
y/Xr4sZH91+3uU0NcfQBNOar6bM/fzIe376/91BTQzr+5AUnxavXriibS6GzZzD+89Yn4+ujeh/c
sG5L/OTUpfGCk8YPJL/4y/UlQcRZKzri/S8/PY45avweWjv7snHf091x46PbyhrM40niNUjXpeLl
ZyyP15y9Ms5cMa8sgLnp0W3xF9+9N7L5vZ/bx7f3xD2buuLsleVzhaxa0Brfe+fFsWbh3vfzu/c+
He+7an/4uGFHbxw75r2+Yd2Wkmty7qry593nW3dvim/evWlkuy6VirdfuCbeeN7qsuEv2XwhrvnV
lvjYTY+ODL15dld//H/fvje+8rYLxg2agNlPwAFHsM2bt8Tu3XtKyi65+KJ4x9vfVlJ2sI2K8849
N3541f4A5a6774m3vfUtI8MUXv6yl5bs/5orXh0f/8QnS+6U7+npiauvvTbe/KY3Tnie5z//gtj0
9dJGXEvzzPgxP1sMDmbL5ltoaWmJv/3rv4yVK48uKV+1cmWcc/bauPDC58eHPvThyOX3/7D94VXX
xOWXXTrtCRunI5PJxGuueNXI9qWXXhJf+OKXRrZzuVxE7G1sb9myJZ566qn42je+WfIcCxYsmHSe
h56e0ruSx6xeHRdd+PxKVP+QVfP1V+s7fOwxx8SHP/TPsXhx+ZwKq1evinPOWRt//Tf/q2R+jnUP
PxyFwnCk0zOz8+menp7413/9SEm4lE7XxVt/5y2HXOfGhnS898WnxGvOPnrKCRWXtjfHh19zdrzx
cz+PR7bu/ff9Rw9vjWe6+w+ox0I1ZPOF+Nqd+9+fulQqPvmG8yZs8C6c0xR//eunxqK5TfHvN+7v
CfSl2zZMGHD89LH9q9e0NzfEJ994XrQ1Tvxzd0FrY7zgpCXxgpOWTLoeV5KvwR9fdmI01k/8Gbzs
xMXx9guPi0/8dP+Qmnue7h434IiIkXAjIuLUZaVzSu2boLd/qBDPdPfHPU93lVy7tsb6eM05K8d9
3uFiMT5zyxMlZR++Ym288OTxr3VjfTpeddaKuODYo+J/fP4Xsb1nb8+3X23eFbdv2BkXHHvURC8Z
mMVm5q8E4LDo6e0pK7vggudW7PnHNpj6+vri8SeemGDviI6OefFnf/o/Y8GC0gnYbrrp5pJJAMdq
ayu/M1c3A8aZzyYbN22KbLa0y/erXvmKsnBjtJNPOjFeOmpi2oi9k2eOnZ+g0nrHfK4XHrX3R25X
d1f85V//bfzHZz5bEuytXrUq3vsXfxaNjRNPaju2R0Vr68wN0Cr5+qv1HT722GPGDTf2aW1tjUsv
vbikrFAoRE/PngmOqK3NW7bE+97/j/Hk+vUjZalUKn7vHW+PE0849HmEFrY1xpues3raq0XU16Xi
9eeuKim7c+PEk7keLg8+uzt6BnMj2y85demkd/P3eesFx5YEA/c/s2vcuTCKsbf3xD4nLp47abgx
1mT/10jyNZgs3NjnouMWlmx39ow/qedYD28p/U7u66Vy82Pb4jWfuSX+6dqHRq7VqUvb4/O//dwJ
58jY1NU/ElJERJy9cv6E4cZoS+Y2xR9fVtpL6pYnOifYG5jtBBxwBJvTNqesrJKxwHFr1kTbmK77
9957/6THtLS0xG+99oqSsqGhoXj00ccmOILDYbyG5fyOqSdOfM5zzi0r27Zt2zh7VsbAwEDcdFPp
nBP7hlSMp7GxMV784hfF0knm30iSSr/+Wn6Hl40zLG5oKDfOnrX16GOPx/ve/4HYvn1/gyqdTscf
vesP4vnPu6Bm9Tplaemd9e3TbLBW08Nbd5dsT9QLY6x0XapkhYzhYjEe3Vb+b1Iq9vba2OexbT0x
kCscXGUrYCZeg4ksbCsNOPcMTv1d2z2QK1kh5vhFc+L4ReW/K/Y5ZWl7LGibOEjePWoi0oi9c3dM
tHrKWBcfXxqYbhhnLhDgyCDggCPYsmXLysbF33PffRPsfeDS6bo499xzSsruuPOuKY8795yzy1bb
eGySCR6pvuam5rJr8rFPfCr+7f9+tGSljbHmzy+/O9s/UL0J4L5y5ddKhjWsXr0qnnPe3pCltaUl
fvPlL401oybMzWaz8enPfDa++rWvH/K5c/l89PX1Rd8kvY2qrdKvv5bf4fpxllotTjqI4PB77PHH
418+9OHo798/gWJba2v89V+9N85/znk1rFlpQz8iSnpO1Ep3X2kDduX86feEWjm/NGjr7h8ad7+T
R4UKuwaG4t3fuGvajeRKm4nXYCJjez1OZx7pv//hAyU9Zv72N04b+fv8Y46KD736rPi1U/YHld+6
Z1O8/cu3T7gyyrzmTCwetUTt/c90x298/Kfxv697aMpr2NGSicyooWDTXe0GmH0EHHAES6fr4g2v
f11J2fXX/yi+8c1vlTSSDsXaMV3cOzs745lnyidsHK2xsTFWryrt2rtlnGUwOXxOPfWU+OTHPxrv
ePvb4qQT909Gec+998U//OM/xQc++M/jBh3jDXuoxkoqEXsb3jf/7JaSst9+85tG5vvY27PgNfH3
f/c3ceHzn1ey33XX/yj27Dm04Q8f/ejH4vf/4I/i9//gj2Ldww9PfUCFVev1+w6Pb09PT3zkIx+L
oaH9De0lS5bE+/7+7yoyLOVQjZ1gsTBc+3Cob6i00dmamf7wkTljhpr0TdCA/e3zV5ds375hZ7zs
E3sbyU9sLx+WWU0z8RpUyvfue6ZkEtVXrz061h69/4bJ/NZMvOTUZfHhK9bGS07dv8rUhh298Ysn
xx8+smpBa1z/7sviP954Xrz4lKXRkK6LXGE4vnbnxpGgY99EqONpHDVJbKFK/58BZj6TjMIR7oLn
nh+5oVx88ctfGZlj4YdXXRM/vOqaaGxsjIULj4pzzj47XvuaVx/U85966ilRX18f+VETTd53//2x
YsXySY+bv2B+yXj2nj2H94cp5VpbW+OSiy+KSy6+KDZtejo+8u8fG+mW/8ijj8Z99z8QJxxfm4bd
0NBQfPkrV5aUPe+C545bn7q6unjxi19UsjxysViMLVu2xty54y/FOpV77r0v7rt///KVX7nya/GP
73/fYZsQs5qv33d4fNddd33s6dn/mpYtXRp/89fvjfb29kmOqoxiRDy1ozfWbdkTT+7oiW17BqOz
Jxu7BoaiZzAfPYO5aQ0xONwOcHXpg3qu561ZGG9//pr47M+fHCnL5vc2kr9258Y4eWl7vPLMFfHr
py6NeS2Z8Z9kOuePZF6DSugfKsRHfvLIyPacpoZ4z+UTr0L1m2csj+se2jyyvX5Hb1x6wuJx961L
peJ5axbG89YsjAee3RV/8q17orNnMHKF4fjW3ZviL37tlMq9EGBWEnAAcfHFF8bpp58Wn/7Mf8av
Hlo3Up7NZuOZZ56No49ecdDP3dTUFGecflrJ8qJ33nV3vGzM5JNjNWZKf3j2jeoCTu0MDw/HVVdd
Ez+46qqS5UAjIpYsHv8H6+Fw9z33Rnf3rpHtVCoVrx0zD8RoC8YZOnNAPThG3ZnN5XJx5Ve/VvLw
pk1Px80/+1lcftml03/OQ1DN1+87PL5f/PK2kb9TqVS8591/VPVwY3vPYHz1jo1x9a+erdmwi2rY
vHsgbn2iM9Z39kb3wFDkCsNx2rL2eNvz1hzU87378hNj6bzm+L8/fqRsqMLDW3bHw1t2x/+5YV28
4KQl8dbnHVs2V8ZkZus1OBA3Prq1ZIjQOy5cEx2ThEWjh51ERHT1jT+8aJ++oXz8w9W/imt/tT8U
mdvUEBcdv3DcZXkBRhNwAPHoY4/Hf33hi1N2Oz9YZ69dW9I4evLJ9dHd3R0dHR0THtM/pjGUyZSP
[...]
31++nu07//S/a+a11213ucxVq1bX33/5K70u6enP+97bxzn00Mm9hsh/+zvfrYULF+3wMTfPuqVu
uPGXvZ5n4MAdn+Rue7VJVx8n0M825fDDetzeuGlTfeavP1u/uf2O2rhxY3V3d9eTS5fWj39yVf3V
Z/5mt04WDz10cs/X1tVVP/zRldvdd+OmTfVv29zX1NRY416ye5PZXXzx26thO5fiTJp0SL3q5JN2
6zm3/53e8c97X73/vfU7/Fwdvs13rKrqG9/8dq+JTp9x52/vqiu+8MXdPt5NN8+qj338z+vvv/yV
uuILX6qPffwTtXz58t1+vr6MHbL1srFlazfUHY8t62PvPecbsx6qX9z3eJ/7/ObRZTXroa3z5bQd
0FSTRvV/1a1h7Xv+RHfNhk3Vtan/86r87N5FPUZKTB7d+/W/kD+D3XHUwT2D4r/c1veovJ/evaDH
7ZeO7H9MBthVJhmFF7GGhoY64/TT6nv/+v0t27q7u+u/fe6/14xTptfRR72yhg8fXi0tLbVu3bp6
/PEnatYtt9Svtxm90dTUWKdMP3mnx5s8aVK1t7fV2rVbhwB/5av/q5qbD6gFCxb02n/IkCH1zkvf
sdPnHTiw97J+P71mZp155um1bu26Gjx4UA0e3Hu0yjOmHntszf31r6u7u7u+9e1/qqt/OrNOOP64
GjFieDU0NNRj8+fXTTfNqrVrey4N2dTUWMdNPWanr29vH6ejo6NOO3VGXTPz2i3bli9fXv/pk5fV
qTNOqSlTDqvBgwfV5s2ba/HiJTVnzm29PsOqqte/7qw+X/+B2ywXfP9999d99z9Q48eNqxUrV9So
kSO3e6I/Y/r0mjnzuh7RZvGSJfW5z19RDQ0N1djY2OtyggEDBvR5Qr+to496ZXV0dPSYf+RHP/px
LVq4qKZPf1WNGjmyuqu7Hntsfl199TW9TsKPmzq1Wlt3fR6A0087tSZOmLDD+9/6lgtrzm1zq6tr
16JNx3a/09fWWa99da1f31UDB3b0uORjX73/vfU7/FxNGD++OjtH16JFW08GV65cWX/xyb+s448/
riZPOqRaWlpq5YqVdcdvf1v33Xf/lv0mTpiwy3NxfP/7P+jxfV62bHn9/Bc31Pnn7fnJZKdPGllz
/rD1L/Sf+L931OVvfHkdP2HPTwZd9fSyn0e9ZGj95tFl9aHvza1LTnxpXXTc+B6TPW7u7q6Zv1tY
n7rq7h6TGp91xJga0Melitva3hw9z9V3Zz9SX7/5oTpzSmed9NKRdez4YTVyYO9JYBev7qp/u+Ox
+ocbe86L9KZXHtxr3xfyZ7A7Tj10VHVc07zl0pQr75xfnYPa6t9PP6Ramrcee9Pm7vrOrQ/XlXdu
veRyYEvzXvu5AVQJHPCid8bpp9Yvrr+hFi/eeslAd3d3XX/DjXX9DTf26znOO/fcGjly5E73a25u
rmOOPrrH3AU7ulRh5IgR9dGPfKhfS6qOPXhsr20/uerq+slVV1dV1Xve/a6accr0HT5+6rFH14gR
w+un18ysqqrFixfXj39y1U6P++YLL+gznOzL45x/3pvq17+5vcfnuGHDhpp57XU189rrdnqMk06c
Vsccc3Sf+4wb1/PylY2bNtWn/uunt9y+4vN/WyNG9P6P67hxL6kLzj+vvv9/ftDrvu7u7l5xY8qU
w+r4qVPrm9/+ztaNOzkRam9vr7e/7a311X/8Wo/ts+fcVrPn3NbnY1taWuqC88/rc5/taW1trQvO
P7fPfYYOHVrnnXtO/fO//OsuPffYsQdVQ0NDj5Poa2ZeuyViXXrJxXXmGadvuW9fvf+99Tv8XDU0
NNS7Lr2kPv3Xn+2xvbu7u269dXbduoNLUSZNOqTefOH59RMPtsMAACAASURBVOnPfHa792/P5s2b
e60oVFW1ZMmurfzTXxceM66+fvNDtWzt08Fv/vK19e5v31rjhnXUxBEdNbR9QK1ct7EWrFhX33vP
q57z8Tpamutjrzm8Lv76zfXU5u76xqyH6lu3PFydg1trzKC22rS5u36/eFWt3uZSjWEdA+pPTzv0
OR//ubryzvm1umtT/fD2x+qHtz99KdbIgS01fGBLDe9oqac2d9cTq9bXI0+u6TVB5htfMbYO6+w9
D5HPoKchbQPqT2ZMqs9de8+WbV/91YP13dmP1CsOHlJD2wfUmq5Ndef85Vt+Zs/4k1Mm1cAWpx/A
3uMSFXiR6+joqP/4539WE8aP3+XHNjQ01LlvOqfedM4b+v2Yo48+aqfPOeOU6fVfLr+sDt5OuNie
0aNG1QknHL/D+7edsHNbgwYNqove+uY66cRp/TpeVdVpp86os3cy4mFfHqejo6M+/rGP1NixB+3S
a6p6Om788bsu7cd+J9SwYTueKHL+gh3/nM954+vrLRde0OdEtFVVZ55xen30wx/qtb2lH8twzjhl
er3tordsdxTJjrS3t9WHP/iBfq8e9GxvvuD8fgWu17z6zBo1aucB8NmGDxtWJ/dxecv2vtP76v3v
jd/hPeHww6fUJe/4o51+x55xyCEvqw9/8AM1bBcnP21sbNzuY4YN27X5ePprYEtzfemiqXXgNnND
zFu6pm64/4n64e2P1c/ve7zuXbSyxxKbu2tQ6wF15EGD6zPnHrVlJMDm7u5asHxdzZ23tO54bFmv
E+shbQPq8xces92REvvSvKVrat7Stb22L17dVfcuWlk3/X5x3fLwknpoyepeceP1Lz+oLnvDy7f7
vD6D3i6ZNrEuPfGlPbat2bCpZj20pK66a0Hd8MATveLGRVPH18XTnn/LRQMvLBIqUCNHjKi/vOwv
6uabb6nrb7ixHnjwwV5zQDxbe3t7nTjthDr99FNr/Lhdm5TyyCMOr6amxi0riQwYMKAGDTqwDhoz
piZPnlzTTji+OjtH7/J7eM8fv6sOOOCA7U6cuXp13xOgHXjggdXc3Fzvf997a+rUY+vKK3+ywyHr
kw45pM5+3Wt7TbbYH3v7OJ2dnXX5Zf+5fvnLX9XM667rcw6OhoaGOuLwKfXa176mjnrlK/p1Utze
3l6f+PjH6qtf/dqWeRee/XyrVq7a4WMbGxvrnHPeUNOmnVBzbptb999/fz25dGk1VEMNGza0Jk6c
WNNOOK46O58+0d52FZAD+zkB6OvPfl0dPmVK/fiqq2v27Dk7/B63tLTU9FedXG98w9m95qHpjzFj
OuuMM07r174DBgyoP3r72+rzV/zdLh3jXZe+o5qbm+r663uPpNrRd3pfvP+99Tu8J7z6zDPqkJe9
rH74oyvr9ttv3+6KRcOHDauzX3dWnXHGadXc3FzNzbu+IsYbXn92jxFGra2tNWPGjkeJPVcvHzuk
fvDe6fU/bri/rr5rwXbnmGhsaKg/LF3znJdcHdj69H8NzzpiTB3WOai+fOMDdd09i2rDdn6WA1ua
69VTOutPTzt0v8eNqqpxwzrq2g+eVjPvWVS/fHBx/Xre0lq/ccer6TQ2NNS0icPr4mkT6+SX9R0h
fQa9feTMw+pVh4ysr938UM36/eLa0f8ajn7J0HrnSS+tUyfvn38XgBeXhu6+zmKAF6X169fXwoWL
atmyZbVu/frq3ry5BrS0VFtba40eNbpGjhyxS38l3peWLVtej/zhD7VmzZpqb2urMWPG7NZf55cu
XVaPzZ9fq1atqqampho8aFCNGjVyt06G99dxli9fXvMefazWrF5Ta9etrabGpmpra60hQ4fW+HHj
eixruqsWLFxY8+cvqA0bNtSBAwfWhAnj9+gSs5d/6q/qgQe2RpSTTpxW73/fe3fpOdav76p5j86r
J5csrbXr1lZjY2O1t7XV6NGja+zBY3stX/t8tWLFinr44Udqzdq11draWmM6R9dBB+18pM4L5f3v
rtVr1tSCBQtqxYqV1dXVVe1tbdXZObrGjBmzR/79uufe++ree++t1tbWmnbC8Xt9KetndG16qu57
fFUtWL6u1m7YVK0HNNWwjgF1xJjBvUYY7CnrNz5V9yxaWQuWr6uuTU/V4LYDauSBrXVY56C9Pt/D
c/HMqId5S9fUyvWbau3/nzOio6W5Oge11uTRg6rtgF1fUtVn0Nvqrk1176KVtXjV+lq74alqG/D0
z+Sw0YNqyF6YTBZgRwQOAJ5XHn74kfrkZZf32LbtnBMAALCtF/afbwB4Xvjmt75TU489pqZMOawa
G3f818YFCxfWF774pR7bGhoadjrvw/62du26WrhoYa1ft74GDxlcYw86qNcogdVr1tSK5VsvvRk6
dEi1t7dv+1QAAOwmgQOAve6hhx+ua6/7WQ0dOqSOPeaYmjB+fI0YMbza2ttq48aNtWzp8rrr7rvr
Vzfd3GtVldNOnVHD99IEjnvK//zyP9Ttt9+x5fbkSZPqEx//DzVgwNah2bNnz6mvff2bW26//33v
3aUJZwEA6JvAAcA+s2zZ8rruZz/v9/6dnZ31lrdcuBdf0Z4xYps5U+5/4IGac9vcOvmkE/fTKyLd
Rf/Ye8JkYPf887tP3t8vAdhHBA4AnpcmTBhfH/7gB2pgR8f+fik7NXXqsbV69eq65dbZW7YtWbJk
P74i0v1u4Yqd7wQA9CBwALDXXfqOi+v6G26sObfNrZUrV/a5b2fn6Drrta+pU2ecUs0hK30cecTh
NWL4sB6BY9OmnpfabN7cc4nHhnp+rkTE88MX37rrS1EDwItdxv8cAYg2ceKEmjhxQl16ycW1cNGi
WrhgYS158slat25dbd68uVpaWmvE8GE1bty43VrW9/mgpaW1x+277r67zn3TG6upqam6u7vr7rt/
1+P+trae+8OzzZg8an+/BACIY5lYANgDuru76yMf/bNa/KxLU0aNGlnjXjKuFi5aWPPnL9iyvamp
qf7uis/X4MGD9sdLBQB4QdrxWn0AQL81NDTUOy99RzU1NW3Z9sQTi+u2uXN7xI2qqrdf9FZxAwBg
DzOCAwD2oHmPPlpXXX1N3XnHnbVy1aot21taWmrKlMPqNa8+s17x8iP34ysEAHhhEjgAYC9Zu3Zd
bdjQVc0HHFAd7e3V0GBiUQCAvUXgAAAAAOKZgwMAAACIJ3AAAAAA8QQOAAAAIJ7AAQAAAMQTOAAA
AIB4AgcAAAAQT+AAAAAA4gkcAAAAQDyBAwAAAIgncAAAAADxBA4AAAAgnsABAAAAxBM4AAAAgHgC
BwAAABBP4AAAAADiCRwAAABAPIEDAAAAiCdwAAAAAPEEDgAAACCewAEAAADEEzgAAACAeAIHAAAA
EE/gAAAAAOIJHAAAAEA8gQMAAACIJ3AAAAAA8QQOAAAAIJ7AAQAAAMQTOAAAAIB4AgcAAAAQT+AA
AAAA4gkcAAAAQDyBAwAAAIgncAAAAADxBA4AAAAgnsABAAAAxBM4AAAAgHgCBwAAABBP4AAAAADi
CRwAAABAPIEDAAAAiCdwAAAAAPEEDgAAACCewAEAAADEEzgAAACAeAIHAAAAEE/gAAAAAOIJHAAA
AEA8gQMAAACIJ3AAAAAA8QQOAAAAIJ7AAQAAAMQTOAAAAIB4AgcAAAAQT+AAAAAA4gkcAAAAQDyB
AwAAAIgncAAAAADxBA4AAAAgnsABAAAAxBM4AAAAgHgCBwAAABBP4AAAAADiCRwAAABAPIEDAAAA
iCdwAAAAAPEEDgAAACCewAEAAADEEzgAAACAeAIHAAAAEE/gAAAAAOIJHAAAAEA8gQMAAACIJ3AA
AAAA8QQOAAAAIJ7AAQAAAMQTOAAAAIB4AgcAAAAQT+AAAAAA4gkcAAAAQDyBAwAAAIgncAAAAADx
BA4AAAAgnsABAAAAxBM4AAAAgHgCBwAAABBP4AAAAADiCRwAAABAPIEDAAAAiCdwAAAAAPEEDgAA
ACCewAEAAADEEzgAAACAeAIHAAAAEE/gAAAAAOIJHAAAAEA8gQMAAACIJ3AAAAAA8QQOAAAAIJ7A
AQAAAMQTOAAAAIB4AgcAAAAQT+AAAAAA4gkcAAAAQDyBAwAAAIgncAAAAADxBA4AAAAgnsABAAAA
xBM4AAAAgHgCBwAAABBP4AAAAADiCRwAAABAPIEDAAAAiCdwAAAAAPEEDgAAACCewAEAAADEEzgA
AACAeAIHAAAAEE/gAAAAAOIJHAAAAEA8gQMAAACIJ3AAAAAA8QQOAAAAIJ7AAQAAAMQTOAAAAIB4
AgcAAAAQT+AAAAAA4gkcAAAAQDyBAwAAAIgncAAAAADxBA4AAAAgnsABAAAAxBM4AAAAgHgCBwAA
ABBP4AAAAADiCRwAAABAPIEDAAAAiCdwAAAAAPEEDgAAACCewAEAAADEEzgAAACAeAIHAAAAEE/g
AAAAAOIJHAAAAEA8gQMAAACIJ3AAAAAA8QQOAAAAIJ7AAQAAAMQTOAAAAIB4AgcAAAAQT+AAAAAA
4gkcAAAAQDyBAwAAAIgncAAAAADxBA4AAAAgnsABAAAAxBM4AAAAgHgCBwAAABBP4AAAAADiCRwA
AABAPIEDAAAAiCdwAAAAAPEEDgAAACCewAEAAADEEzgAAACAeAIHAAAAEE/gAAAAAOIJHAAAAEA8
gQMAAACIJ3AAAAAA8QQOAAAAIJ7AAQAAAMQTOAAAAIB4AgcAAAAQT+AAAAAA4gkcAAAAQDyBAwAA
AIgncAAAAADxBA4AAAAgnsABAAAAxBM4AAAAgHgCBwAAABBP4AAAAADiCRwAAABAPIEDAAAAiCdw
AAAAAPEEDgAAACCewAEAAADEEzgAAACAeAIHAAAAEE/gAAAAAOIJHAAAAEA8gQMAAACIJ3AAAAAA
8QQOAAAAIJ7AAQAAAMQTOAAAAIB4AgcAAAAQT+AAAAAA4gkcAAAAQDyBAwAAAIgncAAAAADxBA4A
AAAgnsABAAAAxBM4AAAAgHgCBwAAABBP4AAAAADiCRwAAABAPIEDAAAAiCdwAAAAAPEEDgAAACCe
wAEAAADEEzgAAACAeAIHAAAAEE/gAAAAAOIJHAAAAEA8gQMAAACIJ3AAAAAA8QQOAAAAIJ7AAQAA
AMQTOAAAAIB4AgcAAAAQT+AAAAAA4gkcAAAAQDyBAwAAAIgncAAAAADxBA4AAAAgnsABAAAAxBM4
AAAAgHgCBwAAABBP4AAAAADiCRwAAABAPIEDAAAAiCdwAAAAAPEEDgAAACCewAEAAADEEzgAAACA
eAIHAAAAEE/gAAAAAOIJHAAAAEA8gQMAAACIJ3AAAAAA8QQOAAAAIJ7AAQAAAMQTOAAAAIB4AgcA
AAAQT+AAAAAA4gkcAAAAQDyBAwAAAIgncAAAAADxBA4AAAAgnsABAAAAxBM4AAAAgHgCBwAAABBP
4AAAAADiCRwAAABAPIEDAAAAiCdwAAAAAPEEDgAAACCewAEAAADEEzgAAACAeAIHAAAAEE/gAAAA
AOIJHAAAAEA8gQMAAACIJ3AAAAAA8QQOAAAAIJ7AAQAAAMQTOAAAAIB4AgcAAAAQT+AAAAAA4gkc
AAAAQDyBAwAAAIgncAAAAADxBA4AAAAgnsABAAAAxBM4AAAAgHgCBwAAABBP4AAAAADiCRwAAABA
PIEDAAAAiCdwAAAAAPEEDgAAACCewAEAAADEEzgAAACAeAIHAAAAEE/gAAAAAOIJHAAAAEA8gQMA
AACIJ3AAAAAA8QQOAAAAIJ7AAQAAAMQTOAAAAIB4AgcAAAAQT+AAAAAA4gkcAAAAQDyBAwAAAIgn
cAAAAADxBA4AAAAgnsABAAAAxBM4AAAAgHgCBwAAABBP4AAAAADiCRwAAABAPIEDAAAAiCdwAAAA
APEEDgAAACCewAEAAADEEzgAAACAeAIHAAAAEE/gAAAAAOIJHAAAAEA8gQMAAACIJ3AAAAAA8QQO
AAAAIJ7AAQAAAMQTOAAAAIB4AgcAAAAQT+AAAAAA4gkcAAAAQDyBAwAAAIgncAAAAADxBA4AAAAg
nsABAAAAxBM4AAAAgHgCBwAAABBP4AAAAADiCRwAAABAPIEDAAAAiCdwAAAAAPEEDgAAACCewAEA
AADEEzgAAACAeAIHAAAAEE/gAAAAAOIJHAAAAEA8gQMAAACIJ3AAAAAA8QQOAAAAIJ7AAQAAAMQT
OAAAAIB4AgcAAAAQT+AAAAAA4gkcAAAAQDyBAwAAAIgncAAAAADxBA4AAAAgnsABAAAAxBM4AAAA
gHgCBwAAABBP4AAAAADiCRwAAABAPIEDAAAAiCdwAAAAAPEEDgAAACCewAEAAADEEzgAAACAeAIH
AAAAEE/gAAAAAOIJHAAAAEA8gQMAAACIJ3AAAAAA8QQOAAAAIJ7AAQAAAMQTOAAAAIB4AgcAAAAQ
T+AAAAAA4gkcAAAAQDyBAwAAAIgncAAAAADxBA4AAAAgnsABAAAAxBM4AAAAgHgCBwAAABBP4AAA
AADiCRwAAABAPIEDAAAAiCdwAAAAAPEEDgAAACCewAEAAADEEzgAAACAeAIHAAAAEE/gAAAAAOIJ
HAAAAEA8gQMAAACIJ3AAAAAA8QQOAAAAIJ7AAQAAAMQTOAAAAIB4AgcAAAAQT+AAAAAA4gkcAAAA
QDyBAwAAAIgncAAAAADxBA4AAAAgnsABAAAAxBM4AAAAgHgCBwAAABBP4AAAAADiCRwAAABAPIED
AAAAiCdwAAAAAPEEDgAAACCewAEAAADEEzgAAACAeAIHAAAAEE/gAAAAAOIJHAAAAEA8gQMAAACI
J3AAAAAA8QQOAAAAIJ7AAQAAAMQTOAAAAIB4AgcAAAAQT+AAAAAA4gkcAAAAQDyBAwAAAIgncAAA
AADxBA4AAAAgnsABAAAAxBM4AAAAgHgCBwAAABBP4AAAAADiCRwAAABAPIEDAAAAiCdwAAAAAPEE
DgAAACCewAEAAADEEzgAAACAeAIHAAAAEE/gAAAAAOIJHAAAAEA8gQMAAACIJ3AAAAAA8QQOAAAA
IJ7AAQAAAMQTOAAAAIB4AgcAAAAQT+AAAAAA4gkcAAAAQDyBAwAAAIgncAAAAADxBA4AAAAgnsAB
AAAAxBM4AAAAgHgCBwAAABBP4AAAAADiCRwAAABAPIEDAAAAiCdwAAAAAPEEDgAAACCewAEAAADE
EzgAAACAeAIHAAAAEE/gAAAAAOIJHAAAAEA8gQMAAACIJ3AAAAAA8QQOAAAAIJ7AAQAAAMQTOAAA
AIB4AgcAAAAQT+AAAAAA4gkcAAAAQDyBAwAAAIgncAAAAADxBA4AAAAgnsABAAAAxBM4AAAAgHgC
BwAAABBP4AAAAADiCRwAAABAPIEDAAAAiCdwAAAAAPEEDgAAACCewAEAAADEEzgAAACAeAIHAAAA
EE/gAAAAAOIJHAAAAEA8gQMAAACIJ3AAAAAA8QQOAAAAIJ7AAQAAAMQTOAAAAIB4AgcAAAAQT+AA
AAAA4gkcAAAAQDyBAwAAAIgncAAAAADxBA4AAAAgnsABAAAAxBM4AAAAgHgCBwAAABBP4AAAAADi
CRwAAABAPIEDAAAAiCdwAAAAAPEEDgAAACCewAEAAADEEzgAAACAeAIHAAAAEE/gAAAAAOIJHAAA
AEA8gQMAAACIJ3AAAAAA8QQOAAAAIJ7AAQAAAMQTOAAAAIB4AgcAAAAQT+AAAAAA4gkcAAAAQDyB
AwAAAIgncAAAAADxBA4AAAAgnsABAAAAxBM4AAAAgHgCBwAAABBP4AAAAADiCRwAAABAPIEDAAAA
iCdwAAAAAPEEDgAAACCewAEAAADEEzgAAACAeAIHAAAAEE/gAAAAAOIJHAAAAEA8gQMAAACIJ3AA
AAAA8QQOAAAAIJ7AAQAAAMQTOAAAAIB4AgcAAAAQT+AAAAAA4gkcAAAAQDyBAwAAAIgncAAAAADx
BA4AAAAgnsABAAAAxBM4AAAAgHgCBwAAABBP4AAAAADiCRwAAABAPIEDAAAAiCdwAAAAAPEEDgAA
ACCewAEAAADEEzgAAACAeAIHAAAAEE/gAAAAAOIJHAAAAEA8gQMAAACIJ3AAAAAA8QQOAAAAIJ7A
AQAAAMQTOAAAAIB4AgcAAAAQT+AAAAAA4gkcAAAAQDyBAwAAAIgncAAAAADxBA4AAAAgnsABAAAA
xBM4AAAAgHgCBwAAABBP4AAAAADiCRwAAABAPIEDAAAAiCdwAAAAAPEEDgAAACCewAEAAADEEzgA
AACAeAIHAAAAEE/gAAAAAOIJHAAAAEA8gQMAAACIJ3AAAAAA8QQOAAAAIJ7AAQAAAMQTOAAAAIB4
AgcAAAAQT+AAAAAA4gkcAAAAQDyBAwAAAIgncAAAAADxBA4AAAAgnsABAAAAxBM4AAAAgHgCBwAA
ABBP4AAAAADiCRwAAABAPIEDAAAAiCdwAAAAAPEEDgAAACCewAEAAADEEzgAAACAeAIHAAAAEE/g
AAAAAOIJHAAAAEA8gQMAAACIJ3AAAAAA8QQOAAAAIJ7AAQAAAMQTOAAAAIB4AgcAAAAQT+AAAAAA
4gkcAAAAQDyBAwAAAIgncAAAAADxBA4AAAAgnsABAAAAxBM4AAAAgHgCBwAAABBP4AAAAADiCRwA
AABAPIEDAAAAiCdwAAAAAPEEDgAAACCewAEAAADEEzgAAACAeAIHAAAAEE/gAAAAAOIJHAAAAEA8
gQMAAACIJ3AAAAAA8QQOAAAAIJ7AAQAAAMQTOAAAAIB4AgcAAAAQT+AAAAAA4gkcAAAAQDyBAwAA
AIgncAAAAADxBA4AAAAgnsABAAAAxBM4AAAAgHgCBwAAABBP4AAAAADiCRwAAABAPIEDAAAAiCdw
AAAAAPEEDgAAACCewAEAAADEEzgAAACAeAIHAAAAEE/gAAAAAOIJHAAAAEA8gQMAAACIJ3AAAAAA
8QQOAAAAIJ7AAQAAAMQTOAAAAIB4AgcAAAAQT+AAAAAA4gkcAAAAQDyBAwAAAIgncAAAAADxBA4A
AAAgnsABAAAAxBM4AAAAgHgCBwAAABBP4AAAAADiCRwAAABAPIEDAAAAiCdwAAAAAPEEDgAAACCe
wAEAAADEEzgAAACAeAIHAAAAEE/gAAAAAOIJHAAAAEA8gQMAAACIJ3AAAAAA8QQOAAAAIJ7AAQAA
AMQTOAAAAIB4AgcAAAAQT+AAAAAA4gkcAAAAQDyBAwAAAIgncAAAAADxBA4AAAAgnsABAAAAxBM4
AAAAgHgCBwAAABBP4AAAAADiCRwAAABAPIEDAAAAiCdwAAAAAPEEDgAAACCewAEAAADEEzgAAACA
eAIHAAAAEE/gAAAAAOIJHAAAAEA8gQMAAACIJ3AAAAAA8QQOAAAAIJ7AAQAAAMQTOAAAAIB4AgcA
AAAQT+AAAAAA4gkcAAAAQDyBAwAAAIgncAAAAADxBA4AAAAgnsABAAAAxBM4AAAAgHgCBwAAABBP
4AAAAADiCRwAAABAPIEDAAAAiCdwAAAAAPEEDgAAACCewAEAAADEEzgAAACAeAIHAAAAEE/gAAAA
AOIJHAAAAEA8gQMAAACIJ3AAAAAA8QQOAAAAIJ7AAQAAAMQTOAAAAIB4AgcAAAAQT+AAAAAA4gkc
AAAAQDyBAwAAAIgncAAAAADxBA4AAAAgnsABAAAAxBM4AAAAgHgCBwAAABBP4AAAAADiCRwAAABA
PIEDAAAAiCdwAAAAAPEEDgAAACCewAEAAADEEzgAAACAeAIHAAAAEE/gAAAAAOIJHAAAAEA8gQMA
AACIJ3AAAAAA8QQOAAAAIJ7AAQAAAMQTOAAAAIB4AgcAAAAQT+AAAAAA4gkcAAAAQDyBAwAAAIgn
cAAAAADxBA4AAAAgnsABAAAAxBM4AAAAgHgCBwAAABBP4AAAAADiCRwAAABAPIEDAAAAiCdwAAAA
APEEDgAAACCewAEAAADEEzgAAACAeAIHAAAAEE/gAAAAAOIJHAAAAEA8gQMAAACIJ3AAAAAA8QQO
AACA/9feHds0EgRgGJ2TLrLsEImMCijAEZSyBeBuKMBtkEHkAqjA2UqERk7valhOaPUd71XwRxt8
mtkB8gQOAAAAIE/gAAAAAPIEDgAAACBP4AAAAADyBA4AAAAgT+AAAAAA8gQOAAAAIE/gAAAAAPIE
DgAAACBP4AAAAADyBA4AAAAgT+AAAAAA8gQOAAAAIE/gAAAAAPIEDgAAACBP4AAAAADyBA4AAAAg
T+AAAAAA8gQOAAAAIE/gAAAAAPIEDgAAACBP4AAAAADyBA4AAAAgT+AAAAAA8gQOAAAAIE/gAAAA
APIEDgAAACBP4AAAAADyBA4AAAAgT+AAAAAA8gQOAAAAIE/gAAAAAPIEDgAAACBP4AAAAADyBA4A
AAAgT+AAAAAA8gQOAAAAIE/gAAAAAPIEDgAAACBP4AAAAADyBA4AAAAgT+AAAAAA8gQOAAAAIE/g
AAAAAPIEDgAAACBP4AAAAADyBA4AAAAgT+AAAAAA8gQOAAAAIE/gAAAAAPIEDgAAACBP4AAAAADy
BA4AAAAgT+AAAAAA8gQOAAAAIE/gAAAAAPIEDgAAACBP4AAAAADyBA4AAAAgT+AAAAAA8gQOAAAA
IE/gAAAAAPIEDgAAACBP4AAAAADyBA4AAAAgT+AAAAAA8gQOAAAAIE/gAAAAAPIEDgAAACBP4AAA
AADyBA4AAAAgT+AAAAAA8gQOAAAAIE/gAAAAAPIEDgAAACBP4AAAAADyBA4AAAAgT+AAAAAA8gQO
AAAAIE/gAAAAAPIEDgAAACBP4AAAAADyBA4AAAAgT+AAAAAA8gQOAAAAIE/gAAAAAPIEDgAAACBP
4AAAAADyBA4AAAAgT+AAAAAA8gQOAAAAIE/gAAAAAPIEDgAAACBP4AAAAADyBA4AAAAgT+AAAAAA
8gQOAAAAIE/gAAAAAPIEDgAAACBP4AAAAADyBA4AZVyanAAACmtJREFUAAAgT+AAAAAA8gQOAAAA
IE/gAAAAAPIEDgAAACBP4AAAAADyBA4AAAAgT+AAAAAA8gQOAAAAIE/gAAAAAPIEDgAAACBP4AAA
AADyBA4AAAAgT+AAAAAA8gQOAAAAIE/gAAAAAPIEDgAAACBP4AAAAADyBA4AAAAgT+AAAAAA8gQO
AAAAIE/gAAAAAPIEDgAAACBP4AAAAADyBA4AAAAgT+AAAAAA8gQOAAAAIE/gAAAAAPIEDgAAACBP
4AAAAADyBA4AAAAgT+AAAAAA8gQOAAAAIE/gAAAAAPIEDgAAACBP4AAAAADyBA4AAAAgT+AAAAAA
8gQOAAAAIE/gAAAAAPIEDgAAACBP4AAAAADyBA4AAAAgT+AAAAAA8gQOAAAAIE/gAAAAAPIEDgAA
ACBP4AAAAADyBA4AAAAgT+AAAAAA8gQOAAAAIE/gAAAAAPIEDgAAACBP4AAAAADyBA4AAAAgT+AA
AAAA8gQOAAAAIE/gAAAAAPIEDgAAACBP4AAAAADyBA4AAAAgT+AAAAAA8gQOAAAAIE/gAAAAAPIE
DgAAACBP4AAAAADyBA4AAAAgT+AAAAAA8gQOAAAAIE/gAAAAAPIEDgAAACBP4AAAAADyBA4AAAAg
T+AAAAAA8gQOAAAAIE/gAAAAAPIEDgAAACBP4AAAAADyBA4AAAAgT+AAAAAA8gQOAAAAIE/gAAAA
APIEDgAAACBP4AAAAADyBA4AAAAgT+AAAAAA8gQOAAAAIE/gAAAAAPIEDgAAACBP4AAAAADyBA4A
AAAgT+AAAAAA8gQOAAAAIE/gAAAAAPIEDgAAACBP4AAAAADyBA4AAAAgT+AAAAAA8gQOAAAAIE/g
AAAAAPIEDgAAACBP4AAAAADyBA4AAAAgT+AAAAAA8gQOAAAAIE/gAAAAAPIEDgAAACBP4AAAAADy
BA4AAAAgT+AAAAAA8gQOAAAAIE/gAAAAAPIEDgAAACBP4AAAAADyBA4AAAAgT+AAAAAA8gQOAAAA
IE/gAAAAAPIEDgAAACBP4AAAAADyBA4AAAAgT+AAAAAA8gQOAAAAIE/gAAAAAPIEDgAAACBP4AAA
AADyBA4AAAAgT+AAAAAA8gQOAAAAIE/gAAAAAPIEDgAAACBP4AAAAADyBA4AAAAgT+AAAAAA8gQO
AAAAIE/gAAAAAPIEDgAAACBP4AAAAADyBA4AAAAgT+AAAAAA8gQOAAAAIE/gAAAAAPIEDgAAACBP
4AAAAADyBA4AAAAgT+AAAAAA8gQOAAAAIE/gAAAAAPIEDgAAACBP4AAAAADyBA4AAAAgT+AAAAAA
8gQOAAAAIE/gAAAAAPIEDgAAACBP4AAAAADyBA4AAAAgT+AAAAAA8gQOAAAAIE/gAAAAAPIEDgAA
ACBP4AAAAADyBA4AAAAgT+AAAAAA8gQOAAAAIE/gAAAAAPIEDgAAACBP4AAAAADyBA4AAAAgT+AA
AAAA8gQOAAAAIE/gAAAAAPIEDgAAACBP4AAAAADyBA4AAAAgT+AAAAAA8gQOAAAAIE/gAAAAAPIE
DgAAACBP4AAAAADyBA4AAAAgT+AAAAAA8gQOAAAAIE/gAAAAAPIEDgAAACBP4AAAAADyBA4AAAAg
T+AAAAAA8gQOAAAAIE/gAAAAAPIEDgAAACBP4AAAAADyBA4AAAAgT+AAAAAA8gQOAAAAIE/gAAAA
APIEDgAAACBP4AAAAADyBA4AAAAgT+AAAAAA8gQOAAAAIE/gAAAAAPIEDgAAACBP4AAAAADyBA4A
AAAgT+AAAAAA8gQOAAAAIE/gAAAAAPIEDgAAACBP4AAAAADyBA4AAAAgT+AAAAAA8gQOAAAAIE/g
AAAAAPIEDgAAACBP4AAAAADyBA4AAAAgT+AAAAAA8gQOAAAAIE/gAAAAAPIEDgAAACBP4AAAAADy
BA4AAAAgT+AAAAAA8gQOAAAAIE/gAAAAAPIEDgAAACBP4AAAAADyBA4AAAAgT+AAAAAA8gQOAAAA
IE/gAAAAAPIEDgAAACBP4AAAAADyBA4AAAAgT+AAAAAA8gQOAAAAIE/gAAAAAPIEDgAAACBP4AAA
AADyBA4AAAAgT+AAAAAA8gQOAAAAIE/gAAAAAPIEDgAAACBP4AAAAADyBA4AAAAgT+AAAAAA8gQO
AAAAIE/gAAAAAPIEDgAAACBP4AAAAADyBA4AAAAgT+AAAAAA8gQOAAAAIE/gAAAAAPIEDgAAACBP
4AAAAADyBA4AAAAgT+AAAAAA8gQOAAAAIE/gAAAAAPIEDgAAACBP4AAAAADyBA4AAAAgT+AAAAAA
8gQOAAAAIE/gAAAAAPIEDgAAACBP4AAAAADyBA4AAAAgT+AAAAAA8gQOAAAAIE/gAAAAAPIEDgAA
ACBP4AAAAADyBA4AAAAgT+AAAAAA8gQOAAAAIE/gAAAAAPIEDgAAACBP4AAAAADyBA4AAAAgT+AA
AAAA8gQOAAAAIE/gAAAAAPIEDgAAACBP4AAAAADyBA4AAAAgT+AAAAAA8gQOAAAAIE/gAAAAAPIE
DgAAACBP4AAAAADyBA4AAAAgT+AAAAAA8gQOAAAAIE/gAAAAAPIEDgAAACBP4AAAAADyBA4AAAAg
T+AAAAAA8gQOAAAAIE/gAAAAAPIEDgAAACBP4AAAAADyBA4AAAAgT+AAAAAA8gQOAAAAIE/gAAAA
APIEDgAAACBP4AAAAADyBA4AAAAg79cY48/aIwAAAAD+hRMcAAAAQJ7AAQAAAOQJHAAAAECewAEA
AADkCRwAAABAnsABAAAA5AkcAAAAQJ7AAQAAAOQJHAAAAECewAEAAADkCRwAAABAnsABAAAA5Akc
AAAAQJ7AAQAAAOQJHAAAAECewAEAAADkCRwAAABAnsABAAAA5AkcAAAAQJ7AAQAAAOQJHAAAAECe
wAEAAADkCRwAAABAnsABAAAA5AkcAAAAQN7vtQcA0LTZbMY0TWO/34/dbrf2HCDucrmM0+k0jsfj
uF6va88BIOjXGOPP2iMAaHl4eBjPz8/j9vZ27SnAf2ae5/H09DTe3t7WngJAjMABwCJ3d3fj9fV1
bLfbtacA/6nPz8/x+Pg4zufz2lMACPEPDgAWORwO4gbwrbbb7TgcDmvPACDGCQ4AFnl/f3c1Bfh2
8zyP+/v7tWcAECJwALDIx8fH2hOAH+Lm5mbtCQCEuKICwCLzPK89AfgBfGsAWErgAGCRl5eXtScA
P4BvDQBLuaICwCJeUQG+m1dUAPgKJzgAWOR8Po9pmhwfB77FPM9jmiZxA4DFnOAA4Es2m82Ypmns
9/ux2+3WngPEXS6XcTqdxvF4HNfrde05AAQJHAAAAECeKyoAAABAnsABAAAA5AkcAAAAQJ7AAQAA
AOQJHAAAAECewAEAAADkCRwAAABAnsABAAAA5AkcAAAAQJ7AAQAAAOQJHAAAAECewAEAAADkCRwA
AABAnsABAAAA5AkcAAAAQJ7AAQAAAOQJHAAAAECewAEAAADkCRwAAABAnsABAAAA5AkcAAAAQJ7A
AQAAAOQJHAAAAECewAEAAADkCRwAAABA3l/Q0IKjwMQr9QAAAABJRU5ErkJggg==
" width="800px"&gt;</msg>
<doc>Takes a screenshot of the current page and embeds it into the log.</doc>
<status status="PASS" start="2026-01-22T22:25:03.922865" elapsed="0.249372"/>
</kw>
<msg time="2026-01-22T22:25:04.172322" level="INFO">xpath criteria: //*[contains(@text,'เข้าสู่ระบบ')]
xpath criteria: //*[contains(@text,'เข้าสู่ระบบ')]
xpath criteria: //*[contains(@text,'เข้าสู่ระบบ')]
xpath criteria: //*[contains(@text,'เข้าสู่ระบบ')]
xpath criteria: //*[contains(@text,'เข้าสู่ระบบ')]
xpath criteria: //*[contains(@text,'เข้าสู่ระบบ')]
xpath criteria: //*[contains(@text,'เข้าสู่ระบบ')]
xpath criteria: //*[contains(@text,'เข้าสู่ระบบ')]
xpath criteria: //*[contains(@text,'เข้าสู่ระบบ')]
xpath criteria: //*[contains(@text,'เข้าสู่ระบบ')]
xpath criteria: //*[contains(@text,'เข้าสู่ระบบ')]
xpath criteria: //*[contains(@text,'เข้าสู่ระบบ')]
xpath criteria: //*[contains(@text,'เข้าสู่ระบบ')]
xpath criteria: //*[contains(@text,'เข้าสู่ระบบ')]
xpath criteria: //*[contains(@text,'เข้าสู่ระบบ')]
xpath criteria: //*[contains(@text,'เข้าสู่ระบบ')]
xpath criteria: //*[contains(@text,'เข้าสู่ระบบ')]</msg>
<msg time="2026-01-22T22:25:04.172488" level="FAIL">Element 'xpath=//*[contains(@text,'เข้าสู่ระบบ')]' did not appear in 5 seconds</msg>
<arg>xpath=//*[contains(@text,'เข้าสู่ระบบ')]</arg>
<arg>5s</arg>
<doc>Waits until element specified with `locator` appears on current page.</doc>
<status status="FAIL" start="2026-01-22T22:24:58.755676" elapsed="5.418648">Element 'xpath=//*[contains(@text,'เข้าสู่ระบบ')]' did not appear in 5 seconds</status>
</kw>
<kw name="Click Element" owner="AppiumLibrary">
<arg>xpath=//*[contains(@text,'ด้วยรหัสผ่าน')]</arg>
<doc>Click element identified by `locator`.</doc>
<status status="NOT RUN" start="2026-01-22T22:25:04.174478" elapsed="0.000025"/>
</kw>
<kw name="Input Text" owner="AppiumLibrary">
<arg>xpath=//android.view.View[@resource-id="__nuxt"]/android.view.View/android.view.View[2]/android.view.View[1]/android.widget.EditText</arg>
<arg>0957643007</arg>
<doc>Types the given `text` into text field identified by `locator`.</doc>
<status status="NOT RUN" start="2026-01-22T22:25:04.174571" elapsed="0.000014"/>
</kw>
<kw name="Input Text" owner="AppiumLibrary">
<arg>xpath=//android.widget.EditText[@resource-id="password"]</arg>
<arg>Test12345</arg>
<doc>Types the given `text` into text field identified by `locator`.</doc>
<status status="NOT RUN" start="2026-01-22T22:25:04.174643" elapsed="0.000012"/>
</kw>
<kw name="Click Element" owner="AppiumLibrary">
<arg>xpath=//*[contains(@text,'Login')]</arg>
<doc>Click element identified by `locator`.</doc>
<status status="NOT RUN" start="2026-01-22T22:25:04.174712" elapsed="0.000012"/>
</kw>
<status status="FAIL" start="2026-01-22T22:24:58.675860" elapsed="5.498984">Element 'xpath=//*[contains(@text,'เข้าสู่ระบบ')]' did not appear in 5 seconds</status>
</kw>
<status status="FAIL" start="2026-01-22T22:24:58.675301" elapsed="5.499744">Element 'xpath=//*[contains(@text,'เข้าสู่ระบบ')]' did not appear in 5 seconds</status>
</test>
<status status="FAIL" start="2026-01-22T22:24:39.800723" elapsed="24.374714"/>
</suite>
<statistics>
<total>
<stat pass="1" fail="1" skip="0">All Tests</stat>
</total>
<tag>
</tag>
<suite>
<stat name="Testapp" id="s1" pass="1" fail="1" skip="0">Testapp</stat>
</suite>
</statistics>
<errors>
</errors>
</robot>
